2018-12-01 19:42:50,154 INFO  DownloadService - Downloading "https://github.com/tvbarthel/IntentShare/archive/master.zip", attempt 3
2018-12-01 19:42:53,277 INFO  DownloadService - Downloaded https://github.com/tvbarthel/IntentShare/archive/master.zip, attempt 3
2018-12-01 19:42:53,277 INFO  DownloadService - Size of file "/var/folders/bq/vtzpc5ns5sg2cthy61lqpg3dfzgbys/T/1543668170147-0/master.zip": 5 MB
2018-12-01 19:42:53,277 INFO  ArchiveUtils - Checking entries [.gradle] in ZIP file...
2018-12-01 19:42:53,279 INFO  ArchiveUtils - Has entries [.gradle] in ZIP file /var/folders/bq/vtzpc5ns5sg2cthy61lqpg3dfzgbys/T/1543668170147-0/master.zip: true
2018-12-01 19:42:53,279 DEBUG ZipUtil - Extracting '/var/folders/bq/vtzpc5ns5sg2cthy61lqpg3dfzgbys/T/1543668170147-0/master.zip' into '/var/folders/bq/vtzpc5ns5sg2cthy61lqpg3dfzgbys/T/1543668170147-0/src'.
2018-12-01 19:42:53,359 INFO  FullProcessService - Size of directory with sources: 5 MB
2018-12-01 19:42:53,359 INFO  SysUtils - Execute command: [git, init, /var/folders/bq/vtzpc5ns5sg2cthy61lqpg3dfzgbys/T/1543668170147-0/src]
2018-12-01 19:42:53,377 INFO  SysUtils - Initialized empty Git repository in /private/var/folders/bq/vtzpc5ns5sg2cthy61lqpg3dfzgbys/T/1543668170147-0/src/.git/

2018-12-01 19:42:53,383 INFO  ProjectBuildService - Gradle wrapper(s): /var/folders/bq/vtzpc5ns5sg2cthy61lqpg3dfzgbys/T/1543668170147-0/src/IntentShare-master/gradlew
2018-12-01 19:42:53,389 INFO  ProjectBuildService - Build script(s): /var/folders/bq/vtzpc5ns5sg2cthy61lqpg3dfzgbys/T/1543668170147-0/src/IntentShare-master/glide-loader/build.gradle /var/folders/bq/vtzpc5ns5sg2cthy61lqpg3dfzgbys/T/1543668170147-0/src/IntentShare-master/library/build.gradle /var/folders/bq/vtzpc5ns5sg2cthy61lqpg3dfzgbys/T/1543668170147-0/src/IntentShare-master/picasso-loader/build.gradle /var/folders/bq/vtzpc5ns5sg2cthy61lqpg3dfzgbys/T/1543668170147-0/src/IntentShare-master/sample/build.gradle /var/folders/bq/vtzpc5ns5sg2cthy61lqpg3dfzgbys/T/1543668170147-0/src/IntentShare-master/build.gradle
2018-12-01 19:42:53,394 INFO  ProjectBuildService - All script(s): /var/folders/bq/vtzpc5ns5sg2cthy61lqpg3dfzgbys/T/1543668170147-0/src/IntentShare-master/glide-loader/build.gradle /var/folders/bq/vtzpc5ns5sg2cthy61lqpg3dfzgbys/T/1543668170147-0/src/IntentShare-master/config/quality.gradle /var/folders/bq/vtzpc5ns5sg2cthy61lqpg3dfzgbys/T/1543668170147-0/src/IntentShare-master/library/build.gradle /var/folders/bq/vtzpc5ns5sg2cthy61lqpg3dfzgbys/T/1543668170147-0/src/IntentShare-master/build.gradle /var/folders/bq/vtzpc5ns5sg2cthy61lqpg3dfzgbys/T/1543668170147-0/src/IntentShare-master/sample/build.gradle /var/folders/bq/vtzpc5ns5sg2cthy61lqpg3dfzgbys/T/1543668170147-0/src/IntentShare-master/settings.gradle /var/folders/bq/vtzpc5ns5sg2cthy61lqpg3dfzgbys/T/1543668170147-0/src/IntentShare-master/picasso-loader/build.gradle
2018-12-01 19:42:53,395 INFO  ProjectBuildService - Remote scripts: none
2018-12-01 19:42:53,395 INFO  ProjectFixService - Fixing project...
2018-12-01 19:42:53,406 INFO  LocalPropertiesFixService - Created fake /var/folders/bq/vtzpc5ns5sg2cthy61lqpg3dfzgbys/T/1543668170147-0/src/IntentShare-master/glide-loader/local.properties
2018-12-01 19:42:53,409 INFO  ProjectFixService - Build info for "/var/folders/bq/vtzpc5ns5sg2cthy61lqpg3dfzgbys/T/1543668170147-0/src/IntentShare-master/glide-loader/build.gradle": [buildToolsVersion=25.0.0,compileSdkVersion=25,minSdkVersion=14,targetSdkVersion=25]
2018-12-01 19:42:53,410 INFO  LocalPropertiesFixService - Created fake /var/folders/bq/vtzpc5ns5sg2cthy61lqpg3dfzgbys/T/1543668170147-0/src/IntentShare-master/library/local.properties
2018-12-01 19:42:53,413 INFO  ProjectFixService - Build info for "/var/folders/bq/vtzpc5ns5sg2cthy61lqpg3dfzgbys/T/1543668170147-0/src/IntentShare-master/library/build.gradle": [buildToolsVersion=25.0.0,compileSdkVersion=25,minSdkVersion=14,targetSdkVersion=25]
2018-12-01 19:42:53,413 INFO  LocalPropertiesFixService - Created fake /var/folders/bq/vtzpc5ns5sg2cthy61lqpg3dfzgbys/T/1543668170147-0/src/IntentShare-master/picasso-loader/local.properties
2018-12-01 19:42:53,418 INFO  ProjectFixService - Build info for "/var/folders/bq/vtzpc5ns5sg2cthy61lqpg3dfzgbys/T/1543668170147-0/src/IntentShare-master/picasso-loader/build.gradle": [buildToolsVersion=25.0.0,compileSdkVersion=25,minSdkVersion=14,targetSdkVersion=25]
2018-12-01 19:42:53,418 INFO  LocalPropertiesFixService - Created fake /var/folders/bq/vtzpc5ns5sg2cthy61lqpg3dfzgbys/T/1543668170147-0/src/IntentShare-master/sample/local.properties
2018-12-01 19:42:53,419 INFO  ProjectFixService - Build info for "/var/folders/bq/vtzpc5ns5sg2cthy61lqpg3dfzgbys/T/1543668170147-0/src/IntentShare-master/sample/build.gradle": [buildToolsVersion=25.0.0,compileSdkVersion=25,minSdkVersion=14,targetSdkVersion=25]
2018-12-01 19:42:53,419 INFO  LocalPropertiesFixService - Created fake /var/folders/bq/vtzpc5ns5sg2cthy61lqpg3dfzgbys/T/1543668170147-0/src/IntentShare-master/local.properties
2018-12-01 19:42:53,419 INFO  WrapperPropertiesFixService - Gradle wrapper: https://services.gradle.org/distributions/gradle-2.14.1-all.zip
2018-12-01 19:42:53,420 INFO  WrapperPropertiesFixService - Gradle wrapper was changed from "-all.zip" to "-bin.zip" (https://services.gradle.org/distributions/gradle-2.14.1-bin.zip)
2018-12-01 19:42:53,420 INFO  ProjectFixService - Build info for "/var/folders/bq/vtzpc5ns5sg2cthy61lqpg3dfzgbys/T/1543668170147-0/src/IntentShare-master/build.gradle": [buildToolsVersion=25.0.0,compileSdkVersion=25,minSdkVersion=14,targetSdkVersion=25]
2018-12-01 19:42:53,420 INFO  ProjectFixService - Project was maybe fixed
2018-12-01 19:42:53,420 INFO  ProjectTaskService - Detecting possible tasks...
2018-12-01 19:42:53,420 INFO  SysUtils - Execute command: [/var/folders/bq/vtzpc5ns5sg2cthy61lqpg3dfzgbys/T/1543668170147-0/src/IntentShare-master/gradlew, -b, /var/folders/bq/vtzpc5ns5sg2cthy61lqpg3dfzgbys/T/1543668170147-0/src/IntentShare-master/glide-loader/build.gradle, -Dorg.gradle.daemon=false, -Dorg.gradle.daemon.performance.enable-monitoring=false, -Dorg.gradle.configureondemand=true, tasks]
2018-12-01 19:43:04,625 ERROR ProjectTaskService - Could not detect possible Gradle tasks: Process exited with an error: 1 (Exit value: 1)
2018-12-01 19:43:04,625 INFO  ProjectTaskService - Detected possible tasks: 0
2018-12-01 19:43:04,625 INFO  ProjectTaskService - Excluded tasks (0): none
2018-12-01 19:43:04,625 INFO  SysUtils - Execute command: [/var/folders/bq/vtzpc5ns5sg2cthy61lqpg3dfzgbys/T/1543668170147-0/src/IntentShare-master/gradlew, -b, /var/folders/bq/vtzpc5ns5sg2cthy61lqpg3dfzgbys/T/1543668170147-0/src/IntentShare-master/glide-loader/build.gradle, -Dorg.gradle.daemon=false, -Dorg.gradle.daemon.performance.enable-monitoring=false, -Dorg.gradle.configureondemand=true, --stacktrace, build]
2018-12-01 19:43:32,865 ERROR SysUtils - Could not process external command
org.apache.commons.exec.ExecuteException: Process exited with an error: 1 (Exit value: 1)
	at org.apache.commons.exec.DefaultExecutor.executeInternal(DefaultExecutor.java:404)
	at org.apache.commons.exec.DefaultExecutor.execute(DefaultExecutor.java:166)
	at com.github.vbauer.apkmaster.util.SysUtils.execute(SysUtils.java:67)
	at com.github.vbauer.apkmaster.util.SysUtils.executeSimple(SysUtils.java:43)
	at com.github.vbauer.apkmaster.service.assembly.ProjectBuildService.buildProject(ProjectBuildService.java:78)
	at com.github.vbauer.apkmaster.service.assembly.ProjectBuildService.buildProject(ProjectBuildService.java:64)
	at com.github.vbauer.apkmaster.service.assembly.ProjectBuildService.buildProject(ProjectBuildService.java:43)
	at com.github.vbauer.apkmaster.service.FullProcessService.build(FullProcessService.java:84)
	at com.github.vbauer.apkmaster.service.FullProcessService.process(FullProcessService.java:34)
	at com.github.vbauer.apkmaster.app.MainApplication.process(MainApplication.java:38)
	at com.github.vbauer.apkmaster.app.MainApplication.main(MainApplication.java:20)
	at sun.reflect.GeneratedMethodAccessor8.invoke(Unknown Source)
	at sun.reflect.DelegatingMethodAccessorImpl.invoke(DelegatingMethodAccessorImpl.java:43)
	at java.lang.reflect.Method.invoke(Method.java:498)
	at com.android.arsenal.util.ReflectionUtils.invoke(ReflectionUtils.java:52)
	at com.android.arsenal.util.ApkMasterUtils.main(ApkMasterUtils.java:30)
	at com.android.arsenal.service.processor.impl.BuildProcessorServiceImpl.buildProject(BuildProcessorServiceImpl.java:196)
	at com.android.arsenal.service.processor.impl.BuildProcessorServiceImpl.build(BuildProcessorServiceImpl.java:130)
	at com.android.arsenal.service.processor.impl.BuildProcessorServiceImpl.lambda$createTasks$1(BuildProcessorServiceImpl.java:113)
	at java.util.concurrent.FutureTask.run(FutureTask.java:266)
	at java.util.concurrent.Executors$RunnableAdapter.call(Executors.java:511)
	at java.util.concurrent.FutureTask.run(FutureTask.java:266)
	at java.util.concurrent.ThreadPoolExecutor.runWorker(ThreadPoolExecutor.java:1149)
	at java.util.concurrent.ThreadPoolExecutor$Worker.run(ThreadPoolExecutor.java:624)
	at java.lang.Thread.run(Thread.java:748)
2018-12-01 19:43:32,865 INFO  SysUtils - Configuration on demand is an incubating feature.
Incremental java compilation is an incubating feature.
:glide-loader:preBuild UP-TO-DATE
:glide-loader:preDebugBuild UP-TO-DATE
:glide-loader:checkDebugManifest
:glide-loader:preDebugAndroidTestBuild UP-TO-DATE
:glide-loader:preDebugUnitTestBuild UP-TO-DATE
:glide-loader:preReleaseBuild UP-TO-DATE
:glide-loader:preReleaseUnitTestBuild UP-TO-DATE
:library:preBuild UP-TO-DATE
:library:preReleaseBuild UP-TO-DATE
:library:checkReleaseManifest
:library:preDebugAndroidTestBuild UP-TO-DATE
:library:preDebugBuild UP-TO-DATE
:library:preDebugUnitTestBuild UP-TO-DATE
:library:preReleaseUnitTestBuild UP-TO-DATE
:library:prepareComAndroidSupportAnimatedVectorDrawable2500Library
:library:prepareComAndroidSupportAppcompatV72500Library
:library:prepareComAndroidSupportRecyclerviewV72500Library
:library:prepareComAndroidSupportSupportCompat2500Library
:library:prepareComAndroidSupportSupportCoreUi2500Library
:library:prepareComAndroidSupportSupportCoreUtils2500Library
:library:prepareComAndroidSupportSupportFragment2500Library
:library:prepareComAndroidSupportSupportMediaCompat2500Library
:library:prepareComAndroidSupportSupportV42500Library
:library:prepareComAndroidSupportSupportVectorDrawable2500Library
:library:prepareReleaseDependencies
:library:compileReleaseAidl
:library:compileReleaseNdk UP-TO-DATE
:library:compileLint
:library:copyReleaseLint UP-TO-DATE
:library:compileReleaseRenderscript
:library:generateReleaseBuildConfig
:library:generateReleaseResValues
:library:generateReleaseResources
:library:mergeReleaseResources
:library:processReleaseManifest
:library:processReleaseResources
:library:generateReleaseSources
:library:incrementalReleaseJavaCompilationSafeguard
:library:compileReleaseJavaWithJavac
:library:compileReleaseJavaWithJavac - is not incremental (e.g. outputs have changed, no previous execution, etc.).
:library:extractReleaseAnnotations
:library:mergeReleaseShaders
:library:compileReleaseShaders
:library:generateReleaseAssets
:library:mergeReleaseAssets
:library:mergeReleaseProguardFiles
:library:packageReleaseRenderscript UP-TO-DATE
:library:packageReleaseResources
:library:processReleaseJavaRes UP-TO-DATE
:library:transformResourcesWithMergeJavaResForRelease
:library:transformClassesAndResourcesWithSyncLibJarsForRelease
:library:mergeReleaseJniLibFolders
:library:transformNative_libsWithMergeJniLibsForRelease
:library:transformNative_libsWithSyncJniLibsForRelease
:library:bundleRelease
:glide-loader:prepareComAndroidSupportAnimatedVectorDrawable2500Library
:glide-loader:prepareComAndroidSupportAppcompatV72500Library
:glide-loader:prepareComAndroidSupportRecyclerviewV72500Library
:glide-loader:prepareComAndroidSupportSupportCompat2500Library
:glide-loader:prepareComAndroidSupportSupportCoreUi2500Library
:glide-loader:prepareComAndroidSupportSupportCoreUtils2500Library
:glide-loader:prepareComAndroidSupportSupportFragment2500Library
:glide-loader:prepareComAndroidSupportSupportMediaCompat2500Library
:glide-loader:prepareComAndroidSupportSupportV42500Library
:glide-loader:prepareComAndroidSupportSupportVectorDrawable2500Library
:glide-loader:prepareFrTvbarthelIntentshareLibrary004Library
:glide-loader:prepareDebugDependencies
:glide-loader:compileDebugAidl
:glide-loader:compileDebugNdk UP-TO-DATE
:glide-loader:compileLint
:glide-loader:copyDebugLint UP-TO-DATE
:glide-loader:compileDebugRenderscript
:glide-loader:generateDebugBuildConfig
:glide-loader:generateDebugResValues
:glide-loader:generateDebugResources
:glide-loader:mergeDebugResources
:glide-loader:processDebugManifest
:glide-loader:processDebugResources
:glide-loader:generateDebugSources
:glide-loader:incrementalDebugJavaCompilationSafeguard
:glide-loader:compileDebugJavaWithJavac
:glide-loader:compileDebugJavaWithJavac - is not incremental (e.g. outputs have changed, no previous execution, etc.).
:glide-loader:extractDebugAnnotations
:glide-loader:mergeDebugShaders
:glide-loader:compileDebugShaders
:glide-loader:generateDebugAssets
:glide-loader:mergeDebugAssets
:glide-loader:mergeDebugProguardFiles
:glide-loader:packageDebugRenderscript UP-TO-DATE
:glide-loader:packageDebugResources
:glide-loader:processDebugJavaRes UP-TO-DATE
:glide-loader:transformResourcesWithMergeJavaResForDebug
:glide-loader:transformClassesAndResourcesWithSyncLibJarsForDebug
:glide-loader:mergeDebugJniLibFolders
:glide-loader:transformNative_libsWithMergeJniLibsForDebug
:glide-loader:transformNative_libsWithSyncJniLibsForDebug
:glide-loader:bundleDebug
:glide-loader:compileDebugSources
:glide-loader:assembleDebug
:glide-loader:checkReleaseManifest
:glide-loader:prepareReleaseDependencies
:glide-loader:compileReleaseAidl
:glide-loader:compileReleaseNdk UP-TO-DATE
:glide-loader:copyReleaseLint UP-TO-DATE
:glide-loader:compileReleaseRenderscript
:glide-loader:generateReleaseBuildConfig
:glide-loader:generateReleaseResValues
:glide-loader:generateReleaseResources
:glide-loader:mergeReleaseResources
:glide-loader:processReleaseManifest
:glide-loader:processReleaseResources
:glide-loader:generateReleaseSources
:glide-loader:incrementalReleaseJavaCompilationSafeguard
:glide-loader:compileReleaseJavaWithJavac
:glide-loader:compileReleaseJavaWithJavac - is not incremental (e.g. outputs have changed, no previous execution, etc.).
:glide-loader:extractReleaseAnnotations
:glide-loader:mergeReleaseShaders
:glide-loader:compileReleaseShaders
:glide-loader:generateReleaseAssets
:glide-loader:mergeReleaseAssets
:glide-loader:mergeReleaseProguardFiles
:glide-loader:packageReleaseRenderscript UP-TO-DATE
:glide-loader:packageReleaseResources
:glide-loader:processReleaseJavaRes UP-TO-DATE
:glide-loader:transformResourcesWithMergeJavaResForRelease
:glide-loader:transformClassesAndResourcesWithSyncLibJarsForRelease
:glide-loader:mergeReleaseJniLibFolders
:glide-loader:transformNative_libsWithMergeJniLibsForRelease
:glide-loader:transformNative_libsWithSyncJniLibsForRelease
:glide-loader:bundleRelease
:glide-loader:compileReleaseSources
:glide-loader:assembleRelease
:glide-loader:javadoc/private/var/folders/bq/vtzpc5ns5sg2cthy61lqpg3dfzgbys/T/1543668170147-0/src/IntentShare-master/glide-loader/src/main/java/fr/tvbarthel/intentshare/loader/glide/GlideIconLoader.java:7: error: package com.bumptech.glide does not exist
import com.bumptech.glide.Glide;
                         ^
/private/var/folders/bq/vtzpc5ns5sg2cthy61lqpg3dfzgbys/T/1543668170147-0/src/IntentShare-master/glide-loader/src/main/java/fr/tvbarthel/intentshare/loader/glide/GlideIconLoader.java:8: error: package com.bumptech.glide.load.engine does not exist
import com.bumptech.glide.load.engine.DiskCacheStrategy;
                                     ^
/private/var/folders/bq/vtzpc5ns5sg2cthy61lqpg3dfzgbys/T/1543668170147-0/src/IntentShare-master/glide-loader/src/main/java/fr/tvbarthel/intentshare/loader/glide/GlideIconLoader.java:10: error: cannot find symbol
import fr.tvbarthel.intentshare.IconLoader;
                               ^
  symbol:   class IconLoader
  location: package fr.tvbarthel.intentshare
/private/var/folders/bq/vtzpc5ns5sg2cthy61lqpg3dfzgbys/T/1543668170147-0/src/IntentShare-master/glide-loader/src/main/java/fr/tvbarthel/intentshare/loader/glide/GlideIconLoader.java:15: error: cannot find symbol
public class GlideIconLoader implements IconLoader {
                                        ^
  symbol: class IconLoader
/private/var/folders/bq/vtzpc5ns5sg2cthy61lqpg3dfzgbys/T/1543668170147-0/src/IntentShare-master/glide-loader/src/main/java/fr/tvbarthel/intentshare/loader/glide/GlideIconLoader.java:20: error: cannot find symbol
    public static final Creator<GlideIconLoader> CREATOR = new Creator<GlideIconLoader>() {
                        ^
  symbol:   class Creator
  location: class GlideIconLoader
/private/var/folders/bq/vtzpc5ns5sg2cthy61lqpg3dfzgbys/T/1543668170147-0/src/IntentShare-master/glide-loader/src/main/java/fr/tvbarthel/intentshare/loader/glide/GlideIconLoader.java:13: error: reference not found
 * {@link fr.tvbarthel.intentshare.IconLoader} based on {@link com.bumptech.glide.Glide}
          ^
/private/var/folders/bq/vtzpc5ns5sg2cthy61lqpg3dfzgbys/T/1543668170147-0/src/IntentShare-master/glide-loader/src/main/java/fr/tvbarthel/intentshare/loader/glide/GlideIconLoader.java:13: error: reference not found
 * {@link fr.tvbarthel.intentshare.IconLoader} based on {@link com.bumptech.glide.Glide}
                                                               ^
/private/var/folders/bq/vtzpc5ns5sg2cthy61lqpg3dfzgbys/T/1543668170147-0/src/IntentShare-master/glide-loader/src/main/java/fr/tvbarthel/intentshare/loader/glide/GlideIconLoader.java:33: error: reference not found
     * {@link fr.tvbarthel.intentshare.IconLoader} based on {@link com.bumptech.glide.Glide}
              ^
/private/var/folders/bq/vtzpc5ns5sg2cthy61lqpg3dfzgbys/T/1543668170147-0/src/IntentShare-master/glide-loader/src/main/java/fr/tvbarthel/intentshare/loader/glide/GlideIconLoader.java:33: error: reference not found
     * {@link fr.tvbarthel.intentshare.IconLoader} based on {@link com.bumptech.glide.Glide}
                                                                   ^
/private/var/folders/bq/vtzpc5ns5sg2cthy61lqpg3dfzgbys/T/1543668170147-0/src/IntentShare-master/glide-loader/src/main/java/fr/tvbarthel/intentshare/loader/glide/GlideIconLoader.java:39: error: reference not found
     * {@link fr.tvbarthel.intentshare.IconLoader} based on {@link com.bumptech.glide.Glide}
              ^
/private/var/folders/bq/vtzpc5ns5sg2cthy61lqpg3dfzgbys/T/1543668170147-0/src/IntentShare-master/glide-loader/src/main/java/fr/tvbarthel/intentshare/loader/glide/GlideIconLoader.java:39: error: reference not found
     * {@link fr.tvbarthel.intentshare.IconLoader} based on {@link com.bumptech.glide.Glide}
                                                                   ^

6 errors
5 warnings
:glide-loader:javadocJar
:glide-loader:sourcesJar
:glide-loader:assemble
:glide-loader:checkstyle
:glide-loader:findbugs
:glide-loader:lint FAILED

FAILURE: Build failed with an exception.

* What went wrong:
Execution failed for task ':glide-loader:lint'.
> No toolchains found in the NDK toolchains folder for ABI with prefix: mipsel-linux-android

* Try:
Run with --info or --debug option to get more log output.

* Exception is:
org.gradle.api.tasks.TaskExecutionException: Execution failed for task ':glide-loader:lint'.
	at org.gradle.api.internal.tasks.execution.ExecuteActionsTaskExecuter.executeActions(ExecuteActionsTaskExecuter.java:69)
	at org.gradle.api.internal.tasks.execution.ExecuteActionsTaskExecuter.execute(ExecuteActionsTaskExecuter.java:46)
	at org.gradle.api.internal.tasks.execution.PostExecutionAnalysisTaskExecuter.execute(PostExecutionAnalysisTaskExecuter.java:35)
	at org.gradle.api.internal.tasks.execution.SkipUpToDateTaskExecuter.execute(SkipUpToDateTaskExecuter.java:66)
	at org.gradle.api.internal.tasks.execution.ValidatingTaskExecuter.execute(ValidatingTaskExecuter.java:58)
	at org.gradle.api.internal.tasks.execution.SkipEmptySourceFilesTaskExecuter.execute(SkipEmptySourceFilesTaskExecuter.java:52)
	at org.gradle.api.internal.tasks.execution.SkipTaskWithNoActionsExecuter.execute(SkipTaskWithNoActionsExecuter.java:52)
	at org.gradle.api.internal.tasks.execution.SkipOnlyIfTaskExecuter.execute(SkipOnlyIfTaskExecuter.java:53)
	at org.gradle.api.internal.tasks.execution.ExecuteAtMostOnceTaskExecuter.execute(ExecuteAtMostOnceTaskExecuter.java:43)
	at org.gradle.execution.taskgraph.DefaultTaskGraphExecuter$EventFiringTaskWorker.execute(DefaultTaskGraphExecuter.java:203)
	at org.gradle.execution.taskgraph.DefaultTaskGraphExecuter$EventFiringTaskWorker.execute(DefaultTaskGraphExecuter.java:185)
	at org.gradle.execution.taskgraph.AbstractTaskPlanExecutor$TaskExecutorWorker.processTask(AbstractTaskPlanExecutor.java:66)
	at org.gradle.execution.taskgraph.AbstractTaskPlanExecutor$TaskExecutorWorker.run(AbstractTaskPlanExecutor.java:50)
	at org.gradle.execution.taskgraph.DefaultTaskPlanExecutor.process(DefaultTaskPlanExecutor.java:25)
	at org.gradle.execution.taskgraph.DefaultTaskGraphExecuter.execute(DefaultTaskGraphExecuter.java:110)
	at org.gradle.execution.SelectedTaskExecutionAction.execute(SelectedTaskExecutionAction.java:37)
	at org.gradle.execution.DefaultBuildExecuter.execute(DefaultBuildExecuter.java:37)
	at org.gradle.execution.DefaultBuildExecuter.access$000(DefaultBuildExecuter.java:23)
	at org.gradle.execution.DefaultBuildExecuter$1.proceed(DefaultBuildExecuter.java:43)
	at org.gradle.execution.DryRunBuildExecutionAction.execute(DryRunBuildExecutionAction.java:32)
	at org.gradle.execution.DefaultBuildExecuter.execute(DefaultBuildExecuter.java:37)
	at org.gradle.execution.DefaultBuildExecuter.execute(DefaultBuildExecuter.java:30)
	at org.gradle.initialization.DefaultGradleLauncher$4.run(DefaultGradleLauncher.java:153)
	at org.gradle.internal.Factories$1.create(Factories.java:22)
	at org.gradle.internal.progress.DefaultBuildOperationExecutor.run(DefaultBuildOperationExecutor.java:91)
	at org.gradle.internal.progress.DefaultBuildOperationExecutor.run(DefaultBuildOperationExecutor.java:53)
	at org.gradle.initialization.DefaultGradleLauncher.doBuildStages(DefaultGradleLauncher.java:150)
	at org.gradle.initialization.DefaultGradleLauncher.access$200(DefaultGradleLauncher.java:32)
	at org.gradle.initialization.DefaultGradleLauncher$1.create(DefaultGradleLauncher.java:98)
	at org.gradle.initialization.DefaultGradleLauncher$1.create(DefaultGradleLauncher.java:92)
	at org.gradle.internal.progress.DefaultBuildOperationExecutor.run(DefaultBuildOperationExecutor.java:91)
	at org.gradle.internal.progress.DefaultBuildOperationExecutor.run(DefaultBuildOperationExecutor.java:63)
	at org.gradle.initialization.DefaultGradleLauncher.doBuild(DefaultGradleLauncher.java:92)
	at org.gradle.initialization.DefaultGradleLauncher.run(DefaultGradleLauncher.java:83)
	at org.gradle.launcher.exec.InProcessBuildActionExecuter$DefaultBuildController.run(InProcessBuildActionExecuter.java:99)
	at org.gradle.tooling.internal.provider.ExecuteBuildActionRunner.run(ExecuteBuildActionRunner.java:28)
	at org.gradle.launcher.exec.ChainingBuildActionRunner.run(ChainingBuildActionRunner.java:35)
	at org.gradle.launcher.exec.InProcessBuildActionExecuter.execute(InProcessBuildActionExecuter.java:48)
	at org.gradle.launcher.exec.InProcessBuildActionExecuter.execute(InProcessBuildActionExecuter.java:30)
	at org.gradle.launcher.exec.ContinuousBuildActionExecuter.execute(ContinuousBuildActionExecuter.java:81)
	at org.gradle.launcher.exec.ContinuousBuildActionExecuter.execute(ContinuousBuildActionExecuter.java:46)
	at org.gradle.launcher.exec.DaemonUsageSuggestingBuildActionExecuter.execute(DaemonUsageSuggestingBuildActionExecuter.java:51)
	at org.gradle.launcher.exec.DaemonUsageSuggestingBuildActionExecuter.execute(DaemonUsageSuggestingBuildActionExecuter.java:28)
	at org.gradle.launcher.cli.RunBuildAction.run(RunBuildAction.java:43)
	at org.gradle.internal.Actions$RunnableActionAdapter.execute(Actions.java:173)
	at org.gradle.launcher.cli.CommandLineActionFactory$ParseAndBuildAction.execute(CommandLineActionFactory.java:239)
	at org.gradle.launcher.cli.CommandLineActionFactory$ParseAndBuildAction.execute(CommandLineActionFactory.java:212)
	at org.gradle.launcher.cli.JavaRuntimeValidationAction.execute(JavaRuntimeValidationAction.java:35)
	at org.gradle.launcher.cli.JavaRuntimeValidationAction.execute(JavaRuntimeValidationAction.java:24)
	at org.gradle.launcher.cli.ExceptionReportingAction.execute(ExceptionReportingAction.java:33)
	at org.gradle.launcher.cli.ExceptionReportingAction.execute(ExceptionReportingAction.java:22)
	at org.gradle.launcher.cli.CommandLineActionFactory$WithLogging.execute(CommandLineActionFactory.java:205)
	at org.gradle.launcher.cli.CommandLineActionFactory$WithLogging.execute(CommandLineActionFactory.java:169)
	at org.gradle.launcher.Main.doAction(Main.java:33)
	at org.gradle.launcher.bootstrap.EntryPoint.run(EntryPoint.java:45)
	at org.gradle.launcher.bootstrap.ProcessBootstrap.runNoExit(ProcessBootstrap.java:55)
	at org.gradle.launcher.bootstrap.ProcessBootstrap.run(ProcessBootstrap.java:36)
	at org.gradle.launcher.GradleMain.main(GradleMain.java:23)
	at org.gradle.wrapper.BootstrapMainStarter.start(BootstrapMainStarter.java:33)
	at org.gradle.wrapper.WrapperExecutor.execute(WrapperExecutor.java:130)
	at org.gradle.wrapper.GradleWrapperMain.main(GradleWrapperMain.java:48)
Caused by: java.lang.RuntimeException: No toolchains found in the NDK toolchains folder for ABI with prefix: mipsel-linux-android
	at com.android.build.gradle.internal.ndk.DefaultNdkInfo.getDefaultToolchainVersion(DefaultNdkInfo.java:330)
	at com.android.build.gradle.internal.ndk.DefaultNdkInfo.getToolchainPath(DefaultNdkInfo.java:207)
	at com.android.build.gradle.internal.ndk.DefaultNdkInfo.getCCompiler(DefaultNdkInfo.java:263)
	at com.android.build.gradle.internal.ndk.NdkHandler.getCCompiler(NdkHandler.java:306)
	at com.android.build.gradle.internal.model.ModelBuilder.createNativeToolchainModelMap(ModelBuilder.java:240)
	at com.android.build.gradle.internal.model.ModelBuilder.buildAll(ModelBuilder.java:175)
	at com.android.build.gradle.tasks.Lint.createAndroidProject(Lint.java:288)
	at com.android.build.gradle.tasks.Lint.lint(Lint.java:105)
	at org.gradle.internal.reflect.JavaMethod.invoke(JavaMethod.java:75)
	at org.gradle.api.internal.project.taskfactory.AnnotationProcessingTaskFactory$StandardTaskAction.doExecute(AnnotationProcessingTaskFactory.java:228)
	at org.gradle.api.internal.project.taskfactory.AnnotationProcessingTaskFactory$StandardTaskAction.execute(AnnotationProcessingTaskFactory.java:221)
	at org.gradle.api.internal.project.taskfactory.AnnotationProcessingTaskFactory$StandardTaskAction.execute(AnnotationProcessingTaskFactory.java:210)
	at org.gradle.api.internal.AbstractTask$TaskActionWrapper.execute(AbstractTask.java:621)
	at org.gradle.api.internal.AbstractTask$TaskActionWrapper.execute(AbstractTask.java:604)
	at org.gradle.api.internal.tasks.execution.ExecuteActionsTaskExecuter.executeAction(ExecuteActionsTaskExecuter.java:80)
	at org.gradle.api.internal.tasks.execution.ExecuteActionsTaskExecuter.executeActions(ExecuteActionsTaskExecuter.java:61)
	... 60 more


BUILD FAILED

Total time: 27.646 secs

2018-12-01 19:43:32,981 INFO  ProjectTaskService - Detecting possible tasks...
2018-12-01 19:43:32,981 INFO  SysUtils - Execute command: [/var/folders/bq/vtzpc5ns5sg2cthy61lqpg3dfzgbys/T/1543668170147-0/src/IntentShare-master/gradlew, -b, /var/folders/bq/vtzpc5ns5sg2cthy61lqpg3dfzgbys/T/1543668170147-0/src/IntentShare-master/library/build.gradle, -Dorg.gradle.daemon=false, -Dorg.gradle.daemon.performance.enable-monitoring=false, -Dorg.gradle.configureondemand=true, tasks]
2018-12-01 19:43:41,083 ERROR ProjectTaskService - Could not detect possible Gradle tasks: Process exited with an error: 1 (Exit value: 1)
2018-12-01 19:43:41,084 INFO  ProjectTaskService - Detected possible tasks: 0
2018-12-01 19:43:41,084 INFO  ProjectTaskService - Excluded tasks (0): none
2018-12-01 19:43:41,084 INFO  SysUtils - Execute command: [/var/folders/bq/vtzpc5ns5sg2cthy61lqpg3dfzgbys/T/1543668170147-0/src/IntentShare-master/gradlew, -b, /var/folders/bq/vtzpc5ns5sg2cthy61lqpg3dfzgbys/T/1543668170147-0/src/IntentShare-master/library/build.gradle, -Dorg.gradle.daemon=false, -Dorg.gradle.daemon.performance.enable-monitoring=false, -Dorg.gradle.configureondemand=true, --stacktrace, build]
2018-12-01 19:44:04,045 ERROR SysUtils - Could not process external command
org.apache.commons.exec.ExecuteException: Process exited with an error: 1 (Exit value: 1)
	at org.apache.commons.exec.DefaultExecutor.executeInternal(DefaultExecutor.java:404)
	at org.apache.commons.exec.DefaultExecutor.execute(DefaultExecutor.java:166)
	at com.github.vbauer.apkmaster.util.SysUtils.execute(SysUtils.java:67)
	at com.github.vbauer.apkmaster.util.SysUtils.executeSimple(SysUtils.java:43)
	at com.github.vbauer.apkmaster.service.assembly.ProjectBuildService.buildProject(ProjectBuildService.java:78)
	at com.github.vbauer.apkmaster.service.assembly.ProjectBuildService.buildProject(ProjectBuildService.java:64)
	at com.github.vbauer.apkmaster.service.assembly.ProjectBuildService.buildProject(ProjectBuildService.java:43)
	at com.github.vbauer.apkmaster.service.FullProcessService.build(FullProcessService.java:84)
	at com.github.vbauer.apkmaster.service.FullProcessService.process(FullProcessService.java:34)
	at com.github.vbauer.apkmaster.app.MainApplication.process(MainApplication.java:38)
	at com.github.vbauer.apkmaster.app.MainApplication.main(MainApplication.java:20)
	at sun.reflect.GeneratedMethodAccessor8.invoke(Unknown Source)
	at sun.reflect.DelegatingMethodAccessorImpl.invoke(DelegatingMethodAccessorImpl.java:43)
	at java.lang.reflect.Method.invoke(Method.java:498)
	at com.android.arsenal.util.ReflectionUtils.invoke(ReflectionUtils.java:52)
	at com.android.arsenal.util.ApkMasterUtils.main(ApkMasterUtils.java:30)
	at com.android.arsenal.service.processor.impl.BuildProcessorServiceImpl.buildProject(BuildProcessorServiceImpl.java:196)
	at com.android.arsenal.service.processor.impl.BuildProcessorServiceImpl.build(BuildProcessorServiceImpl.java:130)
	at com.android.arsenal.service.processor.impl.BuildProcessorServiceImpl.lambda$createTasks$1(BuildProcessorServiceImpl.java:113)
	at java.util.concurrent.FutureTask.run(FutureTask.java:266)
	at java.util.concurrent.Executors$RunnableAdapter.call(Executors.java:511)
	at java.util.concurrent.FutureTask.run(FutureTask.java:266)
	at java.util.concurrent.ThreadPoolExecutor.runWorker(ThreadPoolExecutor.java:1149)
	at java.util.concurrent.ThreadPoolExecutor$Worker.run(ThreadPoolExecutor.java:624)
	at java.lang.Thread.run(Thread.java:748)
2018-12-01 19:44:04,045 INFO  SysUtils - Configuration on demand is an incubating feature.
Incremental java compilation is an incubating feature.
:library:preBuild UP-TO-DATE
:library:preDebugBuild UP-TO-DATE
:library:checkDebugManifest
:library:preDebugAndroidTestBuild UP-TO-DATE
:library:preDebugUnitTestBuild UP-TO-DATE
:library:preReleaseBuild UP-TO-DATE
:library:preReleaseUnitTestBuild UP-TO-DATE
:library:prepareComAndroidSupportAnimatedVectorDrawable2500Library UP-TO-DATE
:library:prepareComAndroidSupportAppcompatV72500Library UP-TO-DATE
:library:prepareComAndroidSupportRecyclerviewV72500Library UP-TO-DATE
:library:prepareComAndroidSupportSupportCompat2500Library UP-TO-DATE
:library:prepareComAndroidSupportSupportCoreUi2500Library UP-TO-DATE
:library:prepareComAndroidSupportSupportCoreUtils2500Library UP-TO-DATE
:library:prepareComAndroidSupportSupportFragment2500Library UP-TO-DATE
:library:prepareComAndroidSupportSupportMediaCompat2500Library UP-TO-DATE
:library:prepareComAndroidSupportSupportV42500Library UP-TO-DATE
:library:prepareComAndroidSupportSupportVectorDrawable2500Library UP-TO-DATE
:library:prepareDebugDependencies
:library:compileDebugAidl
:library:compileDebugNdk UP-TO-DATE
:library:compileLint UP-TO-DATE
:library:copyDebugLint UP-TO-DATE
:library:compileDebugRenderscript
:library:generateDebugBuildConfig
:library:generateDebugResValues
:library:generateDebugResources
:library:mergeDebugResources
:library:processDebugManifest
:library:processDebugResources
:library:generateDebugSources
:library:incrementalDebugJavaCompilationSafeguard
:library:compileDebugJavaWithJavac
:library:compileDebugJavaWithJavac - is not incremental (e.g. outputs have changed, no previous execution, etc.).
:library:extractDebugAnnotations
:library:mergeDebugShaders
:library:compileDebugShaders
:library:generateDebugAssets
:library:mergeDebugAssets
:library:mergeDebugProguardFiles
:library:packageDebugRenderscript UP-TO-DATE
:library:packageDebugResources
:library:processDebugJavaRes UP-TO-DATE
:library:transformResourcesWithMergeJavaResForDebug
:library:transformClassesAndResourcesWithSyncLibJarsForDebug
:library:mergeDebugJniLibFolders
:library:transformNative_libsWithMergeJniLibsForDebug
:library:transformNative_libsWithSyncJniLibsForDebug
:library:bundleDebug
:library:compileDebugSources
:library:assembleDebug
:library:checkReleaseManifest
:library:prepareReleaseDependencies
:library:compileReleaseAidl UP-TO-DATE
:library:compileReleaseNdk UP-TO-DATE
:library:copyReleaseLint UP-TO-DATE
:library:compileReleaseRenderscript UP-TO-DATE
:library:generateReleaseBuildConfig UP-TO-DATE
:library:generateReleaseResValues UP-TO-DATE
:library:generateReleaseResources UP-TO-DATE
:library:mergeReleaseResources UP-TO-DATE
:library:processReleaseManifest UP-TO-DATE
:library:processReleaseResources UP-TO-DATE
:library:generateReleaseSources UP-TO-DATE
:library:incrementalReleaseJavaCompilationSafeguard UP-TO-DATE
:library:compileReleaseJavaWithJavac UP-TO-DATE
:library:extractReleaseAnnotations UP-TO-DATE
:library:mergeReleaseShaders UP-TO-DATE
:library:compileReleaseShaders UP-TO-DATE
:library:generateReleaseAssets UP-TO-DATE
:library:mergeReleaseAssets UP-TO-DATE
:library:mergeReleaseProguardFiles UP-TO-DATE
:library:packageReleaseRenderscript UP-TO-DATE
:library:packageReleaseResources UP-TO-DATE
:library:processReleaseJavaRes UP-TO-DATE
:library:transformResourcesWithMergeJavaResForRelease UP-TO-DATE
:library:transformClassesAndResourcesWithSyncLibJarsForRelease UP-TO-DATE
:library:mergeReleaseJniLibFolders UP-TO-DATE
:library:transformNative_libsWithMergeJniLibsForRelease UP-TO-DATE
:library:transformNative_libsWithSyncJniLibsForRelease UP-TO-DATE
:library:bundleRelease UP-TO-DATE
:library:compileReleaseSources UP-TO-DATE
:library:assembleRelease UP-TO-DATE
:library:javadoc/private/var/folders/bq/vtzpc5ns5sg2cthy61lqpg3dfzgbys/T/1543668170147-0/src/IntentShare-master/library/src/main/java/fr/tvbarthel/intentshare/TargetActivityView.java:5: error: package android.support.v4.content does not exist
import android.support.v4.content.ContextCompat;
                                 ^
/private/var/folders/bq/vtzpc5ns5sg2cthy61lqpg3dfzgbys/T/1543668170147-0/src/IntentShare-master/library/src/main/java/fr/tvbarthel/intentshare/LayoutManagerFactory.java:5: error: package android.support.v7.widget does not exist
import android.support.v7.widget.GridLayoutManager;
                                ^
/private/var/folders/bq/vtzpc5ns5sg2cthy61lqpg3dfzgbys/T/1543668170147-0/src/IntentShare-master/library/src/main/java/fr/tvbarthel/intentshare/LayoutManagerFactory.java:6: error: package android.support.v7.widget does not exist
import android.support.v7.widget.LinearLayoutManager;
                                ^
/private/var/folders/bq/vtzpc5ns5sg2cthy61lqpg3dfzgbys/T/1543668170147-0/src/IntentShare-master/library/src/main/java/fr/tvbarthel/intentshare/LayoutManagerFactory.java:7: error: package android.support.v7.widget does not exist
import android.support.v7.widget.RecyclerView;
                                ^
/private/var/folders/bq/vtzpc5ns5sg2cthy61lqpg3dfzgbys/T/1543668170147-0/src/IntentShare-master/library/src/main/java/fr/tvbarthel/intentshare/LayoutManagerFactory.java:30: error: package RecyclerView does not exist
    public static RecyclerView.LayoutManager buildLayoutManager(Context context) {
                              ^
/private/var/folders/bq/vtzpc5ns5sg2cthy61lqpg3dfzgbys/T/1543668170147-0/src/IntentShare-master/library/src/main/java/fr/tvbarthel/intentshare/LayoutManagerFactory.java:44: error: package GridLayoutManager does not exist
    private static final class MarshmallowSpanSizeLookup extends GridLayoutManager.SpanSizeLookup {
                                                                                  ^
/private/var/folders/bq/vtzpc5ns5sg2cthy61lqpg3dfzgbys/T/1543668170147-0/src/IntentShare-master/library/src/main/java/fr/tvbarthel/intentshare/TargetActivityAdapter.java:4: error: package android.support.v7.widget does not exist
import android.support.v7.widget.RecyclerView;
                                ^
/private/var/folders/bq/vtzpc5ns5sg2cthy61lqpg3dfzgbys/T/1543668170147-0/src/IntentShare-master/library/src/main/java/fr/tvbarthel/intentshare/TargetActivityAdapter.java:12: error: package RecyclerView does not exist
class TargetActivityAdapter extends RecyclerView.Adapter<TargetActivityAdapter.ViewHolder> {
                                                ^
/private/var/folders/bq/vtzpc5ns5sg2cthy61lqpg3dfzgbys/T/1543668170147-0/src/IntentShare-master/library/src/main/java/fr/tvbarthel/intentshare/TargetActivityAdapter.java:159: error: package RecyclerView does not exist
    public class ViewHolder extends RecyclerView.ViewHolder {
                                                ^
/private/var/folders/bq/vtzpc5ns5sg2cthy61lqpg3dfzgbys/T/1543668170147-0/src/IntentShare-master/library/src/main/java/fr/tvbarthel/intentshare/TargetActivityHeaderView.java:5: error: package android.support.v4.content does not exist
import android.support.v4.content.ContextCompat;
                                 ^
/private/var/folders/bq/vtzpc5ns5sg2cthy61lqpg3dfzgbys/T/1543668170147-0/src/IntentShare-master/library/src/main/java/fr/tvbarthel/intentshare/BottomRecyclerView.java:4: error: package android.support.v7.widget does not exist
import android.support.v7.widget.RecyclerView;
                                ^
/private/var/folders/bq/vtzpc5ns5sg2cthy61lqpg3dfzgbys/T/1543668170147-0/src/IntentShare-master/library/src/main/java/fr/tvbarthel/intentshare/BottomRecyclerView.java:12: error: cannot find symbol
class BottomRecyclerView extends RecyclerView {
                                 ^
  symbol: class RecyclerView
/private/var/folders/bq/vtzpc5ns5sg2cthy61lqpg3dfzgbys/T/1543668170147-0/src/IntentShare-master/library/src/main/java/fr/tvbarthel/intentshare/IntentShareListener.java:7: error: package android.support.v4.content does not exist
import android.support.v4.content.LocalBroadcastManager;
                                 ^
/private/var/folders/bq/vtzpc5ns5sg2cthy61lqpg3dfzgbys/T/1543668170147-0/src/IntentShare-master/library/src/main/java/fr/tvbarthel/intentshare/TargetChooserActivity.java:10: error: package android.support.annotation does not exist
import android.support.annotation.NonNull;
                                 ^
/private/var/folders/bq/vtzpc5ns5sg2cthy61lqpg3dfzgbys/T/1543668170147-0/src/IntentShare-master/library/src/main/java/fr/tvbarthel/intentshare/TargetChooserActivity.java:11: error: package android.support.v7.app does not exist
import android.support.v7.app.AppCompatActivity;
                             ^
/private/var/folders/bq/vtzpc5ns5sg2cthy61lqpg3dfzgbys/T/1543668170147-0/src/IntentShare-master/library/src/main/java/fr/tvbarthel/intentshare/TargetChooserActivity.java:12: error: package android.support.v7.widget does not exist
import android.support.v7.widget.RecyclerView;
                                ^
/private/var/folders/bq/vtzpc5ns5sg2cthy61lqpg3dfzgbys/T/1543668170147-0/src/IntentShare-master/library/src/main/java/fr/tvbarthel/intentshare/TargetChooserActivity.java:25: error: cannot find symbol
public class TargetChooserActivity extends AppCompatActivity
                                           ^
  symbol: class AppCompatActivity
/private/var/folders/bq/vtzpc5ns5sg2cthy61lqpg3dfzgbys/T/1543668170147-0/src/IntentShare-master/library/src/main/java/fr/tvbarthel/intentshare/TargetActivityManager.java:12: error: package android.support.annotation does not exist
import android.support.annotation.NonNull;
                                 ^
/private/var/folders/bq/vtzpc5ns5sg2cthy61lqpg3dfzgbys/T/1543668170147-0/src/IntentShare-master/library/src/main/java/fr/tvbarthel/intentshare/TargetChooserActivity.java:41: error: cannot find symbol
    private RecyclerView recyclerView;
            ^
  symbol:   class RecyclerView
  location: class TargetChooserActivity
/private/var/folders/bq/vtzpc5ns5sg2cthy61lqpg3dfzgbys/T/1543668170147-0/src/IntentShare-master/library/src/main/java/fr/tvbarthel/intentshare/IntentShare.java:7: error: package android.support.annotation does not exist
import android.support.annotation.NonNull;
                                 ^
/private/var/folders/bq/vtzpc5ns5sg2cthy61lqpg3dfzgbys/T/1543668170147-0/src/IntentShare-master/library/src/main/java/fr/tvbarthel/intentshare/TargetChooserActivity.java:226: error: cannot find symbol
    public void onTargetActivitiesResolved(@NonNull ArrayList<TargetActivity> targetActivities) {
                                            ^
  symbol:   class NonNull
  location: class TargetChooserActivity
/private/var/folders/bq/vtzpc5ns5sg2cthy61lqpg3dfzgbys/T/1543668170147-0/src/IntentShare-master/library/src/main/java/fr/tvbarthel/intentshare/TargetChooserActivity.java:232: error: cannot find symbol
    public void onTargetActivitySelected(@NonNull TargetActivity targetActivity) {
                                          ^
  symbol:   class NonNull
  location: class TargetChooserActivity
/private/var/folders/bq/vtzpc5ns5sg2cthy61lqpg3dfzgbys/T/1543668170147-0/src/IntentShare-master/library/src/main/java/fr/tvbarthel/intentshare/TargetActivityManager.java:230: error: cannot find symbol
        void onTargetActivitiesResolved(@NonNull ArrayList<TargetActivity> targetActivities);
                                         ^
  symbol:   class NonNull
  location: interface ResolveListener
/private/var/folders/bq/vtzpc5ns5sg2cthy61lqpg3dfzgbys/T/1543668170147-0/src/IntentShare-master/library/src/main/java/fr/tvbarthel/intentshare/TargetActivityManager.java:237: error: cannot find symbol
        void onLabelResolved(@NonNull TargetActivity targetActivity);
                              ^
  symbol:   class NonNull
  location: interface ResolveListener
/private/var/folders/bq/vtzpc5ns5sg2cthy61lqpg3dfzgbys/T/1543668170147-0/src/IntentShare-master/library/src/main/java/fr/tvbarthel/intentshare/IntentShare.java:153: error: cannot find symbol
    public static IntentShare with(@NonNull Context context) {
                                    ^
  symbol:   class NonNull
  location: class IntentShare
/private/var/folders/bq/vtzpc5ns5sg2cthy61lqpg3dfzgbys/T/1543668170147-0/src/IntentShare-master/library/src/main/java/fr/tvbarthel/intentshare/IntentShare.java:152: error: cannot find symbol
    @NonNull
     ^
  symbol:   class NonNull
  location: class IntentShare
/private/var/folders/bq/vtzpc5ns5sg2cthy61lqpg3dfzgbys/T/1543668170147-0/src/IntentShare-master/library/src/main/java/fr/tvbarthel/intentshare/IntentShare.java:165: error: cannot find symbol
    public IntentShare chooserTitle(@NonNull String title) {
                                     ^
  symbol:   class NonNull
  location: class IntentShare
/private/var/folders/bq/vtzpc5ns5sg2cthy61lqpg3dfzgbys/T/1543668170147-0/src/IntentShare-master/library/src/main/java/fr/tvbarthel/intentshare/IntentShare.java:176: error: cannot find symbol
    public IntentShare iconLoader(@NonNull IconLoader iconLoader) {
                                   ^
  symbol:   class NonNull
  location: class IntentShare
/private/var/folders/bq/vtzpc5ns5sg2cthy61lqpg3dfzgbys/T/1543668170147-0/src/IntentShare-master/library/src/main/java/fr/tvbarthel/intentshare/IntentShare.java:193: error: cannot find symbol
    public IntentShare comparatorProvider(@NonNull TargetActivityComparatorProvider comparatorProvider) {
                                           ^
  symbol:   class NonNull
  location: class IntentShare
/private/var/folders/bq/vtzpc5ns5sg2cthy61lqpg3dfzgbys/T/1543668170147-0/src/IntentShare-master/library/src/main/java/fr/tvbarthel/intentshare/IntentShare.java:210: error: cannot find symbol
    public IntentShare text(@NonNull String text) {
                             ^
  symbol:   class NonNull
  location: class IntentShare
/private/var/folders/bq/vtzpc5ns5sg2cthy61lqpg3dfzgbys/T/1543668170147-0/src/IntentShare-master/library/src/main/java/fr/tvbarthel/intentshare/IntentShare.java:209: error: cannot find symbol
    @NonNull
     ^
  symbol:   class NonNull
  location: class IntentShare
/private/var/folders/bq/vtzpc5ns5sg2cthy61lqpg3dfzgbys/T/1543668170147-0/src/IntentShare-master/library/src/main/java/fr/tvbarthel/intentshare/IntentShare.java:223: error: cannot find symbol
    public IntentShare image(@NonNull Uri imageUri) {
                              ^
  symbol:   class NonNull
  location: class IntentShare
/private/var/folders/bq/vtzpc5ns5sg2cthy61lqpg3dfzgbys/T/1543668170147-0/src/IntentShare-master/library/src/main/java/fr/tvbarthel/intentshare/IntentShare.java:222: error: cannot find symbol
    @NonNull
     ^
  symbol:   class NonNull
  location: class IntentShare
/private/var/folders/bq/vtzpc5ns5sg2cthy61lqpg3dfzgbys/T/1543668170147-0/src/IntentShare-master/library/src/main/java/fr/tvbarthel/intentshare/IntentShare.java:247: error: cannot find symbol
    public IntentShare mailBody(@NonNull String mailBody) {
                                 ^
  symbol:   class NonNull
  location: class IntentShare
/private/var/folders/bq/vtzpc5ns5sg2cthy61lqpg3dfzgbys/T/1543668170147-0/src/IntentShare-master/library/src/main/java/fr/tvbarthel/intentshare/IntentShare.java:246: error: cannot find symbol
    @NonNull
     ^
  symbol:   class NonNull
  location: class IntentShare
/private/var/folders/bq/vtzpc5ns5sg2cthy61lqpg3dfzgbys/T/1543668170147-0/src/IntentShare-master/library/src/main/java/fr/tvbarthel/intentshare/IntentShare.java:262: error: cannot find symbol
    public IntentShare mailSubject(@NonNull String mailSubject) {
                                    ^
  symbol:   class NonNull
  location: class IntentShare
/private/var/folders/bq/vtzpc5ns5sg2cthy61lqpg3dfzgbys/T/1543668170147-0/src/IntentShare-master/library/src/main/java/fr/tvbarthel/intentshare/IntentShare.java:261: error: cannot find symbol
    @NonNull
     ^
  symbol:   class NonNull
  location: class IntentShare
/private/var/folders/bq/vtzpc5ns5sg2cthy61lqpg3dfzgbys/T/1543668170147-0/src/IntentShare-master/library/src/main/java/fr/tvbarthel/intentshare/IntentShare.java:277: error: cannot find symbol
    public IntentShare facebookBody(@NonNull Uri link) {
                                     ^
  symbol:   class NonNull
  location: class IntentShare
/private/var/folders/bq/vtzpc5ns5sg2cthy61lqpg3dfzgbys/T/1543668170147-0/src/IntentShare-master/library/src/main/java/fr/tvbarthel/intentshare/IntentShare.java:276: error: cannot find symbol
    @NonNull
     ^
  symbol:   class NonNull
  location: class IntentShare
/private/var/folders/bq/vtzpc5ns5sg2cthy61lqpg3dfzgbys/T/1543668170147-0/src/IntentShare-master/library/src/main/java/fr/tvbarthel/intentshare/IntentShare.java:311: error: cannot find symbol
    public IntentShare twitterBody(@NonNull String tweet) {
                                    ^
  symbol:   class NonNull
  location: class IntentShare
/private/var/folders/bq/vtzpc5ns5sg2cthy61lqpg3dfzgbys/T/1543668170147-0/src/IntentShare-master/library/src/main/java/fr/tvbarthel/intentshare/IntentShare.java:310: error: cannot find symbol
    @NonNull
     ^
  symbol:   class NonNull
  location: class IntentShare
/private/var/folders/bq/vtzpc5ns5sg2cthy61lqpg3dfzgbys/T/1543668170147-0/src/IntentShare-master/library/src/main/java/fr/tvbarthel/intentshare/IntentShare.java:332: error: cannot find symbol
    public IntentShare listener(@NonNull IntentShareListener listener) {
                                 ^
  symbol:   class NonNull
  location: class IntentShare
/private/var/folders/bq/vtzpc5ns5sg2cthy61lqpg3dfzgbys/T/1543668170147-0/src/IntentShare-master/library/src/main/java/fr/tvbarthel/intentshare/IntentShare.java:343: error: cannot find symbol
    public IntentShare addExtraProvider(@NonNull ExtraProvider extraProvider) {
                                         ^
  symbol:   class NonNull
  location: class IntentShare
/private/var/folders/bq/vtzpc5ns5sg2cthy61lqpg3dfzgbys/T/1543668170147-0/src/IntentShare-master/library/src/main/java/fr/tvbarthel/intentshare/TargetActivityManager.java:258: error: cannot find symbol
                @NonNull Context context,
                 ^
  symbol:   class NonNull
  location: class AsyncLabelLoader
/private/var/folders/bq/vtzpc5ns5sg2cthy61lqpg3dfzgbys/T/1543668170147-0/src/IntentShare-master/library/src/main/java/fr/tvbarthel/intentshare/TargetActivityManager.java:259: error: cannot find symbol
                @NonNull TargetActivity targetActivity,
                 ^
  symbol:   class NonNull
  location: class AsyncLabelLoader
/private/var/folders/bq/vtzpc5ns5sg2cthy61lqpg3dfzgbys/T/1543668170147-0/src/IntentShare-master/library/src/main/java/fr/tvbarthel/intentshare/TargetActivityManager.java:260: error: cannot find symbol
                @NonNull ResolveListener listener) {
                 ^
  symbol:   class NonNull
  location: class AsyncLabelLoader
/private/var/folders/bq/vtzpc5ns5sg2cthy61lqpg3dfzgbys/T/1543668170147-0/src/IntentShare-master/library/src/main/java/fr/tvbarthel/intentshare/IconLoader.java:15: error: self-closing element not allowed
     * <p/>
       ^
/private/var/folders/bq/vtzpc5ns5sg2cthy61lqpg3dfzgbys/T/1543668170147-0/src/IntentShare-master/library/src/main/java/fr/tvbarthel/intentshare/IconLoader.java:26: error: self-closing element not allowed
     * <p/>
       ^
/private/var/folders/bq/vtzpc5ns5sg2cthy61lqpg3dfzgbys/T/1543668170147-0/src/IntentShare-master/library/src/main/java/fr/tvbarthel/intentshare/IntentShare.java:159: error: self-closing element not allowed
     * <p/>
       ^
/private/var/folders/bq/vtzpc5ns5sg2cthy61lqpg3dfzgbys/T/1543668170147-0/src/IntentShare-master/library/src/main/java/fr/tvbarthel/intentshare/IntentShare.java:184: error: self-closing element not allowed
     * <p/>
       ^
/private/var/folders/bq/vtzpc5ns5sg2cthy61lqpg3dfzgbys/T/1543668170147-0/src/IntentShare-master/library/src/main/java/fr/tvbarthel/intentshare/IntentShare.java:203: error: self-closing element not allowed
     * <p/>
       ^
/private/var/folders/bq/vtzpc5ns5sg2cthy61lqpg3dfzgbys/T/1543668170147-0/src/IntentShare-master/library/src/main/java/fr/tvbarthel/intentshare/IntentShare.java:240: error: self-closing element not allowed
     * <p/>
       ^
/private/var/folders/bq/vtzpc5ns5sg2cthy61lqpg3dfzgbys/T/1543668170147-0/src/IntentShare-master/library/src/main/java/fr/tvbarthel/intentshare/IntentShare.java:255: error: self-closing element not allowed
     * <p/>
       ^
/private/var/folders/bq/vtzpc5ns5sg2cthy61lqpg3dfzgbys/T/1543668170147-0/src/IntentShare-master/library/src/main/java/fr/tvbarthel/intentshare/IntentShare.java:270: error: self-closing element not allowed
     * <p/>
       ^
/private/var/folders/bq/vtzpc5ns5sg2cthy61lqpg3dfzgbys/T/1543668170147-0/src/IntentShare-master/library/src/main/java/fr/tvbarthel/intentshare/IntentShare.java:298: error: self-closing element not allowed
     * <p/>
       ^
/private/var/folders/bq/vtzpc5ns5sg2cthy61lqpg3dfzgbys/T/1543668170147-0/src/IntentShare-master/library/src/main/java/fr/tvbarthel/intentshare/IntentShare.java:326: error: self-closing element not allowed
     * <p/>
       ^
/private/var/folders/bq/vtzpc5ns5sg2cthy61lqpg3dfzgbys/T/1543668170147-0/src/IntentShare-master/library/src/main/java/fr/tvbarthel/intentshare/IntentShare.java:356: error: self-closing element not allowed
     * <p/>
       ^
javadoc: warning - Class NonNull not found.
javadoc: warning - Class NonNull not found.
javadoc: warning - Class NonNull not found.
javadoc: warning - Class NonNull not found.
javadoc: warning - Class NonNull not found.
javadoc: warning - Class NonNull not found.
javadoc: warning - Class NonNull not found.
javadoc: warning - Class NonNull not found.
javadoc: warning - Class NonNull not found.
javadoc: warning - Class NonNull not found.
javadoc: warning - Class NonNull not found.
javadoc: warning - Class NonNull not found.
javadoc: warning - Class NonNull not found.
javadoc: warning - Class NonNull not found.
javadoc: warning - Class NonNull not found.
javadoc: warning - Class NonNull not found.
javadoc: warning - Class NonNull not found.
javadoc: warning - Class NonNull not found.
javadoc: warning - Class NonNull not found.
javadoc: warning - Class NonNull not found.
javadoc: warning - Class NonNull not found.
javadoc: warning - Class NonNull not found.
javadoc: warning - Class NonNull not found.
javadoc: warning - Class NonNull not found.
javadoc: warning - Class NonNull not found.
javadoc: warning - Class NonNull not found.
javadoc: warning - Class NonNull not found.
javadoc: warning - Class NonNull not found.
javadoc: warning - Class NonNull not found.
javadoc: warning - Class NonNull not found.
javadoc: warning - Class NonNull not found.
javadoc: warning - Class NonNull not found.
javadoc: warning - Class NonNull not found.
javadoc: warning - Class NonNull not found.
javadoc: warning - Class NonNull not found.
javadoc: warning - Class NonNull not found.
javadoc: warning - Class NonNull not found.
javadoc: warning - Class NonNull not found.
javadoc: warning - Class NonNull not found.
javadoc: warning - Class NonNull not found.
/private/var/folders/bq/vtzpc5ns5sg2cthy61lqpg3dfzgbys/T/1543668170147-0/src/IntentShare-master/library/src/main/java/fr/tvbarthel/intentshare/IntentShare.java:445: error: self-closing element not allowed
         * <p/>
           ^
/private/var/folders/bq/vtzpc5ns5sg2cthy61lqpg3dfzgbys/T/1543668170147-0/src/IntentShare-master/library/src/main/java/fr/tvbarthel/intentshare/IntentShare.java:447: error: self-closing element not allowed
         * <p/>
           ^
/private/var/folders/bq/vtzpc5ns5sg2cthy61lqpg3dfzgbys/T/1543668170147-0/src/IntentShare-master/library/src/main/java/fr/tvbarthel/intentshare/IntentShare.java:423: error: self-closing element not allowed
         * <p/>
           ^
/private/var/folders/bq/vtzpc5ns5sg2cthy61lqpg3dfzgbys/T/1543668170147-0/src/IntentShare-master/library/src/main/java/fr/tvbarthel/intentshare/IntentShare.java:425: error: self-closing element not allowed
         * <p/>
           ^
/private/var/folders/bq/vtzpc5ns5sg2cthy61lqpg3dfzgbys/T/1543668170147-0/src/IntentShare-master/library/src/main/java/fr/tvbarthel/intentshare/TargetActivity.java:118: error: self-closing element not allowed
     * <p/>
       ^
/private/var/folders/bq/vtzpc5ns5sg2cthy61lqpg3dfzgbys/T/1543668170147-0/src/IntentShare-master/library/src/main/java/fr/tvbarthel/intentshare/TargetActivity.java:167: error: self-closing element not allowed
     * <p/>
       ^
/private/var/folders/bq/vtzpc5ns5sg2cthy61lqpg3dfzgbys/T/1543668170147-0/src/IntentShare-master/library/src/main/java/fr/tvbarthel/intentshare/TargetActivity.java:192: error: self-closing element not allowed
         * <p/>
           ^
/private/var/folders/bq/vtzpc5ns5sg2cthy61lqpg3dfzgbys/T/1543668170147-0/src/IntentShare-master/library/src/main/java/fr/tvbarthel/intentshare/TargetActivity.java:204: error: self-closing element not allowed
         * <p/>
           ^
/private/var/folders/bq/vtzpc5ns5sg2cthy61lqpg3dfzgbys/T/1543668170147-0/src/IntentShare-master/library/src/main/java/fr/tvbarthel/intentshare/TargetActivityManager.java:223: error: self-closing element not allowed
         * <p/>
           ^
javadoc: warning - Class NonNull not found.
javadoc: warning - Class NonNull not found.
javadoc: warning - Class NonNull not found.
javadoc: warning - Class NonNull not found.
javadoc: warning - Class NonNull not found.
javadoc: warning - Class NonNull not found.
javadoc: warning - Class NonNull not found.
javadoc: warning - Class NonNull not found.
javadoc: warning - Class NonNull not found.
javadoc: warning - Class NonNull not found.
javadoc: warning - Class NonNull not found.
javadoc: warning - Class NonNull not found.
javadoc: warning - Class NonNull not found.
javadoc: warning - Class NonNull not found.

20 errors
100 warnings
:library:javadocJar
:library:sourcesJar
:library:assemble
:library:checkstyle
:library:findbugs
:library:lint FAILED

FAILURE: Build failed with an exception.

* What went wrong:
Execution failed for task ':library:lint'.
> No toolchains found in the NDK toolchains folder for ABI with prefix: mipsel-linux-android

* Try:
Run with --info or --debug option to get more log output.

* Exception is:
org.gradle.api.tasks.TaskExecutionException: Execution failed for task ':library:lint'.
	at org.gradle.api.internal.tasks.execution.ExecuteActionsTaskExecuter.executeActions(ExecuteActionsTaskExecuter.java:69)
	at org.gradle.api.internal.tasks.execution.ExecuteActionsTaskExecuter.execute(ExecuteActionsTaskExecuter.java:46)
	at org.gradle.api.internal.tasks.execution.PostExecutionAnalysisTaskExecuter.execute(PostExecutionAnalysisTaskExecuter.java:35)
	at org.gradle.api.internal.tasks.execution.SkipUpToDateTaskExecuter.execute(SkipUpToDateTaskExecuter.java:66)
	at org.gradle.api.internal.tasks.execution.ValidatingTaskExecuter.execute(ValidatingTaskExecuter.java:58)
	at org.gradle.api.internal.tasks.execution.SkipEmptySourceFilesTaskExecuter.execute(SkipEmptySourceFilesTaskExecuter.java:52)
	at org.gradle.api.internal.tasks.execution.SkipTaskWithNoActionsExecuter.execute(SkipTaskWithNoActionsExecuter.java:52)
	at org.gradle.api.internal.tasks.execution.SkipOnlyIfTaskExecuter.execute(SkipOnlyIfTaskExecuter.java:53)
	at org.gradle.api.internal.tasks.execution.ExecuteAtMostOnceTaskExecuter.execute(ExecuteAtMostOnceTaskExecuter.java:43)
	at org.gradle.execution.taskgraph.DefaultTaskGraphExecuter$EventFiringTaskWorker.execute(DefaultTaskGraphExecuter.java:203)
	at org.gradle.execution.taskgraph.DefaultTaskGraphExecuter$EventFiringTaskWorker.execute(DefaultTaskGraphExecuter.java:185)
	at org.gradle.execution.taskgraph.AbstractTaskPlanExecutor$TaskExecutorWorker.processTask(AbstractTaskPlanExecutor.java:66)
	at org.gradle.execution.taskgraph.AbstractTaskPlanExecutor$TaskExecutorWorker.run(AbstractTaskPlanExecutor.java:50)
	at org.gradle.execution.taskgraph.DefaultTaskPlanExecutor.process(DefaultTaskPlanExecutor.java:25)
	at org.gradle.execution.taskgraph.DefaultTaskGraphExecuter.execute(DefaultTaskGraphExecuter.java:110)
	at org.gradle.execution.SelectedTaskExecutionAction.execute(SelectedTaskExecutionAction.java:37)
	at org.gradle.execution.DefaultBuildExecuter.execute(DefaultBuildExecuter.java:37)
	at org.gradle.execution.DefaultBuildExecuter.access$000(DefaultBuildExecuter.java:23)
	at org.gradle.execution.DefaultBuildExecuter$1.proceed(DefaultBuildExecuter.java:43)
	at org.gradle.execution.DryRunBuildExecutionAction.execute(DryRunBuildExecutionAction.java:32)
	at org.gradle.execution.DefaultBuildExecuter.execute(DefaultBuildExecuter.java:37)
	at org.gradle.execution.DefaultBuildExecuter.execute(DefaultBuildExecuter.java:30)
	at org.gradle.initialization.DefaultGradleLauncher$4.run(DefaultGradleLauncher.java:153)
	at org.gradle.internal.Factories$1.create(Factories.java:22)
	at org.gradle.internal.progress.DefaultBuildOperationExecutor.run(DefaultBuildOperationExecutor.java:91)
	at org.gradle.internal.progress.DefaultBuildOperationExecutor.run(DefaultBuildOperationExecutor.java:53)
	at org.gradle.initialization.DefaultGradleLauncher.doBuildStages(DefaultGradleLauncher.java:150)
	at org.gradle.initialization.DefaultGradleLauncher.access$200(DefaultGradleLauncher.java:32)
	at org.gradle.initialization.DefaultGradleLauncher$1.create(DefaultGradleLauncher.java:98)
	at org.gradle.initialization.DefaultGradleLauncher$1.create(DefaultGradleLauncher.java:92)
	at org.gradle.internal.progress.DefaultBuildOperationExecutor.run(DefaultBuildOperationExecutor.java:91)
	at org.gradle.internal.progress.DefaultBuildOperationExecutor.run(DefaultBuildOperationExecutor.java:63)
	at org.gradle.initialization.DefaultGradleLauncher.doBuild(DefaultGradleLauncher.java:92)
	at org.gradle.initialization.DefaultGradleLauncher.run(DefaultGradleLauncher.java:83)
	at org.gradle.launcher.exec.InProcessBuildActionExecuter$DefaultBuildController.run(InProcessBuildActionExecuter.java:99)
	at org.gradle.tooling.internal.provider.ExecuteBuildActionRunner.run(ExecuteBuildActionRunner.java:28)
	at org.gradle.launcher.exec.ChainingBuildActionRunner.run(ChainingBuildActionRunner.java:35)
	at org.gradle.launcher.exec.InProcessBuildActionExecuter.execute(InProcessBuildActionExecuter.java:48)
	at org.gradle.launcher.exec.InProcessBuildActionExecuter.execute(InProcessBuildActionExecuter.java:30)
	at org.gradle.launcher.exec.ContinuousBuildActionExecuter.execute(ContinuousBuildActionExecuter.java:81)
	at org.gradle.launcher.exec.ContinuousBuildActionExecuter.execute(ContinuousBuildActionExecuter.java:46)
	at org.gradle.launcher.exec.DaemonUsageSuggestingBuildActionExecuter.execute(DaemonUsageSuggestingBuildActionExecuter.java:51)
	at org.gradle.launcher.exec.DaemonUsageSuggestingBuildActionExecuter.execute(DaemonUsageSuggestingBuildActionExecuter.java:28)
	at org.gradle.launcher.cli.RunBuildAction.run(RunBuildAction.java:43)
	at org.gradle.internal.Actions$RunnableActionAdapter.execute(Actions.java:173)
	at org.gradle.launcher.cli.CommandLineActionFactory$ParseAndBuildAction.execute(CommandLineActionFactory.java:239)
	at org.gradle.launcher.cli.CommandLineActionFactory$ParseAndBuildAction.execute(CommandLineActionFactory.java:212)
	at org.gradle.launcher.cli.JavaRuntimeValidationAction.execute(JavaRuntimeValidationAction.java:35)
	at org.gradle.launcher.cli.JavaRuntimeValidationAction.execute(JavaRuntimeValidationAction.java:24)
	at org.gradle.launcher.cli.ExceptionReportingAction.execute(ExceptionReportingAction.java:33)
	at org.gradle.launcher.cli.ExceptionReportingAction.execute(ExceptionReportingAction.java:22)
	at org.gradle.launcher.cli.CommandLineActionFactory$WithLogging.execute(CommandLineActionFactory.java:205)
	at org.gradle.launcher.cli.CommandLineActionFactory$WithLogging.execute(CommandLineActionFactory.java:169)
	at org.gradle.launcher.Main.doAction(Main.java:33)
	at org.gradle.launcher.bootstrap.EntryPoint.run(EntryPoint.java:45)
	at org.gradle.launcher.bootstrap.ProcessBootstrap.runNoExit(ProcessBootstrap.java:55)
	at org.gradle.launcher.bootstrap.ProcessBootstrap.run(ProcessBootstrap.java:36)
	at org.gradle.launcher.GradleMain.main(GradleMain.java:23)
	at org.gradle.wrapper.BootstrapMainStarter.start(BootstrapMainStarter.java:33)
	at org.gradle.wrapper.WrapperExecutor.execute(WrapperExecutor.java:130)
	at org.gradle.wrapper.GradleWrapperMain.main(GradleWrapperMain.java:48)
Caused by: java.lang.RuntimeException: No toolchains found in the NDK toolchains folder for ABI with prefix: mipsel-linux-android
	at com.android.build.gradle.internal.ndk.DefaultNdkInfo.getDefaultToolchainVersion(DefaultNdkInfo.java:330)
	at com.android.build.gradle.internal.ndk.DefaultNdkInfo.getToolchainPath(DefaultNdkInfo.java:207)
	at com.android.build.gradle.internal.ndk.DefaultNdkInfo.getCCompiler(DefaultNdkInfo.java:263)
	at com.android.build.gradle.internal.ndk.NdkHandler.getCCompiler(NdkHandler.java:306)
	at com.android.build.gradle.internal.model.ModelBuilder.createNativeToolchainModelMap(ModelBuilder.java:240)
	at com.android.build.gradle.internal.model.ModelBuilder.buildAll(ModelBuilder.java:175)
	at com.android.build.gradle.tasks.Lint.createAndroidProject(Lint.java:288)
	at com.android.build.gradle.tasks.Lint.lint(Lint.java:105)
	at org.gradle.internal.reflect.JavaMethod.invoke(JavaMethod.java:75)
	at org.gradle.api.internal.project.taskfactory.AnnotationProcessingTaskFactory$StandardTaskAction.doExecute(AnnotationProcessingTaskFactory.java:228)
	at org.gradle.api.internal.project.taskfactory.AnnotationProcessingTaskFactory$StandardTaskAction.execute(AnnotationProcessingTaskFactory.java:221)
	at org.gradle.api.internal.project.taskfactory.AnnotationProcessingTaskFactory$StandardTaskAction.execute(AnnotationProcessingTaskFactory.java:210)
	at org.gradle.api.internal.AbstractTask$TaskActionWrapper.execute(AbstractTask.java:621)
	at org.gradle.api.internal.AbstractTask$TaskActionWrapper.execute(AbstractTask.java:604)
	at org.gradle.api.internal.tasks.execution.ExecuteActionsTaskExecuter.executeAction(ExecuteActionsTaskExecuter.java:80)
	at org.gradle.api.internal.tasks.execution.ExecuteActionsTaskExecuter.executeActions(ExecuteActionsTaskExecuter.java:61)
	... 60 more


BUILD FAILED

Total time: 22.364 secs

2018-12-01 19:44:04,179 INFO  ProjectTaskService - Detecting possible tasks...
2018-12-01 19:44:04,179 INFO  SysUtils - Execute command: [/var/folders/bq/vtzpc5ns5sg2cthy61lqpg3dfzgbys/T/1543668170147-0/src/IntentShare-master/gradlew, -b, /var/folders/bq/vtzpc5ns5sg2cthy61lqpg3dfzgbys/T/1543668170147-0/src/IntentShare-master/picasso-loader/build.gradle, -Dorg.gradle.daemon=false, -Dorg.gradle.daemon.performance.enable-monitoring=false, -Dorg.gradle.configureondemand=true, tasks]
2018-12-01 19:44:13,058 ERROR ProjectTaskService - Could not detect possible Gradle tasks: Process exited with an error: 1 (Exit value: 1)
2018-12-01 19:44:13,058 INFO  ProjectTaskService - Detected possible tasks: 0
2018-12-01 19:44:13,058 INFO  ProjectTaskService - Excluded tasks (0): none
2018-12-01 19:44:13,059 INFO  SysUtils - Execute command: [/var/folders/bq/vtzpc5ns5sg2cthy61lqpg3dfzgbys/T/1543668170147-0/src/IntentShare-master/gradlew, -b, /var/folders/bq/vtzpc5ns5sg2cthy61lqpg3dfzgbys/T/1543668170147-0/src/IntentShare-master/picasso-loader/build.gradle, -Dorg.gradle.daemon=false, -Dorg.gradle.daemon.performance.enable-monitoring=false, -Dorg.gradle.configureondemand=true, --stacktrace, build]
2018-12-01 19:44:34,488 ERROR SysUtils - Could not process external command
org.apache.commons.exec.ExecuteException: Process exited with an error: 1 (Exit value: 1)
	at org.apache.commons.exec.DefaultExecutor.executeInternal(DefaultExecutor.java:404)
	at org.apache.commons.exec.DefaultExecutor.execute(DefaultExecutor.java:166)
	at com.github.vbauer.apkmaster.util.SysUtils.execute(SysUtils.java:67)
	at com.github.vbauer.apkmaster.util.SysUtils.executeSimple(SysUtils.java:43)
	at com.github.vbauer.apkmaster.service.assembly.ProjectBuildService.buildProject(ProjectBuildService.java:78)
	at com.github.vbauer.apkmaster.service.assembly.ProjectBuildService.buildProject(ProjectBuildService.java:64)
	at com.github.vbauer.apkmaster.service.assembly.ProjectBuildService.buildProject(ProjectBuildService.java:43)
	at com.github.vbauer.apkmaster.service.FullProcessService.build(FullProcessService.java:84)
	at com.github.vbauer.apkmaster.service.FullProcessService.process(FullProcessService.java:34)
	at com.github.vbauer.apkmaster.app.MainApplication.process(MainApplication.java:38)
	at com.github.vbauer.apkmaster.app.MainApplication.main(MainApplication.java:20)
	at sun.reflect.GeneratedMethodAccessor8.invoke(Unknown Source)
	at sun.reflect.DelegatingMethodAccessorImpl.invoke(DelegatingMethodAccessorImpl.java:43)
	at java.lang.reflect.Method.invoke(Method.java:498)
	at com.android.arsenal.util.ReflectionUtils.invoke(ReflectionUtils.java:52)
	at com.android.arsenal.util.ApkMasterUtils.main(ApkMasterUtils.java:30)
	at com.android.arsenal.service.processor.impl.BuildProcessorServiceImpl.buildProject(BuildProcessorServiceImpl.java:196)
	at com.android.arsenal.service.processor.impl.BuildProcessorServiceImpl.build(BuildProcessorServiceImpl.java:130)
	at com.android.arsenal.service.processor.impl.BuildProcessorServiceImpl.lambda$createTasks$1(BuildProcessorServiceImpl.java:113)
	at java.util.concurrent.FutureTask.run(FutureTask.java:266)
	at java.util.concurrent.Executors$RunnableAdapter.call(Executors.java:511)
	at java.util.concurrent.FutureTask.run(FutureTask.java:266)
	at java.util.concurrent.ThreadPoolExecutor.runWorker(ThreadPoolExecutor.java:1149)
	at java.util.concurrent.ThreadPoolExecutor$Worker.run(ThreadPoolExecutor.java:624)
	at java.lang.Thread.run(Thread.java:748)
2018-12-01 19:44:34,488 INFO  SysUtils - Configuration on demand is an incubating feature.
Incremental java compilation is an incubating feature.
:picasso-loader:preBuild UP-TO-DATE
:picasso-loader:preDebugBuild UP-TO-DATE
:picasso-loader:checkDebugManifest
:library:preBuild UP-TO-DATE
:library:preReleaseBuild UP-TO-DATE
:library:checkReleaseManifest
:library:preDebugAndroidTestBuild UP-TO-DATE
:library:preDebugBuild UP-TO-DATE
:library:preDebugUnitTestBuild UP-TO-DATE
:library:preReleaseUnitTestBuild UP-TO-DATE
:library:prepareComAndroidSupportAnimatedVectorDrawable2500Library UP-TO-DATE
:library:prepareComAndroidSupportAppcompatV72500Library UP-TO-DATE
:library:prepareComAndroidSupportRecyclerviewV72500Library UP-TO-DATE
:library:prepareComAndroidSupportSupportCompat2500Library UP-TO-DATE
:library:prepareComAndroidSupportSupportCoreUi2500Library UP-TO-DATE
:library:prepareComAndroidSupportSupportCoreUtils2500Library UP-TO-DATE
:library:prepareComAndroidSupportSupportFragment2500Library UP-TO-DATE
:library:prepareComAndroidSupportSupportMediaCompat2500Library UP-TO-DATE
:library:prepareComAndroidSupportSupportV42500Library UP-TO-DATE
:library:prepareComAndroidSupportSupportVectorDrawable2500Library UP-TO-DATE
:library:prepareReleaseDependencies
:library:compileReleaseAidl UP-TO-DATE
:library:compileReleaseNdk UP-TO-DATE
:library:compileLint UP-TO-DATE
:library:copyReleaseLint UP-TO-DATE
:library:compileReleaseRenderscript UP-TO-DATE
:library:generateReleaseBuildConfig UP-TO-DATE
:library:generateReleaseResValues UP-TO-DATE
:library:generateReleaseResources UP-TO-DATE
:library:mergeReleaseResources UP-TO-DATE
:library:processReleaseManifest UP-TO-DATE
:library:processReleaseResources UP-TO-DATE
:library:generateReleaseSources UP-TO-DATE
:library:incrementalReleaseJavaCompilationSafeguard UP-TO-DATE
:library:compileReleaseJavaWithJavac UP-TO-DATE
:library:extractReleaseAnnotations UP-TO-DATE
:library:mergeReleaseShaders UP-TO-DATE
:library:compileReleaseShaders UP-TO-DATE
:library:generateReleaseAssets UP-TO-DATE
:library:mergeReleaseAssets UP-TO-DATE
:library:mergeReleaseProguardFiles UP-TO-DATE
:library:packageReleaseRenderscript UP-TO-DATE
:library:packageReleaseResources UP-TO-DATE
:library:processReleaseJavaRes UP-TO-DATE
:library:transformResourcesWithMergeJavaResForRelease UP-TO-DATE
:library:transformClassesAndResourcesWithSyncLibJarsForRelease UP-TO-DATE
:library:mergeReleaseJniLibFolders UP-TO-DATE
:library:transformNative_libsWithMergeJniLibsForRelease UP-TO-DATE
:library:transformNative_libsWithSyncJniLibsForRelease UP-TO-DATE
:library:bundleRelease UP-TO-DATE
:picasso-loader:preDebugAndroidTestBuild UP-TO-DATE
:picasso-loader:preDebugUnitTestBuild UP-TO-DATE
:picasso-loader:preReleaseBuild UP-TO-DATE
:picasso-loader:preReleaseUnitTestBuild UP-TO-DATE
:picasso-loader:prepareComAndroidSupportAnimatedVectorDrawable2500Library
:picasso-loader:prepareComAndroidSupportAppcompatV72500Library
:picasso-loader:prepareComAndroidSupportRecyclerviewV72500Library
:picasso-loader:prepareComAndroidSupportSupportCompat2500Library
:picasso-loader:prepareComAndroidSupportSupportCoreUi2500Library
:picasso-loader:prepareComAndroidSupportSupportCoreUtils2500Library
:picasso-loader:prepareComAndroidSupportSupportFragment2500Library
:picasso-loader:prepareComAndroidSupportSupportMediaCompat2500Library
:picasso-loader:prepareComAndroidSupportSupportV42500Library
:picasso-loader:prepareComAndroidSupportSupportVectorDrawable2500Library
:picasso-loader:prepareFrTvbarthelIntentshareLibrary004Library
:picasso-loader:prepareDebugDependencies
:picasso-loader:compileDebugAidl
:picasso-loader:compileDebugNdk UP-TO-DATE
:picasso-loader:compileLint
:picasso-loader:copyDebugLint UP-TO-DATE
:picasso-loader:compileDebugRenderscript
:picasso-loader:generateDebugBuildConfig
:picasso-loader:generateDebugResValues
:picasso-loader:generateDebugResources
:picasso-loader:mergeDebugResources
:picasso-loader:processDebugManifest
:picasso-loader:processDebugResources
:picasso-loader:generateDebugSources
:picasso-loader:incrementalDebugJavaCompilationSafeguard
:picasso-loader:compileDebugJavaWithJavac
:picasso-loader:compileDebugJavaWithJavac - is not incremental (e.g. outputs have changed, no previous execution, etc.).
:picasso-loader:extractDebugAnnotations
:picasso-loader:mergeDebugShaders
:picasso-loader:compileDebugShaders
:picasso-loader:generateDebugAssets
:picasso-loader:mergeDebugAssets
:picasso-loader:mergeDebugProguardFiles
:picasso-loader:packageDebugRenderscript UP-TO-DATE
:picasso-loader:packageDebugResources
:picasso-loader:processDebugJavaRes UP-TO-DATE
:picasso-loader:transformResourcesWithMergeJavaResForDebug
:picasso-loader:transformClassesAndResourcesWithSyncLibJarsForDebug
:picasso-loader:mergeDebugJniLibFolders
:picasso-loader:transformNative_libsWithMergeJniLibsForDebug
:picasso-loader:transformNative_libsWithSyncJniLibsForDebug
:picasso-loader:bundleDebug
:picasso-loader:compileDebugSources
:picasso-loader:assembleDebug
:picasso-loader:checkReleaseManifest
:picasso-loader:prepareReleaseDependencies
:picasso-loader:compileReleaseAidl
:picasso-loader:compileReleaseNdk UP-TO-DATE
:picasso-loader:copyReleaseLint UP-TO-DATE
:picasso-loader:compileReleaseRenderscript
:picasso-loader:generateReleaseBuildConfig
:picasso-loader:generateReleaseResValues
:picasso-loader:generateReleaseResources
:picasso-loader:mergeReleaseResources
:picasso-loader:processReleaseManifest
:picasso-loader:processReleaseResources
:picasso-loader:generateReleaseSources
:picasso-loader:incrementalReleaseJavaCompilationSafeguard
:picasso-loader:compileReleaseJavaWithJavac
:picasso-loader:compileReleaseJavaWithJavac - is not incremental (e.g. outputs have changed, no previous execution, etc.).
:picasso-loader:extractReleaseAnnotations
:picasso-loader:mergeReleaseShaders
:picasso-loader:compileReleaseShaders
:picasso-loader:generateReleaseAssets
:picasso-loader:mergeReleaseAssets
:picasso-loader:mergeReleaseProguardFiles
:picasso-loader:packageReleaseRenderscript UP-TO-DATE
:picasso-loader:packageReleaseResources
:picasso-loader:processReleaseJavaRes UP-TO-DATE
:picasso-loader:transformResourcesWithMergeJavaResForRelease
:picasso-loader:transformClassesAndResourcesWithSyncLibJarsForRelease
:picasso-loader:mergeReleaseJniLibFolders
:picasso-loader:transformNative_libsWithMergeJniLibsForRelease
:picasso-loader:transformNative_libsWithSyncJniLibsForRelease
:picasso-loader:bundleRelease
:picasso-loader:compileReleaseSources
:picasso-loader:assembleRelease
:picasso-loader:javadoc/private/var/folders/bq/vtzpc5ns5sg2cthy61lqpg3dfzgbys/T/1543668170147-0/src/IntentShare-master/picasso-loader/src/main/java/fr/tvbarthel/intentshare/loader/picasso/PicassoIconLoader.java:7: error: package com.squareup.picasso does not exist
import com.squareup.picasso.Picasso;
                           ^
/private/var/folders/bq/vtzpc5ns5sg2cthy61lqpg3dfzgbys/T/1543668170147-0/src/IntentShare-master/picasso-loader/src/main/java/fr/tvbarthel/intentshare/loader/picasso/PicassoIconLoader.java:9: error: cannot find symbol
import fr.tvbarthel.intentshare.IconLoader;
                               ^
  symbol:   class IconLoader
  location: package fr.tvbarthel.intentshare
/private/var/folders/bq/vtzpc5ns5sg2cthy61lqpg3dfzgbys/T/1543668170147-0/src/IntentShare-master/picasso-loader/src/main/java/fr/tvbarthel/intentshare/loader/picasso/PicassoIconLoader.java:14: error: cannot find symbol
public class PicassoIconLoader implements IconLoader {
                                          ^
  symbol: class IconLoader
/private/var/folders/bq/vtzpc5ns5sg2cthy61lqpg3dfzgbys/T/1543668170147-0/src/IntentShare-master/picasso-loader/src/main/java/fr/tvbarthel/intentshare/loader/picasso/PicassoIconLoader.java:19: error: cannot find symbol
    public static final Creator<PicassoIconLoader> CREATOR = new Creator<PicassoIconLoader>() {
                        ^
  symbol:   class Creator
  location: class PicassoIconLoader
/private/var/folders/bq/vtzpc5ns5sg2cthy61lqpg3dfzgbys/T/1543668170147-0/src/IntentShare-master/picasso-loader/src/main/java/fr/tvbarthel/intentshare/loader/picasso/PicassoIconLoader.java:12: error: reference not found
 * {@link IconLoader} based on {@link com.squareup.picasso.Picasso}.
          ^
/private/var/folders/bq/vtzpc5ns5sg2cthy61lqpg3dfzgbys/T/1543668170147-0/src/IntentShare-master/picasso-loader/src/main/java/fr/tvbarthel/intentshare/loader/picasso/PicassoIconLoader.java:12: error: reference not found
 * {@link IconLoader} based on {@link com.squareup.picasso.Picasso}.
                                      ^
/private/var/folders/bq/vtzpc5ns5sg2cthy61lqpg3dfzgbys/T/1543668170147-0/src/IntentShare-master/picasso-loader/src/main/java/fr/tvbarthel/intentshare/loader/picasso/PicassoIconLoader.java:32: error: reference not found
     * {@link IconLoader} based on {@link com.squareup.picasso.Picasso}.
              ^
/private/var/folders/bq/vtzpc5ns5sg2cthy61lqpg3dfzgbys/T/1543668170147-0/src/IntentShare-master/picasso-loader/src/main/java/fr/tvbarthel/intentshare/loader/picasso/PicassoIconLoader.java:32: error: reference not found
     * {@link IconLoader} based on {@link com.squareup.picasso.Picasso}.
                                          ^
/private/var/folders/bq/vtzpc5ns5sg2cthy61lqpg3dfzgbys/T/1543668170147-0/src/IntentShare-master/picasso-loader/src/main/java/fr/tvbarthel/intentshare/loader/picasso/PicassoIconLoader.java:38: error: reference not found
     * {@link IconLoader} based on {@link com.squareup.picasso.Picasso}.
              ^
/private/var/folders/bq/vtzpc5ns5sg2cthy61lqpg3dfzgbys/T/1543668170147-0/src/IntentShare-master/picasso-loader/src/main/java/fr/tvbarthel/intentshare/loader/picasso/PicassoIconLoader.java:38: error: reference not found
     * {@link IconLoader} based on {@link com.squareup.picasso.Picasso}.
                                          ^

6 errors
4 warnings
:picasso-loader:javadocJar
:picasso-loader:sourcesJar
:picasso-loader:assemble
:picasso-loader:checkstyle
:picasso-loader:findbugs
:picasso-loader:lint FAILED

FAILURE: Build failed with an exception.

* What went wrong:
Execution failed for task ':picasso-loader:lint'.
> No toolchains found in the NDK toolchains folder for ABI with prefix: mipsel-linux-android

* Try:
Run with --info or --debug option to get more log output.

* Exception is:
org.gradle.api.tasks.TaskExecutionException: Execution failed for task ':picasso-loader:lint'.
	at org.gradle.api.internal.tasks.execution.ExecuteActionsTaskExecuter.executeActions(ExecuteActionsTaskExecuter.java:69)
	at org.gradle.api.internal.tasks.execution.ExecuteActionsTaskExecuter.execute(ExecuteActionsTaskExecuter.java:46)
	at org.gradle.api.internal.tasks.execution.PostExecutionAnalysisTaskExecuter.execute(PostExecutionAnalysisTaskExecuter.java:35)
	at org.gradle.api.internal.tasks.execution.SkipUpToDateTaskExecuter.execute(SkipUpToDateTaskExecuter.java:66)
	at org.gradle.api.internal.tasks.execution.ValidatingTaskExecuter.execute(ValidatingTaskExecuter.java:58)
	at org.gradle.api.internal.tasks.execution.SkipEmptySourceFilesTaskExecuter.execute(SkipEmptySourceFilesTaskExecuter.java:52)
	at org.gradle.api.internal.tasks.execution.SkipTaskWithNoActionsExecuter.execute(SkipTaskWithNoActionsExecuter.java:52)
	at org.gradle.api.internal.tasks.execution.SkipOnlyIfTaskExecuter.execute(SkipOnlyIfTaskExecuter.java:53)
	at org.gradle.api.internal.tasks.execution.ExecuteAtMostOnceTaskExecuter.execute(ExecuteAtMostOnceTaskExecuter.java:43)
	at org.gradle.execution.taskgraph.DefaultTaskGraphExecuter$EventFiringTaskWorker.execute(DefaultTaskGraphExecuter.java:203)
	at org.gradle.execution.taskgraph.DefaultTaskGraphExecuter$EventFiringTaskWorker.execute(DefaultTaskGraphExecuter.java:185)
	at org.gradle.execution.taskgraph.AbstractTaskPlanExecutor$TaskExecutorWorker.processTask(AbstractTaskPlanExecutor.java:66)
	at org.gradle.execution.taskgraph.AbstractTaskPlanExecutor$TaskExecutorWorker.run(AbstractTaskPlanExecutor.java:50)
	at org.gradle.execution.taskgraph.DefaultTaskPlanExecutor.process(DefaultTaskPlanExecutor.java:25)
	at org.gradle.execution.taskgraph.DefaultTaskGraphExecuter.execute(DefaultTaskGraphExecuter.java:110)
	at org.gradle.execution.SelectedTaskExecutionAction.execute(SelectedTaskExecutionAction.java:37)
	at org.gradle.execution.DefaultBuildExecuter.execute(DefaultBuildExecuter.java:37)
	at org.gradle.execution.DefaultBuildExecuter.access$000(DefaultBuildExecuter.java:23)
	at org.gradle.execution.DefaultBuildExecuter$1.proceed(DefaultBuildExecuter.java:43)
	at org.gradle.execution.DryRunBuildExecutionAction.execute(DryRunBuildExecutionAction.java:32)
	at org.gradle.execution.DefaultBuildExecuter.execute(DefaultBuildExecuter.java:37)
	at org.gradle.execution.DefaultBuildExecuter.execute(DefaultBuildExecuter.java:30)
	at org.gradle.initialization.DefaultGradleLauncher$4.run(DefaultGradleLauncher.java:153)
	at org.gradle.internal.Factories$1.create(Factories.java:22)
	at org.gradle.internal.progress.DefaultBuildOperationExecutor.run(DefaultBuildOperationExecutor.java:91)
	at org.gradle.internal.progress.DefaultBuildOperationExecutor.run(DefaultBuildOperationExecutor.java:53)
	at org.gradle.initialization.DefaultGradleLauncher.doBuildStages(DefaultGradleLauncher.java:150)
	at org.gradle.initialization.DefaultGradleLauncher.access$200(DefaultGradleLauncher.java:32)
	at org.gradle.initialization.DefaultGradleLauncher$1.create(DefaultGradleLauncher.java:98)
	at org.gradle.initialization.DefaultGradleLauncher$1.create(DefaultGradleLauncher.java:92)
	at org.gradle.internal.progress.DefaultBuildOperationExecutor.run(DefaultBuildOperationExecutor.java:91)
	at org.gradle.internal.progress.DefaultBuildOperationExecutor.run(DefaultBuildOperationExecutor.java:63)
	at org.gradle.initialization.DefaultGradleLauncher.doBuild(DefaultGradleLauncher.java:92)
	at org.gradle.initialization.DefaultGradleLauncher.run(DefaultGradleLauncher.java:83)
	at org.gradle.launcher.exec.InProcessBuildActionExecuter$DefaultBuildController.run(InProcessBuildActionExecuter.java:99)
	at org.gradle.tooling.internal.provider.ExecuteBuildActionRunner.run(ExecuteBuildActionRunner.java:28)
	at org.gradle.launcher.exec.ChainingBuildActionRunner.run(ChainingBuildActionRunner.java:35)
	at org.gradle.launcher.exec.InProcessBuildActionExecuter.execute(InProcessBuildActionExecuter.java:48)
	at org.gradle.launcher.exec.InProcessBuildActionExecuter.execute(InProcessBuildActionExecuter.java:30)
	at org.gradle.launcher.exec.ContinuousBuildActionExecuter.execute(ContinuousBuildActionExecuter.java:81)
	at org.gradle.launcher.exec.ContinuousBuildActionExecuter.execute(ContinuousBuildActionExecuter.java:46)
	at org.gradle.launcher.exec.DaemonUsageSuggestingBuildActionExecuter.execute(DaemonUsageSuggestingBuildActionExecuter.java:51)
	at org.gradle.launcher.exec.DaemonUsageSuggestingBuildActionExecuter.execute(DaemonUsageSuggestingBuildActionExecuter.java:28)
	at org.gradle.launcher.cli.RunBuildAction.run(RunBuildAction.java:43)
	at org.gradle.internal.Actions$RunnableActionAdapter.execute(Actions.java:173)
	at org.gradle.launcher.cli.CommandLineActionFactory$ParseAndBuildAction.execute(CommandLineActionFactory.java:239)
	at org.gradle.launcher.cli.CommandLineActionFactory$ParseAndBuildAction.execute(CommandLineActionFactory.java:212)
	at org.gradle.launcher.cli.JavaRuntimeValidationAction.execute(JavaRuntimeValidationAction.java:35)
	at org.gradle.launcher.cli.JavaRuntimeValidationAction.execute(JavaRuntimeValidationAction.java:24)
	at org.gradle.launcher.cli.ExceptionReportingAction.execute(ExceptionReportingAction.java:33)
	at org.gradle.launcher.cli.ExceptionReportingAction.execute(ExceptionReportingAction.java:22)
	at org.gradle.launcher.cli.CommandLineActionFactory$WithLogging.execute(CommandLineActionFactory.java:205)
	at org.gradle.launcher.cli.CommandLineActionFactory$WithLogging.execute(CommandLineActionFactory.java:169)
	at org.gradle.launcher.Main.doAction(Main.java:33)
	at org.gradle.launcher.bootstrap.EntryPoint.run(EntryPoint.java:45)
	at org.gradle.launcher.bootstrap.ProcessBootstrap.runNoExit(ProcessBootstrap.java:55)
	at org.gradle.launcher.bootstrap.ProcessBootstrap.run(ProcessBootstrap.java:36)
	at org.gradle.launcher.GradleMain.main(GradleMain.java:23)
	at org.gradle.wrapper.BootstrapMainStarter.start(BootstrapMainStarter.java:33)
	at org.gradle.wrapper.WrapperExecutor.execute(WrapperExecutor.java:130)
	at org.gradle.wrapper.GradleWrapperMain.main(GradleWrapperMain.java:48)
Caused by: java.lang.RuntimeException: No toolchains found in the NDK toolchains folder for ABI with prefix: mipsel-linux-android
	at com.android.build.gradle.internal.ndk.DefaultNdkInfo.getDefaultToolchainVersion(DefaultNdkInfo.java:330)
	at com.android.build.gradle.internal.ndk.DefaultNdkInfo.getToolchainPath(DefaultNdkInfo.java:207)
	at com.android.build.gradle.internal.ndk.DefaultNdkInfo.getCCompiler(DefaultNdkInfo.java:263)
	at com.android.build.gradle.internal.ndk.NdkHandler.getCCompiler(NdkHandler.java:306)
	at com.android.build.gradle.internal.model.ModelBuilder.createNativeToolchainModelMap(ModelBuilder.java:240)
	at com.android.build.gradle.internal.model.ModelBuilder.buildAll(ModelBuilder.java:175)
	at com.android.build.gradle.tasks.Lint.createAndroidProject(Lint.java:288)
	at com.android.build.gradle.tasks.Lint.lint(Lint.java:105)
	at org.gradle.internal.reflect.JavaMethod.invoke(JavaMethod.java:75)
	at org.gradle.api.internal.project.taskfactory.AnnotationProcessingTaskFactory$StandardTaskAction.doExecute(AnnotationProcessingTaskFactory.java:228)
	at org.gradle.api.internal.project.taskfactory.AnnotationProcessingTaskFactory$StandardTaskAction.execute(AnnotationProcessingTaskFactory.java:221)
	at org.gradle.api.internal.project.taskfactory.AnnotationProcessingTaskFactory$StandardTaskAction.execute(AnnotationProcessingTaskFactory.java:210)
	at org.gradle.api.internal.AbstractTask$TaskActionWrapper.execute(AbstractTask.java:621)
	at org.gradle.api.internal.AbstractTask$TaskActionWrapper.execute(AbstractTask.java:604)
	at org.gradle.api.internal.tasks.execution.ExecuteActionsTaskExecuter.executeAction(ExecuteActionsTaskExecuter.java:80)
	at org.gradle.api.internal.tasks.execution.ExecuteActionsTaskExecuter.executeActions(ExecuteActionsTaskExecuter.java:61)
	... 60 more


BUILD FAILED

Total time: 20.813 secs

2018-12-01 19:44:34,683 INFO  ProjectTaskService - Detecting possible tasks...
2018-12-01 19:44:34,683 INFO  SysUtils - Execute command: [/var/folders/bq/vtzpc5ns5sg2cthy61lqpg3dfzgbys/T/1543668170147-0/src/IntentShare-master/gradlew, -b, /var/folders/bq/vtzpc5ns5sg2cthy61lqpg3dfzgbys/T/1543668170147-0/src/IntentShare-master/sample/build.gradle, -Dorg.gradle.daemon=false, -Dorg.gradle.daemon.performance.enable-monitoring=false, -Dorg.gradle.configureondemand=true, tasks]
2018-12-01 19:44:41,739 ERROR ProjectTaskService - Could not detect possible Gradle tasks: Process exited with an error: 1 (Exit value: 1)
2018-12-01 19:44:41,739 INFO  ProjectTaskService - Detected possible tasks: 0
2018-12-01 19:44:41,739 INFO  ProjectTaskService - Excluded tasks (0): none
2018-12-01 19:44:41,739 INFO  SysUtils - Execute command: [/var/folders/bq/vtzpc5ns5sg2cthy61lqpg3dfzgbys/T/1543668170147-0/src/IntentShare-master/gradlew, -b, /var/folders/bq/vtzpc5ns5sg2cthy61lqpg3dfzgbys/T/1543668170147-0/src/IntentShare-master/sample/build.gradle, -Dorg.gradle.daemon=false, -Dorg.gradle.daemon.performance.enable-monitoring=false, -Dorg.gradle.configureondemand=true, --stacktrace, build]
2018-12-01 19:44:49,605 ERROR SysUtils - Could not process external command
org.apache.commons.exec.ExecuteException: Process exited with an error: 1 (Exit value: 1)
	at org.apache.commons.exec.DefaultExecutor.executeInternal(DefaultExecutor.java:404)
	at org.apache.commons.exec.DefaultExecutor.execute(DefaultExecutor.java:166)
	at com.github.vbauer.apkmaster.util.SysUtils.execute(SysUtils.java:67)
	at com.github.vbauer.apkmaster.util.SysUtils.executeSimple(SysUtils.java:43)
	at com.github.vbauer.apkmaster.service.assembly.ProjectBuildService.buildProject(ProjectBuildService.java:78)
	at com.github.vbauer.apkmaster.service.assembly.ProjectBuildService.buildProject(ProjectBuildService.java:64)
	at com.github.vbauer.apkmaster.service.assembly.ProjectBuildService.buildProject(ProjectBuildService.java:43)
	at com.github.vbauer.apkmaster.service.FullProcessService.build(FullProcessService.java:84)
	at com.github.vbauer.apkmaster.service.FullProcessService.process(FullProcessService.java:34)
	at com.github.vbauer.apkmaster.app.MainApplication.process(MainApplication.java:38)
	at com.github.vbauer.apkmaster.app.MainApplication.main(MainApplication.java:20)
	at sun.reflect.GeneratedMethodAccessor8.invoke(Unknown Source)
	at sun.reflect.DelegatingMethodAccessorImpl.invoke(DelegatingMethodAccessorImpl.java:43)
	at java.lang.reflect.Method.invoke(Method.java:498)
	at com.android.arsenal.util.ReflectionUtils.invoke(ReflectionUtils.java:52)
	at com.android.arsenal.util.ApkMasterUtils.main(ApkMasterUtils.java:30)
	at com.android.arsenal.service.processor.impl.BuildProcessorServiceImpl.buildProject(BuildProcessorServiceImpl.java:196)
	at com.android.arsenal.service.processor.impl.BuildProcessorServiceImpl.build(BuildProcessorServiceImpl.java:130)
	at com.android.arsenal.service.processor.impl.BuildProcessorServiceImpl.lambda$createTasks$1(BuildProcessorServiceImpl.java:113)
	at java.util.concurrent.FutureTask.run(FutureTask.java:266)
	at java.util.concurrent.Executors$RunnableAdapter.call(Executors.java:511)
	at java.util.concurrent.FutureTask.run(FutureTask.java:266)
	at java.util.concurrent.ThreadPoolExecutor.runWorker(ThreadPoolExecutor.java:1149)
	at java.util.concurrent.ThreadPoolExecutor$Worker.run(ThreadPoolExecutor.java:624)
	at java.lang.Thread.run(Thread.java:748)
2018-12-01 19:44:49,605 INFO  SysUtils - Configuration on demand is an incubating feature.
Incremental java compilation is an incubating feature.

FAILURE: Build failed with an exception.

* What went wrong:
A problem occurred configuring project ':sample'.
> No toolchains found in the NDK toolchains folder for ABI with prefix: mipsel-linux-android

* Try:
Run with --info or --debug option to get more log output.

* Exception is:
org.gradle.api.ProjectConfigurationException: A problem occurred configuring project ':sample'.
	at org.gradle.configuration.project.LifecycleProjectEvaluator.addConfigurationFailure(LifecycleProjectEvaluator.java:79)
	at org.gradle.configuration.project.LifecycleProjectEvaluator.notifyAfterEvaluate(LifecycleProjectEvaluator.java:74)
	at org.gradle.configuration.project.LifecycleProjectEvaluator.evaluate(LifecycleProjectEvaluator.java:61)
	at org.gradle.api.internal.project.AbstractProject.evaluate(AbstractProject.java:540)
	at org.gradle.api.internal.project.AbstractProject.evaluate(AbstractProject.java:93)
	at org.gradle.execution.TaskPathProjectEvaluator.configureHierarchy(TaskPathProjectEvaluator.java:42)
	at org.gradle.execution.TaskSelector.getSelection(TaskSelector.java:84)
	at org.gradle.execution.TaskSelector.getSelection(TaskSelector.java:75)
	at org.gradle.execution.commandline.CommandLineTaskParser.parseTasks(CommandLineTaskParser.java:42)
	at org.gradle.execution.TaskNameResolvingBuildConfigurationAction.configure(TaskNameResolvingBuildConfigurationAction.java:44)
	at org.gradle.execution.DefaultBuildConfigurationActionExecuter.configure(DefaultBuildConfigurationActionExecuter.java:48)
	at org.gradle.execution.DefaultBuildConfigurationActionExecuter.access$000(DefaultBuildConfigurationActionExecuter.java:25)
	at org.gradle.execution.DefaultBuildConfigurationActionExecuter$1.proceed(DefaultBuildConfigurationActionExecuter.java:54)
	at org.gradle.execution.DefaultTasksBuildExecutionAction.configure(DefaultTasksBuildExecutionAction.java:44)
	at org.gradle.execution.DefaultBuildConfigurationActionExecuter.configure(DefaultBuildConfigurationActionExecuter.java:48)
	at org.gradle.execution.DefaultBuildConfigurationActionExecuter.access$000(DefaultBuildConfigurationActionExecuter.java:25)
	at org.gradle.execution.DefaultBuildConfigurationActionExecuter$1.proceed(DefaultBuildConfigurationActionExecuter.java:54)
	at org.gradle.execution.ExcludedTaskFilteringBuildConfigurationAction.configure(ExcludedTaskFilteringBuildConfigurationAction.java:47)
	at org.gradle.execution.DefaultBuildConfigurationActionExecuter.configure(DefaultBuildConfigurationActionExecuter.java:48)
	at org.gradle.execution.DefaultBuildConfigurationActionExecuter.select(DefaultBuildConfigurationActionExecuter.java:36)
	at org.gradle.initialization.DefaultGradleLauncher$3.run(DefaultGradleLauncher.java:142)
	at org.gradle.internal.Factories$1.create(Factories.java:22)
	at org.gradle.internal.progress.DefaultBuildOperationExecutor.run(DefaultBuildOperationExecutor.java:91)
	at org.gradle.internal.progress.DefaultBuildOperationExecutor.run(DefaultBuildOperationExecutor.java:53)
	at org.gradle.initialization.DefaultGradleLauncher.doBuildStages(DefaultGradleLauncher.java:139)
	at org.gradle.initialization.DefaultGradleLauncher.access$200(DefaultGradleLauncher.java:32)
	at org.gradle.initialization.DefaultGradleLauncher$1.create(DefaultGradleLauncher.java:98)
	at org.gradle.initialization.DefaultGradleLauncher$1.create(DefaultGradleLauncher.java:92)
	at org.gradle.internal.progress.DefaultBuildOperationExecutor.run(DefaultBuildOperationExecutor.java:91)
	at org.gradle.internal.progress.DefaultBuildOperationExecutor.run(DefaultBuildOperationExecutor.java:63)
	at org.gradle.initialization.DefaultGradleLauncher.doBuild(DefaultGradleLauncher.java:92)
	at org.gradle.initialization.DefaultGradleLauncher.run(DefaultGradleLauncher.java:83)
	at org.gradle.launcher.exec.InProcessBuildActionExecuter$DefaultBuildController.run(InProcessBuildActionExecuter.java:99)
	at org.gradle.tooling.internal.provider.ExecuteBuildActionRunner.run(ExecuteBuildActionRunner.java:28)
	at org.gradle.launcher.exec.ChainingBuildActionRunner.run(ChainingBuildActionRunner.java:35)
	at org.gradle.launcher.exec.InProcessBuildActionExecuter.execute(InProcessBuildActionExecuter.java:48)
	at org.gradle.launcher.exec.InProcessBuildActionExecuter.execute(InProcessBuildActionExecuter.java:30)
	at org.gradle.launcher.exec.ContinuousBuildActionExecuter.execute(ContinuousBuildActionExecuter.java:81)
	at org.gradle.launcher.exec.ContinuousBuildActionExecuter.execute(ContinuousBuildActionExecuter.java:46)
	at org.gradle.launcher.exec.DaemonUsageSuggestingBuildActionExecuter.execute(DaemonUsageSuggestingBuildActionExecuter.java:51)
	at org.gradle.launcher.exec.DaemonUsageSuggestingBuildActionExecuter.execute(DaemonUsageSuggestingBuildActionExecuter.java:28)
	at org.gradle.launcher.cli.RunBuildAction.run(RunBuildAction.java:43)
	at org.gradle.internal.Actions$RunnableActionAdapter.execute(Actions.java:173)
	at org.gradle.launcher.cli.CommandLineActionFactory$ParseAndBuildAction.execute(CommandLineActionFactory.java:239)
	at org.gradle.launcher.cli.CommandLineActionFactory$ParseAndBuildAction.execute(CommandLineActionFactory.java:212)
	at org.gradle.launcher.cli.JavaRuntimeValidationAction.execute(JavaRuntimeValidationAction.java:35)
	at org.gradle.launcher.cli.JavaRuntimeValidationAction.execute(JavaRuntimeValidationAction.java:24)
	at org.gradle.launcher.cli.ExceptionReportingAction.execute(ExceptionReportingAction.java:33)
	at org.gradle.launcher.cli.ExceptionReportingAction.execute(ExceptionReportingAction.java:22)
	at org.gradle.launcher.cli.CommandLineActionFactory$WithLogging.execute(CommandLineActionFactory.java:205)
	at org.gradle.launcher.cli.CommandLineActionFactory$WithLogging.execute(CommandLineActionFactory.java:169)
	at org.gradle.launcher.Main.doAction(Main.java:33)
	at org.gradle.launcher.bootstrap.EntryPoint.run(EntryPoint.java:45)
	at org.gradle.launcher.bootstrap.ProcessBootstrap.runNoExit(ProcessBootstrap.java:55)
	at org.gradle.launcher.bootstrap.ProcessBootstrap.run(ProcessBootstrap.java:36)
	at org.gradle.launcher.GradleMain.main(GradleMain.java:23)
	at org.gradle.wrapper.BootstrapMainStarter.start(BootstrapMainStarter.java:33)
	at org.gradle.wrapper.WrapperExecutor.execute(WrapperExecutor.java:130)
	at org.gradle.wrapper.GradleWrapperMain.main(GradleWrapperMain.java:48)
Caused by: java.lang.RuntimeException: No toolchains found in the NDK toolchains folder for ABI with prefix: mipsel-linux-android
	at com.android.build.gradle.internal.ndk.DefaultNdkInfo.getDefaultToolchainVersion(DefaultNdkInfo.java:330)
	at com.android.build.gradle.internal.ndk.DefaultNdkInfo.getToolchainPath(DefaultNdkInfo.java:207)
	at com.android.build.gradle.internal.ndk.DefaultNdkInfo.getStripExecutable(DefaultNdkInfo.java:300)
	at com.android.build.gradle.internal.ndk.NdkHandler.getStripExecutable(NdkHandler.java:333)
	at com.android.build.gradle.internal.transforms.StripDebugSymbolTransform.<init>(StripDebugSymbolTransform.java:87)
	at com.android.build.gradle.internal.TaskManager.createStripNativeLibraryTask(TaskManager.java:1342)
	at com.android.build.gradle.internal.ApplicationTaskManager.createTasksForVariantData(ApplicationTaskManager.java:289)
	at com.android.build.gradle.internal.VariantManager.createTasksForVariantData(VariantManager.java:485)
	at com.android.build.gradle.internal.VariantManager$3.call(VariantManager.java:293)
	at com.android.build.gradle.internal.VariantManager$3.call(VariantManager.java:290)
	at com.android.builder.profile.ThreadRecorder.record(ThreadRecorder.java:156)
	at com.android.builder.profile.ThreadRecorder.record(ThreadRecorder.java:120)
	at com.android.build.gradle.internal.profile.SpanRecorders.record(SpanRecorders.java:44)
	at com.android.build.gradle.internal.VariantManager.createAndroidTasks(VariantManager.java:286)
	at com.android.build.gradle.BasePlugin$11.call(BasePlugin.java:688)
	at com.android.build.gradle.BasePlugin$11.call(BasePlugin.java:685)
	at com.android.builder.profile.ThreadRecorder.record(ThreadRecorder.java:156)
	at com.android.builder.profile.ThreadRecorder.record(ThreadRecorder.java:120)
	at com.android.build.gradle.BasePlugin.createAndroidTasks(BasePlugin.java:683)
	at com.android.build.gradle.BasePlugin$10.call(BasePlugin.java:608)
	at com.android.build.gradle.BasePlugin$10.call(BasePlugin.java:605)
	at com.android.builder.profile.ThreadRecorder.record(ThreadRecorder.java:156)
	at com.android.builder.profile.ThreadRecorder.record(ThreadRecorder.java:120)
	at com.android.build.gradle.BasePlugin.lambda$createTasks$1(BasePlugin.java:603)
	at org.gradle.internal.event.BroadcastDispatch$ActionInvocationHandler.dispatch(BroadcastDispatch.java:93)
	at org.gradle.internal.event.BroadcastDispatch$ActionInvocationHandler.dispatch(BroadcastDispatch.java:82)
	at org.gradle.internal.event.AbstractBroadcastDispatch.dispatch(AbstractBroadcastDispatch.java:44)
	at org.gradle.internal.event.BroadcastDispatch.dispatch(BroadcastDispatch.java:79)
	at org.gradle.internal.event.BroadcastDispatch.dispatch(BroadcastDispatch.java:30)
	at org.gradle.internal.dispatch.ProxyDispatchAdapter$DispatchingInvocationHandler.invoke(ProxyDispatchAdapter.java:93)
	at com.sun.proxy.$Proxy11.afterEvaluate(Unknown Source)
	at org.gradle.configuration.project.LifecycleProjectEvaluator.notifyAfterEvaluate(LifecycleProjectEvaluator.java:67)
	... 57 more


BUILD FAILED

Total time: 7.225 secs

2018-12-01 19:44:49,809 INFO  ProjectTaskService - Detecting possible tasks...
2018-12-01 19:44:49,809 INFO  SysUtils - Execute command: [/var/folders/bq/vtzpc5ns5sg2cthy61lqpg3dfzgbys/T/1543668170147-0/src/IntentShare-master/gradlew, -b, /var/folders/bq/vtzpc5ns5sg2cthy61lqpg3dfzgbys/T/1543668170147-0/src/IntentShare-master/build.gradle, -Dorg.gradle.daemon=false, -Dorg.gradle.daemon.performance.enable-monitoring=false, -Dorg.gradle.configureondemand=true, tasks]
2018-12-01 19:44:57,876 ERROR ProjectTaskService - Could not detect possible Gradle tasks: Process exited with an error: 1 (Exit value: 1)
2018-12-01 19:44:57,876 INFO  ProjectTaskService - Detected possible tasks: 0
2018-12-01 19:44:57,876 INFO  ProjectTaskService - Excluded tasks (0): none
2018-12-01 19:44:57,876 INFO  SysUtils - Execute command: [/var/folders/bq/vtzpc5ns5sg2cthy61lqpg3dfzgbys/T/1543668170147-0/src/IntentShare-master/gradlew, -b, /var/folders/bq/vtzpc5ns5sg2cthy61lqpg3dfzgbys/T/1543668170147-0/src/IntentShare-master/build.gradle, -Dorg.gradle.daemon=false, -Dorg.gradle.daemon.performance.enable-monitoring=false, -Dorg.gradle.configureondemand=true, --stacktrace, build]
2018-12-01 19:45:06,800 ERROR SysUtils - Could not process external command
org.apache.commons.exec.ExecuteException: Process exited with an error: 1 (Exit value: 1)
	at org.apache.commons.exec.DefaultExecutor.executeInternal(DefaultExecutor.java:404)
	at org.apache.commons.exec.DefaultExecutor.execute(DefaultExecutor.java:166)
	at com.github.vbauer.apkmaster.util.SysUtils.execute(SysUtils.java:67)
	at com.github.vbauer.apkmaster.util.SysUtils.executeSimple(SysUtils.java:43)
	at com.github.vbauer.apkmaster.service.assembly.ProjectBuildService.buildProject(ProjectBuildService.java:78)
	at com.github.vbauer.apkmaster.service.assembly.ProjectBuildService.buildProject(ProjectBuildService.java:64)
	at com.github.vbauer.apkmaster.service.assembly.ProjectBuildService.buildProject(ProjectBuildService.java:43)
	at com.github.vbauer.apkmaster.service.FullProcessService.build(FullProcessService.java:84)
	at com.github.vbauer.apkmaster.service.FullProcessService.process(FullProcessService.java:34)
	at com.github.vbauer.apkmaster.app.MainApplication.process(MainApplication.java:38)
	at com.github.vbauer.apkmaster.app.MainApplication.main(MainApplication.java:20)
	at sun.reflect.GeneratedMethodAccessor8.invoke(Unknown Source)
	at sun.reflect.DelegatingMethodAccessorImpl.invoke(DelegatingMethodAccessorImpl.java:43)
	at java.lang.reflect.Method.invoke(Method.java:498)
	at com.android.arsenal.util.ReflectionUtils.invoke(ReflectionUtils.java:52)
	at com.android.arsenal.util.ApkMasterUtils.main(ApkMasterUtils.java:30)
	at com.android.arsenal.service.processor.impl.BuildProcessorServiceImpl.buildProject(BuildProcessorServiceImpl.java:196)
	at com.android.arsenal.service.processor.impl.BuildProcessorServiceImpl.build(BuildProcessorServiceImpl.java:130)
	at com.android.arsenal.service.processor.impl.BuildProcessorServiceImpl.lambda$createTasks$1(BuildProcessorServiceImpl.java:113)
	at java.util.concurrent.FutureTask.run(FutureTask.java:266)
	at java.util.concurrent.Executors$RunnableAdapter.call(Executors.java:511)
	at java.util.concurrent.FutureTask.run(FutureTask.java:266)
	at java.util.concurrent.ThreadPoolExecutor.runWorker(ThreadPoolExecutor.java:1149)
	at java.util.concurrent.ThreadPoolExecutor$Worker.run(ThreadPoolExecutor.java:624)
	at java.lang.Thread.run(Thread.java:748)
2018-12-01 19:45:06,800 INFO  SysUtils - Configuration on demand is an incubating feature.
Incremental java compilation is an incubating feature.

FAILURE: Build failed with an exception.

* What went wrong:
A problem occurred configuring project ':sample'.
> No toolchains found in the NDK toolchains folder for ABI with prefix: mipsel-linux-android

* Try:
Run with --info or --debug option to get more log output.

* Exception is:
org.gradle.api.ProjectConfigurationException: A problem occurred configuring project ':sample'.
	at org.gradle.configuration.project.LifecycleProjectEvaluator.addConfigurationFailure(LifecycleProjectEvaluator.java:79)
	at org.gradle.configuration.project.LifecycleProjectEvaluator.notifyAfterEvaluate(LifecycleProjectEvaluator.java:74)
	at org.gradle.configuration.project.LifecycleProjectEvaluator.evaluate(LifecycleProjectEvaluator.java:61)
	at org.gradle.api.internal.project.AbstractProject.evaluate(AbstractProject.java:540)
	at org.gradle.api.internal.project.AbstractProject.evaluate(AbstractProject.java:93)
	at org.gradle.execution.TaskPathProjectEvaluator.configureHierarchy(TaskPathProjectEvaluator.java:47)
	at org.gradle.execution.TaskSelector.getSelection(TaskSelector.java:84)
	at org.gradle.execution.TaskSelector.getSelection(TaskSelector.java:75)
	at org.gradle.execution.commandline.CommandLineTaskParser.parseTasks(CommandLineTaskParser.java:42)
	at org.gradle.execution.TaskNameResolvingBuildConfigurationAction.configure(TaskNameResolvingBuildConfigurationAction.java:44)
	at org.gradle.execution.DefaultBuildConfigurationActionExecuter.configure(DefaultBuildConfigurationActionExecuter.java:48)
	at org.gradle.execution.DefaultBuildConfigurationActionExecuter.access$000(DefaultBuildConfigurationActionExecuter.java:25)
	at org.gradle.execution.DefaultBuildConfigurationActionExecuter$1.proceed(DefaultBuildConfigurationActionExecuter.java:54)
	at org.gradle.execution.DefaultTasksBuildExecutionAction.configure(DefaultTasksBuildExecutionAction.java:44)
	at org.gradle.execution.DefaultBuildConfigurationActionExecuter.configure(DefaultBuildConfigurationActionExecuter.java:48)
	at org.gradle.execution.DefaultBuildConfigurationActionExecuter.access$000(DefaultBuildConfigurationActionExecuter.java:25)
	at org.gradle.execution.DefaultBuildConfigurationActionExecuter$1.proceed(DefaultBuildConfigurationActionExecuter.java:54)
	at org.gradle.execution.ExcludedTaskFilteringBuildConfigurationAction.configure(ExcludedTaskFilteringBuildConfigurationAction.java:47)
	at org.gradle.execution.DefaultBuildConfigurationActionExecuter.configure(DefaultBuildConfigurationActionExecuter.java:48)
	at org.gradle.execution.DefaultBuildConfigurationActionExecuter.select(DefaultBuildConfigurationActionExecuter.java:36)
	at org.gradle.initialization.DefaultGradleLauncher$3.run(DefaultGradleLauncher.java:142)
	at org.gradle.internal.Factories$1.create(Factories.java:22)
	at org.gradle.internal.progress.DefaultBuildOperationExecutor.run(DefaultBuildOperationExecutor.java:91)
	at org.gradle.internal.progress.DefaultBuildOperationExecutor.run(DefaultBuildOperationExecutor.java:53)
	at org.gradle.initialization.DefaultGradleLauncher.doBuildStages(DefaultGradleLauncher.java:139)
	at org.gradle.initialization.DefaultGradleLauncher.access$200(DefaultGradleLauncher.java:32)
	at org.gradle.initialization.DefaultGradleLauncher$1.create(DefaultGradleLauncher.java:98)
	at org.gradle.initialization.DefaultGradleLauncher$1.create(DefaultGradleLauncher.java:92)
	at org.gradle.internal.progress.DefaultBuildOperationExecutor.run(DefaultBuildOperationExecutor.java:91)
	at org.gradle.internal.progress.DefaultBuildOperationExecutor.run(DefaultBuildOperationExecutor.java:63)
	at org.gradle.initialization.DefaultGradleLauncher.doBuild(DefaultGradleLauncher.java:92)
	at org.gradle.initialization.DefaultGradleLauncher.run(DefaultGradleLauncher.java:83)
	at org.gradle.launcher.exec.InProcessBuildActionExecuter$DefaultBuildController.run(InProcessBuildActionExecuter.java:99)
	at org.gradle.tooling.internal.provider.ExecuteBuildActionRunner.run(ExecuteBuildActionRunner.java:28)
	at org.gradle.launcher.exec.ChainingBuildActionRunner.run(ChainingBuildActionRunner.java:35)
	at org.gradle.launcher.exec.InProcessBuildActionExecuter.execute(InProcessBuildActionExecuter.java:48)
	at org.gradle.launcher.exec.InProcessBuildActionExecuter.execute(InProcessBuildActionExecuter.java:30)
	at org.gradle.launcher.exec.ContinuousBuildActionExecuter.execute(ContinuousBuildActionExecuter.java:81)
	at org.gradle.launcher.exec.ContinuousBuildActionExecuter.execute(ContinuousBuildActionExecuter.java:46)
	at org.gradle.launcher.exec.DaemonUsageSuggestingBuildActionExecuter.execute(DaemonUsageSuggestingBuildActionExecuter.java:51)
	at org.gradle.launcher.exec.DaemonUsageSuggestingBuildActionExecuter.execute(DaemonUsageSuggestingBuildActionExecuter.java:28)
	at org.gradle.launcher.cli.RunBuildAction.run(RunBuildAction.java:43)
	at org.gradle.internal.Actions$RunnableActionAdapter.execute(Actions.java:173)
	at org.gradle.launcher.cli.CommandLineActionFactory$ParseAndBuildAction.execute(CommandLineActionFactory.java:239)
	at org.gradle.launcher.cli.CommandLineActionFactory$ParseAndBuildAction.execute(CommandLineActionFactory.java:212)
	at org.gradle.launcher.cli.JavaRuntimeValidationAction.execute(JavaRuntimeValidationAction.java:35)
	at org.gradle.launcher.cli.JavaRuntimeValidationAction.execute(JavaRuntimeValidationAction.java:24)
	at org.gradle.launcher.cli.ExceptionReportingAction.execute(ExceptionReportingAction.java:33)
	at org.gradle.launcher.cli.ExceptionReportingAction.execute(ExceptionReportingAction.java:22)
	at org.gradle.launcher.cli.CommandLineActionFactory$WithLogging.execute(CommandLineActionFactory.java:205)
	at org.gradle.launcher.cli.CommandLineActionFactory$WithLogging.execute(CommandLineActionFactory.java:169)
	at org.gradle.launcher.Main.doAction(Main.java:33)
	at org.gradle.launcher.bootstrap.EntryPoint.run(EntryPoint.java:45)
	at org.gradle.launcher.bootstrap.ProcessBootstrap.runNoExit(ProcessBootstrap.java:55)
	at org.gradle.launcher.bootstrap.ProcessBootstrap.run(ProcessBootstrap.java:36)
	at org.gradle.launcher.GradleMain.main(GradleMain.java:23)
	at org.gradle.wrapper.BootstrapMainStarter.start(BootstrapMainStarter.java:33)
	at org.gradle.wrapper.WrapperExecutor.execute(WrapperExecutor.java:130)
	at org.gradle.wrapper.GradleWrapperMain.main(GradleWrapperMain.java:48)
Caused by: java.lang.RuntimeException: No toolchains found in the NDK toolchains folder for ABI with prefix: mipsel-linux-android
	at com.android.build.gradle.internal.ndk.DefaultNdkInfo.getDefaultToolchainVersion(DefaultNdkInfo.java:330)
	at com.android.build.gradle.internal.ndk.DefaultNdkInfo.getToolchainPath(DefaultNdkInfo.java:207)
	at com.android.build.gradle.internal.ndk.DefaultNdkInfo.getStripExecutable(DefaultNdkInfo.java:300)
	at com.android.build.gradle.internal.ndk.NdkHandler.getStripExecutable(NdkHandler.java:333)
	at com.android.build.gradle.internal.transforms.StripDebugSymbolTransform.<init>(StripDebugSymbolTransform.java:87)
	at com.android.build.gradle.internal.TaskManager.createStripNativeLibraryTask(TaskManager.java:1342)
	at com.android.build.gradle.internal.ApplicationTaskManager.createTasksForVariantData(ApplicationTaskManager.java:289)
	at com.android.build.gradle.internal.VariantManager.createTasksForVariantData(VariantManager.java:485)
	at com.android.build.gradle.internal.VariantManager$3.call(VariantManager.java:293)
	at com.android.build.gradle.internal.VariantManager$3.call(VariantManager.java:290)
	at com.android.builder.profile.ThreadRecorder.record(ThreadRecorder.java:156)
	at com.android.builder.profile.ThreadRecorder.record(ThreadRecorder.java:120)
	at com.android.build.gradle.internal.profile.SpanRecorders.record(SpanRecorders.java:44)
	at com.android.build.gradle.internal.VariantManager.createAndroidTasks(VariantManager.java:286)
	at com.android.build.gradle.BasePlugin$11.call(BasePlugin.java:688)
	at com.android.build.gradle.BasePlugin$11.call(BasePlugin.java:685)
	at com.android.builder.profile.ThreadRecorder.record(ThreadRecorder.java:156)
	at com.android.builder.profile.ThreadRecorder.record(ThreadRecorder.java:120)
	at com.android.build.gradle.BasePlugin.createAndroidTasks(BasePlugin.java:683)
	at com.android.build.gradle.BasePlugin$10.call(BasePlugin.java:608)
	at com.android.build.gradle.BasePlugin$10.call(BasePlugin.java:605)
	at com.android.builder.profile.ThreadRecorder.record(ThreadRecorder.java:156)
	at com.android.builder.profile.ThreadRecorder.record(ThreadRecorder.java:120)
	at com.android.build.gradle.BasePlugin.lambda$createTasks$1(BasePlugin.java:603)
	at org.gradle.internal.event.BroadcastDispatch$ActionInvocationHandler.dispatch(BroadcastDispatch.java:93)
	at org.gradle.internal.event.BroadcastDispatch$ActionInvocationHandler.dispatch(BroadcastDispatch.java:82)
	at org.gradle.internal.event.AbstractBroadcastDispatch.dispatch(AbstractBroadcastDispatch.java:44)
	at org.gradle.internal.event.BroadcastDispatch.dispatch(BroadcastDispatch.java:79)
	at org.gradle.internal.event.BroadcastDispatch.dispatch(BroadcastDispatch.java:30)
	at org.gradle.internal.dispatch.ProxyDispatchAdapter$DispatchingInvocationHandler.invoke(ProxyDispatchAdapter.java:93)
	at com.sun.proxy.$Proxy10.afterEvaluate(Unknown Source)
	at org.gradle.configuration.project.LifecycleProjectEvaluator.notifyAfterEvaluate(LifecycleProjectEvaluator.java:67)
	... 57 more


BUILD FAILED

Total time: 8.314 secs

2018-12-01 19:45:07,005 ERROR FullProcessService - Project build has not produced APK file
2018-12-01 19:45:07,198 ERROR FullProcessService - Could not find generated or existed APK file
