2019-07-24 13:30:18,440 INFO  DownloadService - Downloading "https://github.com/RobotPajamas/Blueteeth/archive/master.zip", attempt 3
2019-07-24 13:31:19,088 INFO  GithubDownloadService - Could not find ZIP archive for master branch
2019-07-24 13:31:19,955 INFO  GithubDownloadService - Default branch of this repository: master
2019-07-24 13:31:19,955 INFO  DownloadService - Downloading "https://github.com/RobotPajamas/Blueteeth/archive/master.zip", attempt 3
2019-07-24 13:32:21,805 DEBUG FullProcessService - Repository https://github.com/RobotPajamas/Blueteeth available: true
2019-07-24 13:32:21,805 INFO  FullProcessService - Could not download ZIP file from Github, lets clone it
2019-07-24 13:32:21,805 INFO  SysUtils - Execute command: [git, clone, -q, --single-branch, --depth, 1, https://github.com/RobotPajamas/Blueteeth, /var/folders/bq/vtzpc5ns5sg2cthy61lqpg3dfzgbys/T/1563949818436-0/src]
2019-07-24 13:32:23,774 INFO  SysUtils - 
2019-07-24 13:32:23,782 INFO  GitService - Deleted "/var/folders/bq/vtzpc5ns5sg2cthy61lqpg3dfzgbys/T/1563949818436-0/src/.git": true
2019-07-24 13:32:23,787 INFO  FullProcessService - Size of directory with sources: 458 KB
2019-07-24 13:32:23,787 INFO  SysUtils - Execute command: [git, init, /var/folders/bq/vtzpc5ns5sg2cthy61lqpg3dfzgbys/T/1563949818436-0/src]
2019-07-24 13:32:23,804 INFO  SysUtils - Initialized empty Git repository in /private/var/folders/bq/vtzpc5ns5sg2cthy61lqpg3dfzgbys/T/1563949818436-0/src/.git/

2019-07-24 13:32:23,809 INFO  ProjectBuildService - Gradle wrapper(s): /var/folders/bq/vtzpc5ns5sg2cthy61lqpg3dfzgbys/T/1563949818436-0/src/gradlew
2019-07-24 13:32:23,813 INFO  ProjectBuildService - Build script(s): /var/folders/bq/vtzpc5ns5sg2cthy61lqpg3dfzgbys/T/1563949818436-0/src/blueteeth-sample-java/build.gradle /var/folders/bq/vtzpc5ns5sg2cthy61lqpg3dfzgbys/T/1563949818436-0/src/blueteeth-sample/build.gradle /var/folders/bq/vtzpc5ns5sg2cthy61lqpg3dfzgbys/T/1563949818436-0/src/blueteeth/build.gradle /var/folders/bq/vtzpc5ns5sg2cthy61lqpg3dfzgbys/T/1563949818436-0/src/build.gradle
2019-07-24 13:32:23,817 INFO  ProjectBuildService - All script(s): /var/folders/bq/vtzpc5ns5sg2cthy61lqpg3dfzgbys/T/1563949818436-0/src/blueteeth-sample-java/build.gradle /var/folders/bq/vtzpc5ns5sg2cthy61lqpg3dfzgbys/T/1563949818436-0/src/jcenter/bintrayv1.gradle /var/folders/bq/vtzpc5ns5sg2cthy61lqpg3dfzgbys/T/1563949818436-0/src/jcenter/installv1.gradle /var/folders/bq/vtzpc5ns5sg2cthy61lqpg3dfzgbys/T/1563949818436-0/src/build.gradle /var/folders/bq/vtzpc5ns5sg2cthy61lqpg3dfzgbys/T/1563949818436-0/src/blueteeth-sample/build.gradle /var/folders/bq/vtzpc5ns5sg2cthy61lqpg3dfzgbys/T/1563949818436-0/src/settings.gradle /var/folders/bq/vtzpc5ns5sg2cthy61lqpg3dfzgbys/T/1563949818436-0/src/blueteeth/build.gradle
2019-07-24 13:32:23,818 INFO  DownloadService - Downloading "https://raw.githubusercontent.com/sureshjoshi/JCenter/master/bintrayv1.gradle", attempt 3
2019-07-24 13:32:24,997 INFO  DownloadService - Downloaded https://raw.githubusercontent.com/sureshjoshi/JCenter/master/bintrayv1.gradle, attempt 3
2019-07-24 13:32:24,997 INFO  DownloadService - Downloading "https://raw.githubusercontent.com/sureshjoshi/JCenter/master/installv1.gradle", attempt 3
2019-07-24 13:32:25,231 INFO  DownloadService - Downloaded https://raw.githubusercontent.com/sureshjoshi/JCenter/master/installv1.gradle, attempt 3
2019-07-24 13:32:25,231 INFO  ProjectBuildService - Remote scripts: https://raw.githubusercontent.com/sureshjoshi/JCenter/master/bintrayv1.gradle https://raw.githubusercontent.com/sureshjoshi/JCenter/master/installv1.gradle
2019-07-24 13:32:25,231 INFO  ProjectFixService - Fixing project...
2019-07-24 13:32:25,244 INFO  LocalPropertiesFixService - Created fake /var/folders/bq/vtzpc5ns5sg2cthy61lqpg3dfzgbys/T/1563949818436-0/src/blueteeth-sample-java/local.properties
2019-07-24 13:32:25,244 INFO  ProjectFixService - Build info for "/var/folders/bq/vtzpc5ns5sg2cthy61lqpg3dfzgbys/T/1563949818436-0/src/blueteeth-sample-java/build.gradle": [buildToolsVersion=27.0.3,compileSdkVersion=27,minSdkVersion=21,targetSdkVersion=22]
2019-07-24 13:32:25,245 INFO  LocalPropertiesFixService - Created fake /var/folders/bq/vtzpc5ns5sg2cthy61lqpg3dfzgbys/T/1563949818436-0/src/blueteeth-sample/local.properties
2019-07-24 13:32:25,245 INFO  ProjectFixService - Build info for "/var/folders/bq/vtzpc5ns5sg2cthy61lqpg3dfzgbys/T/1563949818436-0/src/blueteeth-sample/build.gradle": [buildToolsVersion=27.0.3,compileSdkVersion=27,minSdkVersion=21,targetSdkVersion=22]
2019-07-24 13:32:25,246 INFO  LocalPropertiesFixService - Created fake /var/folders/bq/vtzpc5ns5sg2cthy61lqpg3dfzgbys/T/1563949818436-0/src/blueteeth/local.properties
2019-07-24 13:32:25,246 INFO  ProjectFixService - Build info for "/var/folders/bq/vtzpc5ns5sg2cthy61lqpg3dfzgbys/T/1563949818436-0/src/blueteeth/build.gradle": [buildToolsVersion=27.0.3,compileSdkVersion=27,minSdkVersion=21,targetSdkVersion=22]
2019-07-24 13:32:25,247 INFO  LocalPropertiesFixService - Created fake /var/folders/bq/vtzpc5ns5sg2cthy61lqpg3dfzgbys/T/1563949818436-0/src/local.properties
2019-07-24 13:32:25,247 INFO  WrapperPropertiesFixService - Gradle wrapper: https://services.gradle.org/distributions/gradle-4.4-all.zip
2019-07-24 13:32:25,248 INFO  WrapperPropertiesFixService - Gradle wrapper was changed from "-all.zip" to "-bin.zip" (https://services.gradle.org/distributions/gradle-4.4-bin.zip)
2019-07-24 13:32:25,248 INFO  ProjectFixService - Build info for "/var/folders/bq/vtzpc5ns5sg2cthy61lqpg3dfzgbys/T/1563949818436-0/src/build.gradle": [buildToolsVersion=27.0.3,compileSdkVersion=27,minSdkVersion=21,targetSdkVersion=22]
2019-07-24 13:32:25,248 INFO  ProjectFixService - Project was maybe fixed
2019-07-24 13:32:25,249 INFO  ProjectTaskService - Detecting possible tasks...
2019-07-24 13:32:25,249 INFO  SysUtils - Execute command: [/var/folders/bq/vtzpc5ns5sg2cthy61lqpg3dfzgbys/T/1563949818436-0/src/gradlew, -b, /var/folders/bq/vtzpc5ns5sg2cthy61lqpg3dfzgbys/T/1563949818436-0/src/blueteeth-sample-java/build.gradle, -Dorg.gradle.daemon=false, -Dorg.gradle.daemon.performance.enable-monitoring=false, -Dorg.gradle.configureondemand=true, tasks]
2019-07-24 13:32:33,034 INFO  ProjectTaskService - Detected possible tasks: 69
2019-07-24 13:32:33,034 INFO  ProjectTaskService - Excluded tasks (22): lintDebug mockableAndroidJar javadocJar deviceCheck lint testReleaseUnitTest javadoc uninstallRelease deviceAndroidTest uninstallDebugAndroidTest installDebugAndroidTest connectedCheck connectedDebugAndroidTest uninstallAll sourcesJar test check testDebugUnitTest connectedAndroidTest installDebug lintRelease uninstallDebug
2019-07-24 13:32:33,034 INFO  SysUtils - Execute command: [/var/folders/bq/vtzpc5ns5sg2cthy61lqpg3dfzgbys/T/1563949818436-0/src/gradlew, -b, /var/folders/bq/vtzpc5ns5sg2cthy61lqpg3dfzgbys/T/1563949818436-0/src/blueteeth-sample-java/build.gradle, -Dorg.gradle.daemon=false, -Dorg.gradle.daemon.performance.enable-monitoring=false, -Dorg.gradle.configureondemand=true, --stacktrace, -x, lintDebug, -x, mockableAndroidJar, -x, javadocJar, -x, deviceCheck, -x, lint, -x, testReleaseUnitTest, -x, javadoc, -x, uninstallRelease, -x, deviceAndroidTest, -x, uninstallDebugAndroidTest, -x, installDebugAndroidTest, -x, connectedCheck, -x, connectedDebugAndroidTest, -x, uninstallAll, -x, sourcesJar, -x, test, -x, check, -x, testDebugUnitTest, -x, connectedAndroidTest, -x, installDebug, -x, lintRelease, -x, uninstallDebug, build]
2019-07-24 13:32:39,540 ERROR SysUtils - Could not process external command
org.apache.commons.exec.ExecuteException: Process exited with an error: 1 (Exit value: 1)
	at org.apache.commons.exec.DefaultExecutor.executeInternal(DefaultExecutor.java:404)
	at org.apache.commons.exec.DefaultExecutor.execute(DefaultExecutor.java:166)
	at com.github.vbauer.apkmaster.util.SysUtils.execute(SysUtils.java:67)
	at com.github.vbauer.apkmaster.util.SysUtils.executeSimple(SysUtils.java:43)
	at com.github.vbauer.apkmaster.service.assembly.ProjectBuildService.buildProject(ProjectBuildService.java:78)
	at com.github.vbauer.apkmaster.service.assembly.ProjectBuildService.buildProject(ProjectBuildService.java:64)
	at com.github.vbauer.apkmaster.service.assembly.ProjectBuildService.buildProject(ProjectBuildService.java:43)
	at com.github.vbauer.apkmaster.service.FullProcessService.build(FullProcessService.java:84)
	at com.github.vbauer.apkmaster.service.FullProcessService.process(FullProcessService.java:34)
	at com.github.vbauer.apkmaster.app.MainApplication.process(MainApplication.java:38)
	at com.github.vbauer.apkmaster.app.MainApplication.main(MainApplication.java:20)
	at sun.reflect.NativeMethodAccessorImpl.invoke0(Native Method)
	at sun.reflect.NativeMethodAccessorImpl.invoke(NativeMethodAccessorImpl.java:62)
	at sun.reflect.DelegatingMethodAccessorImpl.invoke(DelegatingMethodAccessorImpl.java:43)
	at java.lang.reflect.Method.invoke(Method.java:498)
	at com.android.arsenal.util.ReflectionUtils.invoke(ReflectionUtils.java:52)
	at com.android.arsenal.util.ApkMasterUtils.main(ApkMasterUtils.java:30)
	at com.android.arsenal.service.processor.impl.BuildProcessorServiceImpl.buildProject(BuildProcessorServiceImpl.java:196)
	at com.android.arsenal.service.processor.impl.BuildProcessorServiceImpl.build(BuildProcessorServiceImpl.java:130)
	at com.android.arsenal.service.processor.impl.BuildProcessorServiceImpl.lambda$createTasks$1(BuildProcessorServiceImpl.java:113)
	at java.util.concurrent.FutureTask.run(FutureTask.java:266)
	at java.util.concurrent.Executors$RunnableAdapter.call(Executors.java:511)
	at java.util.concurrent.FutureTask.run(FutureTask.java:266)
	at java.util.concurrent.ThreadPoolExecutor.runWorker(ThreadPoolExecutor.java:1149)
	at java.util.concurrent.ThreadPoolExecutor$Worker.run(ThreadPoolExecutor.java:624)
	at java.lang.Thread.run(Thread.java:748)
2019-07-24 13:32:39,540 INFO  SysUtils - Configuration on demand is an incubating feature.

FAILURE: Build failed with an exception.

* What went wrong:
Task 'javadocJar' not found in project ':blueteeth-sample-java'.

* Try:
Run gradlew tasks to get a list of available tasks. Run with --info or --debug option to get more log output. Run with --scan to get full insights.

* Exception is:
org.gradle.execution.TaskSelectionException: Task 'javadocJar' not found in project ':blueteeth-sample-java'.
	at org.gradle.execution.TaskSelector.getSelection(TaskSelector.java:116)
	at org.gradle.execution.TaskSelector.getFilter(TaskSelector.java:66)
	at org.gradle.execution.ExcludedTaskFilteringBuildConfigurationAction.configure(ExcludedTaskFilteringBuildConfigurationAction.java:42)
	at org.gradle.execution.DefaultBuildConfigurationActionExecuter.configure(DefaultBuildConfigurationActionExecuter.java:48)
	at org.gradle.execution.DefaultBuildConfigurationActionExecuter.select(DefaultBuildConfigurationActionExecuter.java:36)
	at org.gradle.initialization.DefaultGradleLauncher$CalculateTaskGraph.run(DefaultGradleLauncher.java:268)
	at org.gradle.internal.progress.DefaultBuildOperationExecutor$RunnableBuildOperationWorker.execute(DefaultBuildOperationExecutor.java:336)
	at org.gradle.internal.progress.DefaultBuildOperationExecutor$RunnableBuildOperationWorker.execute(DefaultBuildOperationExecutor.java:328)
	at org.gradle.internal.progress.DefaultBuildOperationExecutor.execute(DefaultBuildOperationExecutor.java:199)
	at org.gradle.internal.progress.DefaultBuildOperationExecutor.run(DefaultBuildOperationExecutor.java:110)
	at org.gradle.initialization.DefaultGradleLauncher.constructTaskGraph(DefaultGradleLauncher.java:175)
	at org.gradle.initialization.DefaultGradleLauncher.doBuildStages(DefaultGradleLauncher.java:130)
	at org.gradle.initialization.DefaultGradleLauncher.executeTasks(DefaultGradleLauncher.java:109)
	at org.gradle.internal.invocation.GradleBuildController$1.call(GradleBuildController.java:78)
	at org.gradle.internal.invocation.GradleBuildController$1.call(GradleBuildController.java:75)
	at org.gradle.internal.work.DefaultWorkerLeaseService.withLocks(DefaultWorkerLeaseService.java:152)
	at org.gradle.internal.invocation.GradleBuildController.doBuild(GradleBuildController.java:100)
	at org.gradle.internal.invocation.GradleBuildController.run(GradleBuildController.java:75)
	at org.gradle.tooling.internal.provider.ExecuteBuildActionRunner.run(ExecuteBuildActionRunner.java:28)
	at org.gradle.launcher.exec.ChainingBuildActionRunner.run(ChainingBuildActionRunner.java:35)
	at org.gradle.tooling.internal.provider.ValidatingBuildActionRunner.run(ValidatingBuildActionRunner.java:32)
	at org.gradle.launcher.exec.RunAsBuildOperationBuildActionRunner$1.run(RunAsBuildOperationBuildActionRunner.java:43)
	at org.gradle.internal.progress.DefaultBuildOperationExecutor$RunnableBuildOperationWorker.execute(DefaultBuildOperationExecutor.java:336)
	at org.gradle.internal.progress.DefaultBuildOperationExecutor$RunnableBuildOperationWorker.execute(DefaultBuildOperationExecutor.java:328)
	at org.gradle.internal.progress.DefaultBuildOperationExecutor.execute(DefaultBuildOperationExecutor.java:199)
	at org.gradle.internal.progress.DefaultBuildOperationExecutor.run(DefaultBuildOperationExecutor.java:110)
	at org.gradle.launcher.exec.RunAsBuildOperationBuildActionRunner.run(RunAsBuildOperationBuildActionRunner.java:40)
	at org.gradle.tooling.internal.provider.SubscribableBuildActionRunner.run(SubscribableBuildActionRunner.java:51)
	at org.gradle.launcher.exec.InProcessBuildActionExecuter.execute(InProcessBuildActionExecuter.java:47)
	at org.gradle.launcher.exec.InProcessBuildActionExecuter.execute(InProcessBuildActionExecuter.java:30)
	at org.gradle.launcher.exec.BuildTreeScopeBuildActionExecuter.execute(BuildTreeScopeBuildActionExecuter.java:39)
	at org.gradle.launcher.exec.BuildTreeScopeBuildActionExecuter.execute(BuildTreeScopeBuildActionExecuter.java:25)
	at org.gradle.tooling.internal.provider.ContinuousBuildActionExecuter.execute(ContinuousBuildActionExecuter.java:80)
	at org.gradle.tooling.internal.provider.ContinuousBuildActionExecuter.execute(ContinuousBuildActionExecuter.java:53)
	at org.gradle.tooling.internal.provider.ServicesSetupBuildActionExecuter.execute(ServicesSetupBuildActionExecuter.java:57)
	at org.gradle.tooling.internal.provider.ServicesSetupBuildActionExecuter.execute(ServicesSetupBuildActionExecuter.java:32)
	at org.gradle.tooling.internal.provider.GradleThreadBuildActionExecuter.execute(GradleThreadBuildActionExecuter.java:36)
	at org.gradle.tooling.internal.provider.GradleThreadBuildActionExecuter.execute(GradleThreadBuildActionExecuter.java:25)
	at org.gradle.tooling.internal.provider.ParallelismConfigurationBuildActionExecuter.execute(ParallelismConfigurationBuildActionExecuter.java:43)
	at org.gradle.tooling.internal.provider.ParallelismConfigurationBuildActionExecuter.execute(ParallelismConfigurationBuildActionExecuter.java:29)
	at org.gradle.tooling.internal.provider.StartParamsValidatingActionExecuter.execute(StartParamsValidatingActionExecuter.java:69)
	at org.gradle.tooling.internal.provider.StartParamsValidatingActionExecuter.execute(StartParamsValidatingActionExecuter.java:30)
	at org.gradle.tooling.internal.provider.SessionFailureReportingActionExecuter.execute(SessionFailureReportingActionExecuter.java:59)
	at org.gradle.tooling.internal.provider.SessionFailureReportingActionExecuter.execute(SessionFailureReportingActionExecuter.java:44)
	at org.gradle.tooling.internal.provider.SetupLoggingActionExecuter.execute(SetupLoggingActionExecuter.java:45)
	at org.gradle.tooling.internal.provider.SetupLoggingActionExecuter.execute(SetupLoggingActionExecuter.java:30)
	at org.gradle.launcher.cli.RunBuildAction.run(RunBuildAction.java:51)
	at org.gradle.internal.Actions$RunnableActionAdapter.execute(Actions.java:173)
	at org.gradle.launcher.cli.CommandLineActionFactory$ParseAndBuildAction.execute(CommandLineActionFactory.java:291)
	at org.gradle.launcher.cli.CommandLineActionFactory$ParseAndBuildAction.execute(CommandLineActionFactory.java:264)
	at org.gradle.launcher.cli.JavaRuntimeValidationAction.execute(JavaRuntimeValidationAction.java:33)
	at org.gradle.launcher.cli.JavaRuntimeValidationAction.execute(JavaRuntimeValidationAction.java:24)
	at org.gradle.launcher.cli.ExceptionReportingAction.execute(ExceptionReportingAction.java:33)
	at org.gradle.launcher.cli.ExceptionReportingAction.execute(ExceptionReportingAction.java:22)
	at org.gradle.launcher.cli.CommandLineActionFactory$WithLogging.execute(CommandLineActionFactory.java:257)
	at org.gradle.launcher.cli.CommandLineActionFactory$WithLogging.execute(CommandLineActionFactory.java:191)
	at org.gradle.launcher.Main.doAction(Main.java:33)
	at org.gradle.launcher.bootstrap.EntryPoint.run(EntryPoint.java:45)
	at org.gradle.launcher.bootstrap.ProcessBootstrap.runNoExit(ProcessBootstrap.java:60)
	at org.gradle.launcher.bootstrap.ProcessBootstrap.run(ProcessBootstrap.java:37)
	at org.gradle.launcher.GradleMain.main(GradleMain.java:23)
	at org.gradle.wrapper.BootstrapMainStarter.start(BootstrapMainStarter.java:33)
	at org.gradle.wrapper.WrapperExecutor.execute(WrapperExecutor.java:130)
	at org.gradle.wrapper.GradleWrapperMain.main(GradleWrapperMain.java:48)


* Get more help at https://help.gradle.org

BUILD FAILED in 6s

2019-07-24 13:32:39,540 ERROR ProjectBuildService - Excluded tasks were detected wrong
2019-07-24 13:32:39,540 INFO  SysUtils - Execute command: [/var/folders/bq/vtzpc5ns5sg2cthy61lqpg3dfzgbys/T/1563949818436-0/src/gradlew, -b, /var/folders/bq/vtzpc5ns5sg2cthy61lqpg3dfzgbys/T/1563949818436-0/src/blueteeth-sample-java/build.gradle, -Dorg.gradle.daemon=false, -Dorg.gradle.daemon.performance.enable-monitoring=false, -Dorg.gradle.configureondemand=true, --stacktrace, build]
2019-07-24 13:33:47,564 INFO  SysUtils - Configuration on demand is an incubating feature.
Download https://raw.githubusercontent.com/sureshjoshi/JCenter/master/installv1.gradle
Download https://raw.githubusercontent.com/sureshjoshi/JCenter/master/bintrayv1.gradle
:blueteeth:preBuild UP-TO-DATE
:blueteeth:preDebugBuild UP-TO-DATE
:blueteeth:compileDebugAidl
Download https://jcenter.bintray.com/com/robotpajamas/dispatcher/dispatcher/0.3.1/dispatcher-0.3.1.aar
:blueteeth:compileDebugRenderscript
:blueteeth:checkDebugManifest
:blueteeth:generateDebugBuildConfig
:blueteeth:generateDebugResValues
:blueteeth:generateDebugResources
:blueteeth:packageDebugResources
:blueteeth:platformAttrExtractor
:blueteeth:processDebugManifest
:blueteeth:prepareLintJar
:blueteeth:processDebugJavaRes NO-SOURCE
:blueteeth-sample-java:preBuild UP-TO-DATE
:blueteeth-sample-java:preDebugBuild
:blueteeth-sample-java:compileDebugAidl
:blueteeth:packageDebugRenderscript NO-SOURCE
:blueteeth-sample-java:compileDebugRenderscript
:blueteeth-sample-java:checkDebugManifest
:blueteeth-sample-java:generateDebugBuildConfig
:blueteeth-sample-java:prepareLintJar
:blueteeth-sample-java:mainApkListPersistenceDebug
:blueteeth-sample-java:generateDebugResValues
:blueteeth-sample-java:generateDebugResources
:blueteeth-sample-java:mergeDebugResources
:blueteeth-sample-java:createDebugCompatibleScreenManifests
:blueteeth-sample-java:processDebugManifest
:blueteeth-sample-java:splitsDiscoveryTaskDebug
:blueteeth-sample-java:compileDebugNdk NO-SOURCE
:blueteeth:mergeDebugShaders
:blueteeth:compileDebugShaders
:blueteeth:generateDebugAssets
:blueteeth:packageDebugAssets
:blueteeth-sample-java:mergeDebugShaders
:blueteeth-sample-java:compileDebugShaders
:blueteeth-sample-java:generateDebugAssets
:blueteeth-sample-java:mergeDebugAssets
:blueteeth:compileDebugNdk NO-SOURCE
:blueteeth:mergeDebugJniLibFolders
:blueteeth:transformNativeLibsWithMergeJniLibsForDebug
:blueteeth:transformNativeLibsWithStripDebugSymbolForDebug
:blueteeth:transformNativeLibsWithIntermediateJniLibsForDebug
:blueteeth-sample-java:mergeDebugJniLibFolders
:blueteeth-sample-java:processDebugJavaRes NO-SOURCE
:blueteeth-sample-java:validateSigningDebug
:blueteeth:preReleaseBuild UP-TO-DATE
:blueteeth:compileReleaseAidl
:blueteeth:compileReleaseRenderscript
:blueteeth:checkReleaseManifest
:blueteeth:generateReleaseBuildConfig
:blueteeth:generateReleaseResValues
:blueteeth:generateReleaseResources
:blueteeth:packageReleaseResources
:blueteeth:processReleaseManifest
:blueteeth:processReleaseJavaRes NO-SOURCE
:blueteeth-sample-java:preReleaseBuild
:blueteeth-sample-java:compileReleaseAidl
:blueteeth:packageReleaseRenderscript NO-SOURCE
:blueteeth-sample-java:compileReleaseRenderscript
:blueteeth-sample-java:checkReleaseManifest
:blueteeth-sample-java:generateReleaseBuildConfig
:blueteeth-sample-java:mainApkListPersistenceRelease
:blueteeth-sample-java:generateReleaseResValues
:blueteeth-sample-java:generateReleaseResources
:blueteeth-sample-java:mergeReleaseResources
:blueteeth-sample-java:createReleaseCompatibleScreenManifests
:blueteeth-sample-java:processReleaseManifest
:blueteeth-sample-java:splitsDiscoveryTaskRelease
:blueteeth-sample-java:compileReleaseNdk NO-SOURCE
:blueteeth:mergeReleaseShaders
:blueteeth:compileReleaseShaders
:blueteeth:generateReleaseAssets
:blueteeth:packageReleaseAssets
:blueteeth-sample-java:mergeReleaseShaders
:blueteeth-sample-java:compileReleaseShaders
:blueteeth-sample-java:generateReleaseAssets
:blueteeth-sample-java:mergeReleaseAssets
:blueteeth:compileReleaseNdk NO-SOURCE
:blueteeth:mergeReleaseJniLibFolders
:blueteeth:transformNativeLibsWithMergeJniLibsForRelease
:blueteeth:transformNativeLibsWithStripDebugSymbolForRelease
:blueteeth:transformNativeLibsWithIntermediateJniLibsForRelease
:blueteeth-sample-java:mergeReleaseJniLibFolders
:blueteeth-sample-java:processReleaseJavaRes NO-SOURCE
:blueteeth-sample-java:preDebugUnitTestBuild UP-TO-DATE
:blueteeth-sample-java:mockableAndroidJar
:blueteeth-sample-java:processDebugUnitTestJavaRes NO-SOURCE
:blueteeth-sample-java:preReleaseUnitTestBuild UP-TO-DATE
:blueteeth-sample-java:processReleaseUnitTestJavaRes NO-SOURCE
:blueteeth:generateDebugRFile
:blueteeth:compileDebugKotlin
w: /private/var/folders/bq/vtzpc5ns5sg2cthy61lqpg3dfzgbys/T/1563949818436-0/src/blueteeth/src/main/kotlin/com/robotpajamas/blueteeth/Blueteeth.kt: (155, 22): 'startLeScan(BluetoothAdapter.LeScanCallback!): Boolean' is deprecated. Deprecated in Java
w: /private/var/folders/bq/vtzpc5ns5sg2cthy61lqpg3dfzgbys/T/1563949818436-0/src/blueteeth/src/main/kotlin/com/robotpajamas/blueteeth/Blueteeth.kt: (173, 22): 'stopLeScan(BluetoothAdapter.LeScanCallback!): Unit' is deprecated. Deprecated in Java
w: /private/var/folders/bq/vtzpc5ns5sg2cthy61lqpg3dfzgbys/T/1563949818436-0/src/blueteeth/src/main/kotlin/com/robotpajamas/blueteeth/BlueteethDevice.kt: (244, 26): Parameter 'rssi' is never used
w: /private/var/folders/bq/vtzpc5ns5sg2cthy61lqpg3dfzgbys/T/1563949818436-0/src/blueteeth/src/main/kotlin/com/robotpajamas/blueteeth/BlueteethDevice.kt: (245, 26): Parameter 'scanRecord' is never used
:blueteeth:generateDebugSources
:blueteeth:javaPreCompileDebug
:blueteeth:compileDebugJavaWithJavac
:blueteeth:transformClassesAndResourcesWithPrepareIntermediateJarsForDebug
:blueteeth-sample-java:processDebugResources
:blueteeth-sample-java:generateDebugSources
:blueteeth-sample-java:javaPreCompileDebug
:blueteeth-sample-java:compileDebugJavaWithJavac
:blueteeth-sample-java:compileDebugSources
:blueteeth-sample-java:transformClassesWithStackFramesFixerForDebug
:blueteeth-sample-java:transformClassesWithDesugarForDebug
:blueteeth-sample-java:transformClassesWithDexBuilderForDebug
D8: Stripped invalid locals information from 1 method.
D8: Stripped invalid locals information from 1 method.
:blueteeth-sample-java:transformDexArchiveWithExternalLibsDexMergerForDebug
:blueteeth-sample-java:transformDexArchiveWithDexMergerForDebug
:blueteeth-sample-java:transformNativeLibsWithMergeJniLibsForDebug
:blueteeth-sample-java:transformNativeLibsWithStripDebugSymbolForDebug
:blueteeth-sample-java:transformResourcesWithMergeJavaResForDebug
:blueteeth-sample-java:packageDebug
:blueteeth-sample-java:assembleDebug
:blueteeth:generateReleaseRFile
:blueteeth:compileReleaseKotlin
w: /private/var/folders/bq/vtzpc5ns5sg2cthy61lqpg3dfzgbys/T/1563949818436-0/src/blueteeth/src/main/kotlin/com/robotpajamas/blueteeth/Blueteeth.kt: (155, 22): 'startLeScan(BluetoothAdapter.LeScanCallback!): Boolean' is deprecated. Deprecated in Java
w: /private/var/folders/bq/vtzpc5ns5sg2cthy61lqpg3dfzgbys/T/1563949818436-0/src/blueteeth/src/main/kotlin/com/robotpajamas/blueteeth/Blueteeth.kt: (173, 22): 'stopLeScan(BluetoothAdapter.LeScanCallback!): Unit' is deprecated. Deprecated in Java
w: /private/var/folders/bq/vtzpc5ns5sg2cthy61lqpg3dfzgbys/T/1563949818436-0/src/blueteeth/src/main/kotlin/com/robotpajamas/blueteeth/BlueteethDevice.kt: (244, 26): Parameter 'rssi' is never used
w: /private/var/folders/bq/vtzpc5ns5sg2cthy61lqpg3dfzgbys/T/1563949818436-0/src/blueteeth/src/main/kotlin/com/robotpajamas/blueteeth/BlueteethDevice.kt: (245, 26): Parameter 'scanRecord' is never used
:blueteeth:generateReleaseSources
:blueteeth:javaPreCompileRelease
:blueteeth:compileReleaseJavaWithJavac
:blueteeth:transformClassesAndResourcesWithPrepareIntermediateJarsForRelease
:blueteeth-sample-java:processReleaseResources
:blueteeth-sample-java:generateReleaseSources
:blueteeth-sample-java:javaPreCompileRelease
:blueteeth-sample-java:compileReleaseJavaWithJavac
:blueteeth-sample-java:compileReleaseSources
:blueteeth-sample-java:lintVitalRelease SKIPPED
:blueteeth-sample-java:transformClassesWithStackFramesFixerForRelease
:blueteeth-sample-java:transformClassesWithDesugarForRelease
:blueteeth-sample-java:transformClassesWithDexBuilderForRelease
:blueteeth-sample-java:transformDexArchiveWithExternalLibsDexMergerForRelease
:blueteeth-sample-java:transformDexArchiveWithDexMergerForRelease
:blueteeth-sample-java:transformNativeLibsWithMergeJniLibsForRelease
:blueteeth-sample-java:transformNativeLibsWithStripDebugSymbolForRelease
:blueteeth-sample-java:transformResourcesWithMergeJavaResForRelease
:blueteeth-sample-java:packageRelease
:blueteeth-sample-java:assembleRelease
:blueteeth-sample-java:assemble
:blueteeth-sample-java:lint
Ran lint on variant release: 13 issues found
Ran lint on variant debug: 13 issues found
Wrote HTML report to file:///private/var/folders/bq/vtzpc5ns5sg2cthy61lqpg3dfzgbys/T/1563949818436-0/src/blueteeth-sample-java/build/reports/lint-results.html
Wrote XML report to file:///private/var/folders/bq/vtzpc5ns5sg2cthy61lqpg3dfzgbys/T/1563949818436-0/src/blueteeth-sample-java/build/reports/lint-results.xml
:blueteeth-sample-java:javaPreCompileDebugUnitTest
:blueteeth-sample-java:compileDebugUnitTestJavaWithJavac NO-SOURCE
:blueteeth-sample-java:testDebugUnitTest NO-SOURCE
:blueteeth-sample-java:javaPreCompileReleaseUnitTest
:blueteeth-sample-java:compileReleaseUnitTestJavaWithJavac NO-SOURCE
:blueteeth-sample-java:testReleaseUnitTest NO-SOURCE
:blueteeth-sample-java:test UP-TO-DATE
:blueteeth-sample-java:check
:blueteeth-sample-java:build

BUILD SUCCESSFUL in 1m 7s
100 actionable tasks: 100 executed

2019-07-24 13:33:47,633 INFO  FullProcessService - Found APK file: /var/folders/bq/vtzpc5ns5sg2cthy61lqpg3dfzgbys/T/1563949818436-0/src/blueteeth-sample-java/build/outputs/apk/release/blueteeth-sample-java-release-unsigned.apk
