2018-11-25 16:54:03,068 INFO  DownloadService - Downloading "https://github.com/StephenVinouze/ShapeTextDrawable/archive/master.zip", attempt 3
2018-11-25 16:54:04,423 INFO  DownloadService - Downloaded https://github.com/StephenVinouze/ShapeTextDrawable/archive/master.zip, attempt 3
2018-11-25 16:54:04,423 INFO  DownloadService - Size of file "/var/folders/bq/vtzpc5ns5sg2cthy61lqpg3dfzgbys/T/1543139643065-0/master.zip": 1 MB
2018-11-25 16:54:04,423 INFO  ArchiveUtils - Checking entries [.gradle] in ZIP file...
2018-11-25 16:54:04,429 INFO  ArchiveUtils - Has entries [.gradle] in ZIP file /var/folders/bq/vtzpc5ns5sg2cthy61lqpg3dfzgbys/T/1543139643065-0/master.zip: true
2018-11-25 16:54:04,429 DEBUG ZipUtil - Extracting '/var/folders/bq/vtzpc5ns5sg2cthy61lqpg3dfzgbys/T/1543139643065-0/master.zip' into '/var/folders/bq/vtzpc5ns5sg2cthy61lqpg3dfzgbys/T/1543139643065-0/src'.
2018-11-25 16:54:04,456 INFO  FullProcessService - Size of directory with sources: 1 MB
2018-11-25 16:54:04,456 INFO  SysUtils - Execute command: [git, init, /var/folders/bq/vtzpc5ns5sg2cthy61lqpg3dfzgbys/T/1543139643065-0/src]
2018-11-25 16:54:04,473 INFO  SysUtils - Initialized empty Git repository in /private/var/folders/bq/vtzpc5ns5sg2cthy61lqpg3dfzgbys/T/1543139643065-0/src/.git/

2018-11-25 16:54:04,475 INFO  ProjectBuildService - Gradle wrapper(s): /var/folders/bq/vtzpc5ns5sg2cthy61lqpg3dfzgbys/T/1543139643065-0/src/ShapeTextDrawable-master/gradlew
2018-11-25 16:54:04,478 INFO  ProjectBuildService - Build script(s): /var/folders/bq/vtzpc5ns5sg2cthy61lqpg3dfzgbys/T/1543139643065-0/src/ShapeTextDrawable-master/sample/build.gradle /var/folders/bq/vtzpc5ns5sg2cthy61lqpg3dfzgbys/T/1543139643065-0/src/ShapeTextDrawable-master/build.gradle /var/folders/bq/vtzpc5ns5sg2cthy61lqpg3dfzgbys/T/1543139643065-0/src/ShapeTextDrawable-master/shapetextdrawable/build.gradle
2018-11-25 16:54:04,480 INFO  ProjectBuildService - All script(s): /var/folders/bq/vtzpc5ns5sg2cthy61lqpg3dfzgbys/T/1543139643065-0/src/ShapeTextDrawable-master/shapetextdrawable/build.gradle /var/folders/bq/vtzpc5ns5sg2cthy61lqpg3dfzgbys/T/1543139643065-0/src/ShapeTextDrawable-master/bintray-upload.gradle /var/folders/bq/vtzpc5ns5sg2cthy61lqpg3dfzgbys/T/1543139643065-0/src/ShapeTextDrawable-master/library.gradle /var/folders/bq/vtzpc5ns5sg2cthy61lqpg3dfzgbys/T/1543139643065-0/src/ShapeTextDrawable-master/build.gradle /var/folders/bq/vtzpc5ns5sg2cthy61lqpg3dfzgbys/T/1543139643065-0/src/ShapeTextDrawable-master/sample/build.gradle /var/folders/bq/vtzpc5ns5sg2cthy61lqpg3dfzgbys/T/1543139643065-0/src/ShapeTextDrawable-master/settings.gradle
2018-11-25 16:54:04,480 INFO  ProjectBuildService - Remote scripts: none
2018-11-25 16:54:04,481 INFO  ProjectFixService - Fixing project...
2018-11-25 16:54:04,488 INFO  LocalPropertiesFixService - Created fake /var/folders/bq/vtzpc5ns5sg2cthy61lqpg3dfzgbys/T/1543139643065-0/src/ShapeTextDrawable-master/sample/local.properties
2018-11-25 16:54:04,488 INFO  ProjectFixService - Build info for "/var/folders/bq/vtzpc5ns5sg2cthy61lqpg3dfzgbys/T/1543139643065-0/src/ShapeTextDrawable-master/sample/build.gradle": [buildToolsVersion=23.0.2,compileSdkVersion=23,minSdkVersion=7,targetSdkVersion=23]
2018-11-25 16:54:04,489 INFO  LocalPropertiesFixService - Created fake /var/folders/bq/vtzpc5ns5sg2cthy61lqpg3dfzgbys/T/1543139643065-0/src/ShapeTextDrawable-master/local.properties
2018-11-25 16:54:04,489 INFO  WrapperPropertiesFixService - Gradle wrapper: https://services.gradle.org/distributions/gradle-2.8-all.zip
2018-11-25 16:54:04,489 INFO  WrapperPropertiesFixService - Gradle wrapper was changed from "-all.zip" to "-bin.zip" (https://services.gradle.org/distributions/gradle-2.8-bin.zip)
2018-11-25 16:54:04,491 INFO  ProjectFixService - Build info for "/var/folders/bq/vtzpc5ns5sg2cthy61lqpg3dfzgbys/T/1543139643065-0/src/ShapeTextDrawable-master/build.gradle": [buildToolsVersion=23.0.2,compileSdkVersion=23,minSdkVersion=7,targetSdkVersion=23]
2018-11-25 16:54:04,492 INFO  LocalPropertiesFixService - Created fake /var/folders/bq/vtzpc5ns5sg2cthy61lqpg3dfzgbys/T/1543139643065-0/src/ShapeTextDrawable-master/shapetextdrawable/local.properties
2018-11-25 16:54:04,494 INFO  ProjectFixService - Build info for "/var/folders/bq/vtzpc5ns5sg2cthy61lqpg3dfzgbys/T/1543139643065-0/src/ShapeTextDrawable-master/shapetextdrawable/build.gradle": [buildToolsVersion=23.0.2,compileSdkVersion=23,minSdkVersion=7,targetSdkVersion=23]
2018-11-25 16:54:04,494 INFO  ProjectFixService - Project was maybe fixed
2018-11-25 16:54:04,494 INFO  ProjectTaskService - Detecting possible tasks...
2018-11-25 16:54:04,494 INFO  SysUtils - Execute command: [/var/folders/bq/vtzpc5ns5sg2cthy61lqpg3dfzgbys/T/1543139643065-0/src/ShapeTextDrawable-master/gradlew, -b, /var/folders/bq/vtzpc5ns5sg2cthy61lqpg3dfzgbys/T/1543139643065-0/src/ShapeTextDrawable-master/sample/build.gradle, -Dorg.gradle.daemon=false, -Dorg.gradle.daemon.performance.enable-monitoring=false, -Dorg.gradle.configureondemand=true, tasks]
2018-11-25 16:54:49,965 ERROR ProjectTaskService - Could not detect possible Gradle tasks: Process exited with an error: 1 (Exit value: 1)
2018-11-25 16:54:49,965 INFO  ProjectTaskService - Detected possible tasks: 0
2018-11-25 16:54:49,965 INFO  ProjectTaskService - Excluded tasks (0): none
2018-11-25 16:54:49,965 INFO  SysUtils - Execute command: [/var/folders/bq/vtzpc5ns5sg2cthy61lqpg3dfzgbys/T/1543139643065-0/src/ShapeTextDrawable-master/gradlew, -b, /var/folders/bq/vtzpc5ns5sg2cthy61lqpg3dfzgbys/T/1543139643065-0/src/ShapeTextDrawable-master/sample/build.gradle, -Dorg.gradle.daemon=false, -Dorg.gradle.daemon.performance.enable-monitoring=false, -Dorg.gradle.configureondemand=true, --stacktrace, build]
2018-11-25 16:55:05,569 ERROR SysUtils - Could not process external command
org.apache.commons.exec.ExecuteException: Process exited with an error: 1 (Exit value: 1)
	at org.apache.commons.exec.DefaultExecutor.executeInternal(DefaultExecutor.java:404)
	at org.apache.commons.exec.DefaultExecutor.execute(DefaultExecutor.java:166)
	at com.github.vbauer.apkmaster.util.SysUtils.execute(SysUtils.java:67)
	at com.github.vbauer.apkmaster.util.SysUtils.executeSimple(SysUtils.java:43)
	at com.github.vbauer.apkmaster.service.assembly.ProjectBuildService.buildProject(ProjectBuildService.java:78)
	at com.github.vbauer.apkmaster.service.assembly.ProjectBuildService.buildProject(ProjectBuildService.java:64)
	at com.github.vbauer.apkmaster.service.assembly.ProjectBuildService.buildProject(ProjectBuildService.java:43)
	at com.github.vbauer.apkmaster.service.FullProcessService.build(FullProcessService.java:84)
	at com.github.vbauer.apkmaster.service.FullProcessService.process(FullProcessService.java:34)
	at com.github.vbauer.apkmaster.app.MainApplication.process(MainApplication.java:38)
	at com.github.vbauer.apkmaster.app.MainApplication.main(MainApplication.java:20)
	at sun.reflect.GeneratedMethodAccessor9.invoke(Unknown Source)
	at sun.reflect.DelegatingMethodAccessorImpl.invoke(DelegatingMethodAccessorImpl.java:43)
	at java.lang.reflect.Method.invoke(Method.java:498)
	at com.android.arsenal.util.ReflectionUtils.invoke(ReflectionUtils.java:52)
	at com.android.arsenal.util.ApkMasterUtils.main(ApkMasterUtils.java:30)
	at com.android.arsenal.service.processor.impl.BuildProcessorServiceImpl.buildProject(BuildProcessorServiceImpl.java:196)
	at com.android.arsenal.service.processor.impl.BuildProcessorServiceImpl.build(BuildProcessorServiceImpl.java:130)
	at com.android.arsenal.service.processor.impl.BuildProcessorServiceImpl.lambda$createTasks$1(BuildProcessorServiceImpl.java:113)
	at java.util.concurrent.FutureTask.run(FutureTask.java:266)
	at java.util.concurrent.Executors$RunnableAdapter.call(Executors.java:511)
	at java.util.concurrent.FutureTask.run(FutureTask.java:266)
	at java.util.concurrent.ThreadPoolExecutor.runWorker(ThreadPoolExecutor.java:1149)
	at java.util.concurrent.ThreadPoolExecutor$Worker.run(ThreadPoolExecutor.java:624)
	at java.lang.Thread.run(Thread.java:748)
2018-11-25 16:55:05,569 INFO  SysUtils - Configuration on demand is an incubating feature.

FAILURE: Build failed with an exception.

* What went wrong:
A problem occurred configuring project ':sample'.
> Could not resolve all dependencies for configuration ':sample:_debugCompile'.
   > Could not find com.android.support:support-v4:26.0.2.
     Searched in the following locations:
         https://jcenter.bintray.com/com/android/support/support-v4/26.0.2/support-v4-26.0.2.pom
         https://jcenter.bintray.com/com/android/support/support-v4/26.0.2/support-v4-26.0.2.jar
         https://repo1.maven.org/maven2/com/android/support/support-v4/26.0.2/support-v4-26.0.2.pom
         https://repo1.maven.org/maven2/com/android/support/support-v4/26.0.2/support-v4-26.0.2.jar
         https://oss.sonatype.org/content/repositories/snapshots/com/android/support/support-v4/26.0.2/support-v4-26.0.2.pom
         https://oss.sonatype.org/content/repositories/snapshots/com/android/support/support-v4/26.0.2/support-v4-26.0.2.jar
         file:/Users/vbauer/Library/Android/sdk/extras/android/m2repository/com/android/support/support-v4/26.0.2/support-v4-26.0.2.pom
         file:/Users/vbauer/Library/Android/sdk/extras/android/m2repository/com/android/support/support-v4/26.0.2/support-v4-26.0.2.jar
         file:/Users/vbauer/Library/Android/sdk/extras/google/m2repository/com/android/support/support-v4/26.0.2/support-v4-26.0.2.pom
         file:/Users/vbauer/Library/Android/sdk/extras/google/m2repository/com/android/support/support-v4/26.0.2/support-v4-26.0.2.jar
     Required by:
         ShapeTextDrawable-master:sample:unspecified > com.android.support:appcompat-v7:23.2.1
         ShapeTextDrawable-master:sample:unspecified > com.android.support:appcompat-v7:23.2.1 > com.android.support:support-vector-drawable:23.2.1
   > Could not find com.android.support:support-v4:26.0.2.
     Searched in the following locations:
         https://jcenter.bintray.com/com/android/support/support-v4/26.0.2/support-v4-26.0.2.pom
         https://jcenter.bintray.com/com/android/support/support-v4/26.0.2/support-v4-26.0.2.jar
         https://repo1.maven.org/maven2/com/android/support/support-v4/26.0.2/support-v4-26.0.2.pom
         https://repo1.maven.org/maven2/com/android/support/support-v4/26.0.2/support-v4-26.0.2.jar
         https://oss.sonatype.org/content/repositories/snapshots/com/android/support/support-v4/26.0.2/support-v4-26.0.2.pom
         https://oss.sonatype.org/content/repositories/snapshots/com/android/support/support-v4/26.0.2/support-v4-26.0.2.jar
         file:/Users/vbauer/Library/Android/sdk/extras/android/m2repository/com/android/support/support-v4/26.0.2/support-v4-26.0.2.pom
         file:/Users/vbauer/Library/Android/sdk/extras/android/m2repository/com/android/support/support-v4/26.0.2/support-v4-26.0.2.jar
         file:/Users/vbauer/Library/Android/sdk/extras/google/m2repository/com/android/support/support-v4/26.0.2/support-v4-26.0.2.pom
         file:/Users/vbauer/Library/Android/sdk/extras/google/m2repository/com/android/support/support-v4/26.0.2/support-v4-26.0.2.jar
     Required by:
         ShapeTextDrawable-master:sample:unspecified > com.jakewharton:kotterknife:0.1.0-SNAPSHOT
   > Could not find com.android.support:recyclerview-v7:26.0.2.
     Searched in the following locations:
         https://jcenter.bintray.com/com/android/support/recyclerview-v7/26.0.2/recyclerview-v7-26.0.2.pom
         https://jcenter.bintray.com/com/android/support/recyclerview-v7/26.0.2/recyclerview-v7-26.0.2.jar
         https://repo1.maven.org/maven2/com/android/support/recyclerview-v7/26.0.2/recyclerview-v7-26.0.2.pom
         https://repo1.maven.org/maven2/com/android/support/recyclerview-v7/26.0.2/recyclerview-v7-26.0.2.jar
         https://oss.sonatype.org/content/repositories/snapshots/com/android/support/recyclerview-v7/26.0.2/recyclerview-v7-26.0.2.pom
         https://oss.sonatype.org/content/repositories/snapshots/com/android/support/recyclerview-v7/26.0.2/recyclerview-v7-26.0.2.jar
         file:/Users/vbauer/Library/Android/sdk/extras/android/m2repository/com/android/support/recyclerview-v7/26.0.2/recyclerview-v7-26.0.2.pom
         file:/Users/vbauer/Library/Android/sdk/extras/android/m2repository/com/android/support/recyclerview-v7/26.0.2/recyclerview-v7-26.0.2.jar
         file:/Users/vbauer/Library/Android/sdk/extras/google/m2repository/com/android/support/recyclerview-v7/26.0.2/recyclerview-v7-26.0.2.pom
         file:/Users/vbauer/Library/Android/sdk/extras/google/m2repository/com/android/support/recyclerview-v7/26.0.2/recyclerview-v7-26.0.2.jar
     Required by:
         ShapeTextDrawable-master:sample:unspecified > com.jakewharton:kotterknife:0.1.0-SNAPSHOT

* Try:
Run with --info or --debug option to get more log output.

* Exception is:
org.gradle.api.ProjectConfigurationException: A problem occurred configuring project ':sample'.
	at org.gradle.configuration.project.LifecycleProjectEvaluator.addConfigurationFailure(LifecycleProjectEvaluator.java:79)
	at org.gradle.configuration.project.LifecycleProjectEvaluator.notifyAfterEvaluate(LifecycleProjectEvaluator.java:74)
	at org.gradle.configuration.project.LifecycleProjectEvaluator.evaluate(LifecycleProjectEvaluator.java:61)
	at org.gradle.api.internal.project.AbstractProject.evaluate(AbstractProject.java:499)
	at org.gradle.api.internal.project.AbstractProject.evaluate(AbstractProject.java:86)
	at org.gradle.execution.TaskPathProjectEvaluator.configureHierarchy(TaskPathProjectEvaluator.java:42)
	at org.gradle.execution.TaskSelector.getSelection(TaskSelector.java:84)
	at org.gradle.execution.TaskSelector.getSelection(TaskSelector.java:75)
	at org.gradle.execution.commandline.CommandLineTaskParser.parseTasks(CommandLineTaskParser.java:42)
	at org.gradle.execution.TaskNameResolvingBuildConfigurationAction.configure(TaskNameResolvingBuildConfigurationAction.java:44)
	at org.gradle.execution.DefaultBuildConfigurationActionExecuter.configure(DefaultBuildConfigurationActionExecuter.java:48)
	at org.gradle.execution.DefaultBuildConfigurationActionExecuter.access$000(DefaultBuildConfigurationActionExecuter.java:25)
	at org.gradle.execution.DefaultBuildConfigurationActionExecuter$1.proceed(DefaultBuildConfigurationActionExecuter.java:54)
	at org.gradle.execution.DefaultTasksBuildExecutionAction.configure(DefaultTasksBuildExecutionAction.java:44)
	at org.gradle.execution.DefaultBuildConfigurationActionExecuter.configure(DefaultBuildConfigurationActionExecuter.java:48)
	at org.gradle.execution.DefaultBuildConfigurationActionExecuter.access$000(DefaultBuildConfigurationActionExecuter.java:25)
	at org.gradle.execution.DefaultBuildConfigurationActionExecuter$1.proceed(DefaultBuildConfigurationActionExecuter.java:54)
	at org.gradle.execution.ExcludedTaskFilteringBuildConfigurationAction.configure(ExcludedTaskFilteringBuildConfigurationAction.java:47)
	at org.gradle.execution.DefaultBuildConfigurationActionExecuter.configure(DefaultBuildConfigurationActionExecuter.java:48)
	at org.gradle.execution.DefaultBuildConfigurationActionExecuter.select(DefaultBuildConfigurationActionExecuter.java:36)
	at org.gradle.initialization.DefaultGradleLauncher$3.run(DefaultGradleLauncher.java:143)
	at org.gradle.internal.Factories$1.create(Factories.java:22)
	at org.gradle.internal.progress.DefaultBuildOperationExecutor.run(DefaultBuildOperationExecutor.java:90)
	at org.gradle.internal.progress.DefaultBuildOperationExecutor.run(DefaultBuildOperationExecutor.java:52)
	at org.gradle.initialization.DefaultGradleLauncher.doBuildStages(DefaultGradleLauncher.java:140)
	at org.gradle.initialization.DefaultGradleLauncher.access$200(DefaultGradleLauncher.java:32)
	at org.gradle.initialization.DefaultGradleLauncher$1.create(DefaultGradleLauncher.java:99)
	at org.gradle.initialization.DefaultGradleLauncher$1.create(DefaultGradleLauncher.java:93)
	at org.gradle.internal.progress.DefaultBuildOperationExecutor.run(DefaultBuildOperationExecutor.java:90)
	at org.gradle.internal.progress.DefaultBuildOperationExecutor.run(DefaultBuildOperationExecutor.java:62)
	at org.gradle.initialization.DefaultGradleLauncher.doBuild(DefaultGradleLauncher.java:93)
	at org.gradle.initialization.DefaultGradleLauncher.run(DefaultGradleLauncher.java:82)
	at org.gradle.launcher.exec.InProcessBuildActionExecuter$DefaultBuildController.run(InProcessBuildActionExecuter.java:94)
	at org.gradle.tooling.internal.provider.ExecuteBuildActionRunner.run(ExecuteBuildActionRunner.java:28)
	at org.gradle.launcher.exec.ChainingBuildActionRunner.run(ChainingBuildActionRunner.java:35)
	at org.gradle.launcher.exec.InProcessBuildActionExecuter.execute(InProcessBuildActionExecuter.java:43)
	at org.gradle.launcher.exec.InProcessBuildActionExecuter.execute(InProcessBuildActionExecuter.java:28)
	at org.gradle.launcher.exec.ContinuousBuildActionExecuter.execute(ContinuousBuildActionExecuter.java:77)
	at org.gradle.launcher.exec.ContinuousBuildActionExecuter.execute(ContinuousBuildActionExecuter.java:47)
	at org.gradle.launcher.exec.DaemonUsageSuggestingBuildActionExecuter.execute(DaemonUsageSuggestingBuildActionExecuter.java:51)
	at org.gradle.launcher.exec.DaemonUsageSuggestingBuildActionExecuter.execute(DaemonUsageSuggestingBuildActionExecuter.java:28)
	at org.gradle.launcher.cli.RunBuildAction.run(RunBuildAction.java:43)
	at org.gradle.internal.Actions$RunnableActionAdapter.execute(Actions.java:170)
	at org.gradle.launcher.cli.CommandLineActionFactory$ParseAndBuildAction.execute(CommandLineActionFactory.java:237)
	at org.gradle.launcher.cli.CommandLineActionFactory$ParseAndBuildAction.execute(CommandLineActionFactory.java:210)
	at org.gradle.launcher.cli.JavaRuntimeValidationAction.execute(JavaRuntimeValidationAction.java:35)
	at org.gradle.launcher.cli.JavaRuntimeValidationAction.execute(JavaRuntimeValidationAction.java:24)
	at org.gradle.launcher.cli.CommandLineActionFactory$WithLogging.execute(CommandLineActionFactory.java:206)
	at org.gradle.launcher.cli.CommandLineActionFactory$WithLogging.execute(CommandLineActionFactory.java:169)
	at org.gradle.launcher.cli.ExceptionReportingAction.execute(ExceptionReportingAction.java:33)
	at org.gradle.launcher.cli.ExceptionReportingAction.execute(ExceptionReportingAction.java:22)
	at org.gradle.launcher.Main.doAction(Main.java:33)
	at org.gradle.launcher.bootstrap.EntryPoint.run(EntryPoint.java:45)
	at org.gradle.launcher.bootstrap.ProcessBootstrap.runNoExit(ProcessBootstrap.java:54)
	at org.gradle.launcher.bootstrap.ProcessBootstrap.run(ProcessBootstrap.java:35)
	at org.gradle.launcher.GradleMain.main(GradleMain.java:23)
	at org.gradle.wrapper.BootstrapMainStarter.start(BootstrapMainStarter.java:30)
	at org.gradle.wrapper.WrapperExecutor.execute(WrapperExecutor.java:129)
	at org.gradle.wrapper.GradleWrapperMain.main(GradleWrapperMain.java:61)
Caused by: org.gradle.api.artifacts.ResolveException: Could not resolve all dependencies for configuration ':sample:_debugCompile'.
	at org.gradle.api.internal.artifacts.ivyservice.DefaultLenientConfiguration.rethrowFailure(DefaultLenientConfiguration.java:62)
	at org.gradle.api.internal.artifacts.ivyservice.DefaultResolvedConfiguration.rethrowFailure(DefaultResolvedConfiguration.java:36)
	at org.gradle.api.internal.artifacts.ivyservice.DefaultResolvedConfiguration.getResolvedArtifacts(DefaultResolvedConfiguration.java:59)
	at org.gradle.api.internal.artifacts.ivyservice.SelfResolvingDependencyConfigurationResolver$FilesAggregatingResolvedConfiguration.getResolvedArtifacts(SelfResolvingDependencyConfigurationResolver.java:92)
	at org.gradle.api.internal.artifacts.ivyservice.ErrorHandlingConfigurationResolver$ErrorHandlingResolvedConfiguration.getResolvedArtifacts(ErrorHandlingConfigurationResolver.java:221)
	at com.android.build.gradle.internal.DependencyManager.collectArtifacts(DependencyManager.java:694)
	at com.android.build.gradle.internal.DependencyManager.resolveDependencyForConfig(DependencyManager.java:254)
	at com.android.build.gradle.internal.DependencyManager.resolveDependencies(DependencyManager.java:138)
	at com.android.build.gradle.internal.TaskManager.resolveDependencies(TaskManager.java:327)
	at com.android.build.gradle.internal.VariantManager$9.call(VariantManager.java:597)
	at com.android.build.gradle.internal.VariantManager$9.call(VariantManager.java:594)
	at com.android.builder.profile.ThreadRecorder$1.record(ThreadRecorder.java:55)
	at com.android.builder.profile.ThreadRecorder$1.record(ThreadRecorder.java:47)
	at com.android.build.gradle.internal.profile.SpanRecorders.record(SpanRecorders.java:51)
	at com.android.build.gradle.internal.VariantManager.createVariantData(VariantManager.java:593)
	at com.android.build.gradle.internal.VariantManager.createVariantDataForProductFlavors(VariantManager.java:750)
	at com.android.build.gradle.internal.VariantManager.populateVariantDataList(VariantManager.java:459)
	at com.android.build.gradle.internal.VariantManager$1.call(VariantManager.java:263)
	at com.android.build.gradle.internal.VariantManager$1.call(VariantManager.java:260)
	at com.android.builder.profile.ThreadRecorder$1.record(ThreadRecorder.java:55)
	at com.android.builder.profile.ThreadRecorder$1.record(ThreadRecorder.java:47)
	at com.android.build.gradle.internal.VariantManager.createAndroidTasks(VariantManager.java:259)
	at com.android.build.gradle.BasePlugin$12.call(BasePlugin.java:650)
	at com.android.build.gradle.BasePlugin$12.call(BasePlugin.java:647)
	at com.android.builder.profile.ThreadRecorder$1.record(ThreadRecorder.java:55)
	at com.android.builder.profile.ThreadRecorder$1.record(ThreadRecorder.java:47)
	at com.android.build.gradle.BasePlugin.createAndroidTasks(BasePlugin.java:646)
	at com.android.build.gradle.BasePlugin$10$1.call(BasePlugin.java:566)
	at com.android.build.gradle.BasePlugin$10$1.call(BasePlugin.java:563)
	at com.android.builder.profile.ThreadRecorder$1.record(ThreadRecorder.java:55)
	at com.android.builder.profile.ThreadRecorder$1.record(ThreadRecorder.java:47)
	at com.android.build.gradle.BasePlugin$10.execute(BasePlugin.java:562)
	at com.android.build.gradle.BasePlugin$10.execute(BasePlugin.java:559)
	at org.gradle.internal.event.BroadcastDispatch$ActionInvocationHandler.dispatch(BroadcastDispatch.java:93)
	at org.gradle.internal.event.BroadcastDispatch$ActionInvocationHandler.dispatch(BroadcastDispatch.java:82)
	at org.gradle.internal.event.AbstractBroadcastDispatch.dispatch(AbstractBroadcastDispatch.java:44)
	at org.gradle.internal.event.BroadcastDispatch.dispatch(BroadcastDispatch.java:79)
	at org.gradle.internal.event.BroadcastDispatch.dispatch(BroadcastDispatch.java:30)
	at org.gradle.messaging.dispatch.ProxyDispatchAdapter$DispatchingInvocationHandler.invoke(ProxyDispatchAdapter.java:93)
	at com.sun.proxy.$Proxy10.afterEvaluate(Unknown Source)
	at org.gradle.configuration.project.LifecycleProjectEvaluator.notifyAfterEvaluate(LifecycleProjectEvaluator.java:67)
	... 57 more
Caused by: org.gradle.internal.resolve.ModuleVersionNotFoundException: Could not find com.android.support:support-v4:26.0.2.
Searched in the following locations:
    https://jcenter.bintray.com/com/android/support/support-v4/26.0.2/support-v4-26.0.2.pom
    https://jcenter.bintray.com/com/android/support/support-v4/26.0.2/support-v4-26.0.2.jar
    https://repo1.maven.org/maven2/com/android/support/support-v4/26.0.2/support-v4-26.0.2.pom
    https://repo1.maven.org/maven2/com/android/support/support-v4/26.0.2/support-v4-26.0.2.jar
    https://oss.sonatype.org/content/repositories/snapshots/com/android/support/support-v4/26.0.2/support-v4-26.0.2.pom
    https://oss.sonatype.org/content/repositories/snapshots/com/android/support/support-v4/26.0.2/support-v4-26.0.2.jar
    file:/Users/vbauer/Library/Android/sdk/extras/android/m2repository/com/android/support/support-v4/26.0.2/support-v4-26.0.2.pom
    file:/Users/vbauer/Library/Android/sdk/extras/android/m2repository/com/android/support/support-v4/26.0.2/support-v4-26.0.2.jar
    file:/Users/vbauer/Library/Android/sdk/extras/google/m2repository/com/android/support/support-v4/26.0.2/support-v4-26.0.2.pom
    file:/Users/vbauer/Library/Android/sdk/extras/google/m2repository/com/android/support/support-v4/26.0.2/support-v4-26.0.2.jar
Required by:
    ShapeTextDrawable-master:sample:unspecified > com.android.support:appcompat-v7:23.2.1
    ShapeTextDrawable-master:sample:unspecified > com.android.support:appcompat-v7:23.2.1 > com.android.support:support-vector-drawable:23.2.1
	at org.gradle.internal.resolve.result.DefaultBuildableComponentResolveResult.notFound(DefaultBuildableComponentResolveResult.java:38)
	at org.gradle.api.internal.artifacts.ivyservice.ivyresolve.RepositoryChainComponentMetaDataResolver.resolveModule(RepositoryChainComponentMetaDataResolver.java:88)
	at org.gradle.api.internal.artifacts.ivyservice.ivyresolve.RepositoryChainComponentMetaDataResolver.resolve(RepositoryChainComponentMetaDataResolver.java:59)
	at org.gradle.api.internal.artifacts.ivyservice.resolveengine.ComponentResolversChain$ComponentMetaDataResolverChain.resolve(ComponentResolversChain.java:80)
	at org.gradle.api.internal.artifacts.ivyservice.clientmodule.ClientModuleResolver.resolve(ClientModuleResolver.java:44)
	at org.gradle.api.internal.artifacts.ivyservice.resolveengine.graph.DependencyGraphBuilder$ModuleVersionResolveState.resolve(DependencyGraphBuilder.java:560)
	at org.gradle.api.internal.artifacts.ivyservice.resolveengine.graph.DependencyGraphBuilder$ModuleVersionResolveState.getMetaData(DependencyGraphBuilder.java:570)
	at org.gradle.api.internal.artifacts.ivyservice.resolveengine.graph.DependencyGraphBuilder$DependencyEdge.calculateTargetConfigurations(DependencyGraphBuilder.java:256)
	at org.gradle.api.internal.artifacts.ivyservice.resolveengine.graph.DependencyGraphBuilder$DependencyEdge.attachToTargetConfigurations(DependencyGraphBuilder.java:230)
	at org.gradle.api.internal.artifacts.ivyservice.resolveengine.graph.DependencyGraphBuilder$DependencyEdge.restart(DependencyGraphBuilder.java:251)
	at org.gradle.api.internal.artifacts.ivyservice.resolveengine.graph.DependencyGraphBuilder$ConfigurationNode.restart(DependencyGraphBuilder.java:781)
	at org.gradle.api.internal.artifacts.ivyservice.resolveengine.graph.DependencyGraphBuilder$ModuleVersionResolveState.restart(DependencyGraphBuilder.java:534)
	at org.gradle.api.internal.artifacts.ivyservice.resolveengine.graph.DependencyGraphBuilder$ModuleResolveState.restart(DependencyGraphBuilder.java:461)
	at org.gradle.api.internal.artifacts.ivyservice.resolveengine.graph.DependencyGraphBuilder$2$1.execute(DependencyGraphBuilder.java:148)
	at org.gradle.api.internal.artifacts.ivyservice.resolveengine.graph.DependencyGraphBuilder$2$1.execute(DependencyGraphBuilder.java:143)
	at org.gradle.api.internal.artifacts.ivyservice.resolveengine.graph.conflicts.PotentialConflictFactory$1.withParticipatingModules(PotentialConflictFactory.java:34)
	at org.gradle.api.internal.artifacts.ivyservice.resolveengine.graph.DependencyGraphBuilder$2.execute(DependencyGraphBuilder.java:143)
	at org.gradle.api.internal.artifacts.ivyservice.resolveengine.graph.DependencyGraphBuilder$2.execute(DependencyGraphBuilder.java:141)
	at org.gradle.api.internal.artifacts.ivyservice.resolveengine.graph.conflicts.DefaultConflictHandler.resolveNextConflict(DefaultConflictHandler.java:67)
	at org.gradle.api.internal.artifacts.ivyservice.resolveengine.graph.DependencyGraphBuilder.traverseGraph(DependencyGraphBuilder.java:141)
	at org.gradle.api.internal.artifacts.ivyservice.resolveengine.graph.DependencyGraphBuilder.resolve(DependencyGraphBuilder.java:75)
	at org.gradle.api.internal.artifacts.ivyservice.resolveengine.DefaultArtifactDependencyResolver$1.execute(DefaultArtifactDependencyResolver.java:90)
	at org.gradle.api.internal.artifacts.ivyservice.resolveengine.DefaultArtifactDependencyResolver$1.execute(DefaultArtifactDependencyResolver.java:80)
	at org.gradle.internal.Transformers$4.transform(Transformers.java:137)
	at org.gradle.api.internal.artifacts.ivyservice.DefaultIvyContextManager.withIvy(DefaultIvyContextManager.java:61)
	at org.gradle.api.internal.artifacts.ivyservice.DefaultIvyContextManager.withIvy(DefaultIvyContextManager.java:39)
	at org.gradle.api.internal.artifacts.ivyservice.resolveengine.DefaultArtifactDependencyResolver.resolve(DefaultArtifactDependencyResolver.java:80)
	at org.gradle.api.internal.artifacts.ivyservice.CacheLockingArtifactDependencyResolver$1.run(CacheLockingArtifactDependencyResolver.java:41)
	at org.gradle.internal.Factories$1.create(Factories.java:22)
	at org.gradle.cache.internal.DefaultCacheAccess.useCache(DefaultCacheAccess.java:192)
	at org.gradle.cache.internal.DefaultCacheAccess.useCache(DefaultCacheAccess.java:175)
	at org.gradle.cache.internal.DefaultPersistentDirectoryStore.useCache(DefaultPersistentDirectoryStore.java:106)
	at org.gradle.cache.internal.DefaultCacheFactory$ReferenceTrackingCache.useCache(DefaultCacheFactory.java:187)
	at org.gradle.api.internal.artifacts.ivyservice.DefaultCacheLockingManager.useCache(DefaultCacheLockingManager.java:64)
	at org.gradle.api.internal.artifacts.ivyservice.CacheLockingArtifactDependencyResolver.resolve(CacheLockingArtifactDependencyResolver.java:39)
	at org.gradle.api.internal.artifacts.ivyservice.DefaultConfigurationResolver.resolve(DefaultConfigurationResolver.java:91)
	at org.gradle.api.internal.artifacts.ivyservice.SelfResolvingDependencyConfigurationResolver.resolve(SelfResolvingDependencyConfigurationResolver.java:40)
	at org.gradle.api.internal.artifacts.ivyservice.ShortCircuitEmptyConfigurationResolver.resolve(ShortCircuitEmptyConfigurationResolver.java:52)
	at org.gradle.api.internal.artifacts.ivyservice.ErrorHandlingConfigurationResolver.resolve(ErrorHandlingConfigurationResolver.java:43)
	at org.gradle.api.internal.artifacts.configurations.DefaultConfiguration.resolveGraphIfRequired(DefaultConfiguration.java:359)
	at org.gradle.api.internal.artifacts.configurations.DefaultConfiguration.resolveNow(DefaultConfiguration.java:334)
	at org.gradle.api.internal.artifacts.configurations.DefaultConfiguration.getResolvedConfiguration(DefaultConfiguration.java:327)
	at org.gradle.api.internal.artifacts.configurations.DefaultConfiguration_Decorated.getResolvedConfiguration(Unknown Source)
	... 93 more


BUILD FAILED

Total time: 15.086 secs

2018-11-25 16:55:05,573 INFO  ProjectTaskService - Detecting possible tasks...
2018-11-25 16:55:05,573 INFO  SysUtils - Execute command: [/var/folders/bq/vtzpc5ns5sg2cthy61lqpg3dfzgbys/T/1543139643065-0/src/ShapeTextDrawable-master/gradlew, -b, /var/folders/bq/vtzpc5ns5sg2cthy61lqpg3dfzgbys/T/1543139643065-0/src/ShapeTextDrawable-master/build.gradle, -Dorg.gradle.daemon=false, -Dorg.gradle.daemon.performance.enable-monitoring=false, -Dorg.gradle.configureondemand=true, tasks]
2018-11-25 16:55:20,195 ERROR ProjectTaskService - Could not detect possible Gradle tasks: Process exited with an error: 1 (Exit value: 1)
2018-11-25 16:55:20,195 INFO  ProjectTaskService - Detected possible tasks: 0
2018-11-25 16:55:20,195 INFO  ProjectTaskService - Excluded tasks (0): none
2018-11-25 16:55:20,195 INFO  SysUtils - Execute command: [/var/folders/bq/vtzpc5ns5sg2cthy61lqpg3dfzgbys/T/1543139643065-0/src/ShapeTextDrawable-master/gradlew, -b, /var/folders/bq/vtzpc5ns5sg2cthy61lqpg3dfzgbys/T/1543139643065-0/src/ShapeTextDrawable-master/build.gradle, -Dorg.gradle.daemon=false, -Dorg.gradle.daemon.performance.enable-monitoring=false, -Dorg.gradle.configureondemand=true, --stacktrace, build]
2018-11-25 16:55:34,465 ERROR SysUtils - Could not process external command
org.apache.commons.exec.ExecuteException: Process exited with an error: 1 (Exit value: 1)
	at org.apache.commons.exec.DefaultExecutor.executeInternal(DefaultExecutor.java:404)
	at org.apache.commons.exec.DefaultExecutor.execute(DefaultExecutor.java:166)
	at com.github.vbauer.apkmaster.util.SysUtils.execute(SysUtils.java:67)
	at com.github.vbauer.apkmaster.util.SysUtils.executeSimple(SysUtils.java:43)
	at com.github.vbauer.apkmaster.service.assembly.ProjectBuildService.buildProject(ProjectBuildService.java:78)
	at com.github.vbauer.apkmaster.service.assembly.ProjectBuildService.buildProject(ProjectBuildService.java:64)
	at com.github.vbauer.apkmaster.service.assembly.ProjectBuildService.buildProject(ProjectBuildService.java:43)
	at com.github.vbauer.apkmaster.service.FullProcessService.build(FullProcessService.java:84)
	at com.github.vbauer.apkmaster.service.FullProcessService.process(FullProcessService.java:34)
	at com.github.vbauer.apkmaster.app.MainApplication.process(MainApplication.java:38)
	at com.github.vbauer.apkmaster.app.MainApplication.main(MainApplication.java:20)
	at sun.reflect.GeneratedMethodAccessor9.invoke(Unknown Source)
	at sun.reflect.DelegatingMethodAccessorImpl.invoke(DelegatingMethodAccessorImpl.java:43)
	at java.lang.reflect.Method.invoke(Method.java:498)
	at com.android.arsenal.util.ReflectionUtils.invoke(ReflectionUtils.java:52)
	at com.android.arsenal.util.ApkMasterUtils.main(ApkMasterUtils.java:30)
	at com.android.arsenal.service.processor.impl.BuildProcessorServiceImpl.buildProject(BuildProcessorServiceImpl.java:196)
	at com.android.arsenal.service.processor.impl.BuildProcessorServiceImpl.build(BuildProcessorServiceImpl.java:130)
	at com.android.arsenal.service.processor.impl.BuildProcessorServiceImpl.lambda$createTasks$1(BuildProcessorServiceImpl.java:113)
	at java.util.concurrent.FutureTask.run(FutureTask.java:266)
	at java.util.concurrent.Executors$RunnableAdapter.call(Executors.java:511)
	at java.util.concurrent.FutureTask.run(FutureTask.java:266)
	at java.util.concurrent.ThreadPoolExecutor.runWorker(ThreadPoolExecutor.java:1149)
	at java.util.concurrent.ThreadPoolExecutor$Worker.run(ThreadPoolExecutor.java:624)
	at java.lang.Thread.run(Thread.java:748)
2018-11-25 16:55:34,465 INFO  SysUtils - Configuration on demand is an incubating feature.

FAILURE: Build failed with an exception.

* What went wrong:
A problem occurred configuring project ':sample'.
> Could not resolve all dependencies for configuration ':sample:_debugCompile'.
   > Could not find com.android.support:support-v4:26.0.2.
     Searched in the following locations:
         https://jcenter.bintray.com/com/android/support/support-v4/26.0.2/support-v4-26.0.2.pom
         https://jcenter.bintray.com/com/android/support/support-v4/26.0.2/support-v4-26.0.2.jar
         https://repo1.maven.org/maven2/com/android/support/support-v4/26.0.2/support-v4-26.0.2.pom
         https://repo1.maven.org/maven2/com/android/support/support-v4/26.0.2/support-v4-26.0.2.jar
         https://oss.sonatype.org/content/repositories/snapshots/com/android/support/support-v4/26.0.2/support-v4-26.0.2.pom
         https://oss.sonatype.org/content/repositories/snapshots/com/android/support/support-v4/26.0.2/support-v4-26.0.2.jar
         file:/Users/vbauer/Library/Android/sdk/extras/android/m2repository/com/android/support/support-v4/26.0.2/support-v4-26.0.2.pom
         file:/Users/vbauer/Library/Android/sdk/extras/android/m2repository/com/android/support/support-v4/26.0.2/support-v4-26.0.2.jar
         file:/Users/vbauer/Library/Android/sdk/extras/google/m2repository/com/android/support/support-v4/26.0.2/support-v4-26.0.2.pom
         file:/Users/vbauer/Library/Android/sdk/extras/google/m2repository/com/android/support/support-v4/26.0.2/support-v4-26.0.2.jar
     Required by:
         ShapeTextDrawable-master:sample:unspecified > com.android.support:appcompat-v7:23.2.1
         ShapeTextDrawable-master:sample:unspecified > com.android.support:appcompat-v7:23.2.1 > com.android.support:support-vector-drawable:23.2.1
   > Could not find com.android.support:support-v4:26.0.2.
     Searched in the following locations:
         https://jcenter.bintray.com/com/android/support/support-v4/26.0.2/support-v4-26.0.2.pom
         https://jcenter.bintray.com/com/android/support/support-v4/26.0.2/support-v4-26.0.2.jar
         https://repo1.maven.org/maven2/com/android/support/support-v4/26.0.2/support-v4-26.0.2.pom
         https://repo1.maven.org/maven2/com/android/support/support-v4/26.0.2/support-v4-26.0.2.jar
         https://oss.sonatype.org/content/repositories/snapshots/com/android/support/support-v4/26.0.2/support-v4-26.0.2.pom
         https://oss.sonatype.org/content/repositories/snapshots/com/android/support/support-v4/26.0.2/support-v4-26.0.2.jar
         file:/Users/vbauer/Library/Android/sdk/extras/android/m2repository/com/android/support/support-v4/26.0.2/support-v4-26.0.2.pom
         file:/Users/vbauer/Library/Android/sdk/extras/android/m2repository/com/android/support/support-v4/26.0.2/support-v4-26.0.2.jar
         file:/Users/vbauer/Library/Android/sdk/extras/google/m2repository/com/android/support/support-v4/26.0.2/support-v4-26.0.2.pom
         file:/Users/vbauer/Library/Android/sdk/extras/google/m2repository/com/android/support/support-v4/26.0.2/support-v4-26.0.2.jar
     Required by:
         ShapeTextDrawable-master:sample:unspecified > com.jakewharton:kotterknife:0.1.0-SNAPSHOT
   > Could not find com.android.support:recyclerview-v7:26.0.2.
     Searched in the following locations:
         https://jcenter.bintray.com/com/android/support/recyclerview-v7/26.0.2/recyclerview-v7-26.0.2.pom
         https://jcenter.bintray.com/com/android/support/recyclerview-v7/26.0.2/recyclerview-v7-26.0.2.jar
         https://repo1.maven.org/maven2/com/android/support/recyclerview-v7/26.0.2/recyclerview-v7-26.0.2.pom
         https://repo1.maven.org/maven2/com/android/support/recyclerview-v7/26.0.2/recyclerview-v7-26.0.2.jar
         https://oss.sonatype.org/content/repositories/snapshots/com/android/support/recyclerview-v7/26.0.2/recyclerview-v7-26.0.2.pom
         https://oss.sonatype.org/content/repositories/snapshots/com/android/support/recyclerview-v7/26.0.2/recyclerview-v7-26.0.2.jar
         file:/Users/vbauer/Library/Android/sdk/extras/android/m2repository/com/android/support/recyclerview-v7/26.0.2/recyclerview-v7-26.0.2.pom
         file:/Users/vbauer/Library/Android/sdk/extras/android/m2repository/com/android/support/recyclerview-v7/26.0.2/recyclerview-v7-26.0.2.jar
         file:/Users/vbauer/Library/Android/sdk/extras/google/m2repository/com/android/support/recyclerview-v7/26.0.2/recyclerview-v7-26.0.2.pom
         file:/Users/vbauer/Library/Android/sdk/extras/google/m2repository/com/android/support/recyclerview-v7/26.0.2/recyclerview-v7-26.0.2.jar
     Required by:
         ShapeTextDrawable-master:sample:unspecified > com.jakewharton:kotterknife:0.1.0-SNAPSHOT

* Try:
Run with --info or --debug option to get more log output.

* Exception is:
org.gradle.api.ProjectConfigurationException: A problem occurred configuring project ':sample'.
	at org.gradle.configuration.project.LifecycleProjectEvaluator.addConfigurationFailure(LifecycleProjectEvaluator.java:79)
	at org.gradle.configuration.project.LifecycleProjectEvaluator.notifyAfterEvaluate(LifecycleProjectEvaluator.java:74)
	at org.gradle.configuration.project.LifecycleProjectEvaluator.evaluate(LifecycleProjectEvaluator.java:61)
	at org.gradle.api.internal.project.AbstractProject.evaluate(AbstractProject.java:499)
	at org.gradle.api.internal.project.AbstractProject.evaluate(AbstractProject.java:86)
	at org.gradle.execution.TaskPathProjectEvaluator.configureHierarchy(TaskPathProjectEvaluator.java:47)
	at org.gradle.execution.TaskSelector.getSelection(TaskSelector.java:84)
	at org.gradle.execution.TaskSelector.getSelection(TaskSelector.java:75)
	at org.gradle.execution.commandline.CommandLineTaskParser.parseTasks(CommandLineTaskParser.java:42)
	at org.gradle.execution.TaskNameResolvingBuildConfigurationAction.configure(TaskNameResolvingBuildConfigurationAction.java:44)
	at org.gradle.execution.DefaultBuildConfigurationActionExecuter.configure(DefaultBuildConfigurationActionExecuter.java:48)
	at org.gradle.execution.DefaultBuildConfigurationActionExecuter.access$000(DefaultBuildConfigurationActionExecuter.java:25)
	at org.gradle.execution.DefaultBuildConfigurationActionExecuter$1.proceed(DefaultBuildConfigurationActionExecuter.java:54)
	at org.gradle.execution.DefaultTasksBuildExecutionAction.configure(DefaultTasksBuildExecutionAction.java:44)
	at org.gradle.execution.DefaultBuildConfigurationActionExecuter.configure(DefaultBuildConfigurationActionExecuter.java:48)
	at org.gradle.execution.DefaultBuildConfigurationActionExecuter.access$000(DefaultBuildConfigurationActionExecuter.java:25)
	at org.gradle.execution.DefaultBuildConfigurationActionExecuter$1.proceed(DefaultBuildConfigurationActionExecuter.java:54)
	at org.gradle.execution.ExcludedTaskFilteringBuildConfigurationAction.configure(ExcludedTaskFilteringBuildConfigurationAction.java:47)
	at org.gradle.execution.DefaultBuildConfigurationActionExecuter.configure(DefaultBuildConfigurationActionExecuter.java:48)
	at org.gradle.execution.DefaultBuildConfigurationActionExecuter.select(DefaultBuildConfigurationActionExecuter.java:36)
	at org.gradle.initialization.DefaultGradleLauncher$3.run(DefaultGradleLauncher.java:143)
	at org.gradle.internal.Factories$1.create(Factories.java:22)
	at org.gradle.internal.progress.DefaultBuildOperationExecutor.run(DefaultBuildOperationExecutor.java:90)
	at org.gradle.internal.progress.DefaultBuildOperationExecutor.run(DefaultBuildOperationExecutor.java:52)
	at org.gradle.initialization.DefaultGradleLauncher.doBuildStages(DefaultGradleLauncher.java:140)
	at org.gradle.initialization.DefaultGradleLauncher.access$200(DefaultGradleLauncher.java:32)
	at org.gradle.initialization.DefaultGradleLauncher$1.create(DefaultGradleLauncher.java:99)
	at org.gradle.initialization.DefaultGradleLauncher$1.create(DefaultGradleLauncher.java:93)
	at org.gradle.internal.progress.DefaultBuildOperationExecutor.run(DefaultBuildOperationExecutor.java:90)
	at org.gradle.internal.progress.DefaultBuildOperationExecutor.run(DefaultBuildOperationExecutor.java:62)
	at org.gradle.initialization.DefaultGradleLauncher.doBuild(DefaultGradleLauncher.java:93)
	at org.gradle.initialization.DefaultGradleLauncher.run(DefaultGradleLauncher.java:82)
	at org.gradle.launcher.exec.InProcessBuildActionExecuter$DefaultBuildController.run(InProcessBuildActionExecuter.java:94)
	at org.gradle.tooling.internal.provider.ExecuteBuildActionRunner.run(ExecuteBuildActionRunner.java:28)
	at org.gradle.launcher.exec.ChainingBuildActionRunner.run(ChainingBuildActionRunner.java:35)
	at org.gradle.launcher.exec.InProcessBuildActionExecuter.execute(InProcessBuildActionExecuter.java:43)
	at org.gradle.launcher.exec.InProcessBuildActionExecuter.execute(InProcessBuildActionExecuter.java:28)
	at org.gradle.launcher.exec.ContinuousBuildActionExecuter.execute(ContinuousBuildActionExecuter.java:77)
	at org.gradle.launcher.exec.ContinuousBuildActionExecuter.execute(ContinuousBuildActionExecuter.java:47)
	at org.gradle.launcher.exec.DaemonUsageSuggestingBuildActionExecuter.execute(DaemonUsageSuggestingBuildActionExecuter.java:51)
	at org.gradle.launcher.exec.DaemonUsageSuggestingBuildActionExecuter.execute(DaemonUsageSuggestingBuildActionExecuter.java:28)
	at org.gradle.launcher.cli.RunBuildAction.run(RunBuildAction.java:43)
	at org.gradle.internal.Actions$RunnableActionAdapter.execute(Actions.java:170)
	at org.gradle.launcher.cli.CommandLineActionFactory$ParseAndBuildAction.execute(CommandLineActionFactory.java:237)
	at org.gradle.launcher.cli.CommandLineActionFactory$ParseAndBuildAction.execute(CommandLineActionFactory.java:210)
	at org.gradle.launcher.cli.JavaRuntimeValidationAction.execute(JavaRuntimeValidationAction.java:35)
	at org.gradle.launcher.cli.JavaRuntimeValidationAction.execute(JavaRuntimeValidationAction.java:24)
	at org.gradle.launcher.cli.CommandLineActionFactory$WithLogging.execute(CommandLineActionFactory.java:206)
	at org.gradle.launcher.cli.CommandLineActionFactory$WithLogging.execute(CommandLineActionFactory.java:169)
	at org.gradle.launcher.cli.ExceptionReportingAction.execute(ExceptionReportingAction.java:33)
	at org.gradle.launcher.cli.ExceptionReportingAction.execute(ExceptionReportingAction.java:22)
	at org.gradle.launcher.Main.doAction(Main.java:33)
	at org.gradle.launcher.bootstrap.EntryPoint.run(EntryPoint.java:45)
	at org.gradle.launcher.bootstrap.ProcessBootstrap.runNoExit(ProcessBootstrap.java:54)
	at org.gradle.launcher.bootstrap.ProcessBootstrap.run(ProcessBootstrap.java:35)
	at org.gradle.launcher.GradleMain.main(GradleMain.java:23)
	at org.gradle.wrapper.BootstrapMainStarter.start(BootstrapMainStarter.java:30)
	at org.gradle.wrapper.WrapperExecutor.execute(WrapperExecutor.java:129)
	at org.gradle.wrapper.GradleWrapperMain.main(GradleWrapperMain.java:61)
Caused by: org.gradle.api.artifacts.ResolveException: Could not resolve all dependencies for configuration ':sample:_debugCompile'.
	at org.gradle.api.internal.artifacts.ivyservice.DefaultLenientConfiguration.rethrowFailure(DefaultLenientConfiguration.java:62)
	at org.gradle.api.internal.artifacts.ivyservice.DefaultResolvedConfiguration.rethrowFailure(DefaultResolvedConfiguration.java:36)
	at org.gradle.api.internal.artifacts.ivyservice.DefaultResolvedConfiguration.getResolvedArtifacts(DefaultResolvedConfiguration.java:59)
	at org.gradle.api.internal.artifacts.ivyservice.SelfResolvingDependencyConfigurationResolver$FilesAggregatingResolvedConfiguration.getResolvedArtifacts(SelfResolvingDependencyConfigurationResolver.java:92)
	at org.gradle.api.internal.artifacts.ivyservice.ErrorHandlingConfigurationResolver$ErrorHandlingResolvedConfiguration.getResolvedArtifacts(ErrorHandlingConfigurationResolver.java:221)
	at com.android.build.gradle.internal.DependencyManager.collectArtifacts(DependencyManager.java:694)
	at com.android.build.gradle.internal.DependencyManager.resolveDependencyForConfig(DependencyManager.java:254)
	at com.android.build.gradle.internal.DependencyManager.resolveDependencies(DependencyManager.java:138)
	at com.android.build.gradle.internal.TaskManager.resolveDependencies(TaskManager.java:327)
	at com.android.build.gradle.internal.VariantManager$9.call(VariantManager.java:597)
	at com.android.build.gradle.internal.VariantManager$9.call(VariantManager.java:594)
	at com.android.builder.profile.ThreadRecorder$1.record(ThreadRecorder.java:55)
	at com.android.builder.profile.ThreadRecorder$1.record(ThreadRecorder.java:47)
	at com.android.build.gradle.internal.profile.SpanRecorders.record(SpanRecorders.java:51)
	at com.android.build.gradle.internal.VariantManager.createVariantData(VariantManager.java:593)
	at com.android.build.gradle.internal.VariantManager.createVariantDataForProductFlavors(VariantManager.java:750)
	at com.android.build.gradle.internal.VariantManager.populateVariantDataList(VariantManager.java:459)
	at com.android.build.gradle.internal.VariantManager$1.call(VariantManager.java:263)
	at com.android.build.gradle.internal.VariantManager$1.call(VariantManager.java:260)
	at com.android.builder.profile.ThreadRecorder$1.record(ThreadRecorder.java:55)
	at com.android.builder.profile.ThreadRecorder$1.record(ThreadRecorder.java:47)
	at com.android.build.gradle.internal.VariantManager.createAndroidTasks(VariantManager.java:259)
	at com.android.build.gradle.BasePlugin$12.call(BasePlugin.java:650)
	at com.android.build.gradle.BasePlugin$12.call(BasePlugin.java:647)
	at com.android.builder.profile.ThreadRecorder$1.record(ThreadRecorder.java:55)
	at com.android.builder.profile.ThreadRecorder$1.record(ThreadRecorder.java:47)
	at com.android.build.gradle.BasePlugin.createAndroidTasks(BasePlugin.java:646)
	at com.android.build.gradle.BasePlugin$10$1.call(BasePlugin.java:566)
	at com.android.build.gradle.BasePlugin$10$1.call(BasePlugin.java:563)
	at com.android.builder.profile.ThreadRecorder$1.record(ThreadRecorder.java:55)
	at com.android.builder.profile.ThreadRecorder$1.record(ThreadRecorder.java:47)
	at com.android.build.gradle.BasePlugin$10.execute(BasePlugin.java:562)
	at com.android.build.gradle.BasePlugin$10.execute(BasePlugin.java:559)
	at org.gradle.internal.event.BroadcastDispatch$ActionInvocationHandler.dispatch(BroadcastDispatch.java:93)
	at org.gradle.internal.event.BroadcastDispatch$ActionInvocationHandler.dispatch(BroadcastDispatch.java:82)
	at org.gradle.internal.event.AbstractBroadcastDispatch.dispatch(AbstractBroadcastDispatch.java:44)
	at org.gradle.internal.event.BroadcastDispatch.dispatch(BroadcastDispatch.java:79)
	at org.gradle.internal.event.BroadcastDispatch.dispatch(BroadcastDispatch.java:30)
	at org.gradle.messaging.dispatch.ProxyDispatchAdapter$DispatchingInvocationHandler.invoke(ProxyDispatchAdapter.java:93)
	at com.sun.proxy.$Proxy10.afterEvaluate(Unknown Source)
	at org.gradle.configuration.project.LifecycleProjectEvaluator.notifyAfterEvaluate(LifecycleProjectEvaluator.java:67)
	... 57 more
Caused by: org.gradle.internal.resolve.ModuleVersionNotFoundException: Could not find com.android.support:support-v4:26.0.2.
Searched in the following locations:
    https://jcenter.bintray.com/com/android/support/support-v4/26.0.2/support-v4-26.0.2.pom
    https://jcenter.bintray.com/com/android/support/support-v4/26.0.2/support-v4-26.0.2.jar
    https://repo1.maven.org/maven2/com/android/support/support-v4/26.0.2/support-v4-26.0.2.pom
    https://repo1.maven.org/maven2/com/android/support/support-v4/26.0.2/support-v4-26.0.2.jar
    https://oss.sonatype.org/content/repositories/snapshots/com/android/support/support-v4/26.0.2/support-v4-26.0.2.pom
    https://oss.sonatype.org/content/repositories/snapshots/com/android/support/support-v4/26.0.2/support-v4-26.0.2.jar
    file:/Users/vbauer/Library/Android/sdk/extras/android/m2repository/com/android/support/support-v4/26.0.2/support-v4-26.0.2.pom
    file:/Users/vbauer/Library/Android/sdk/extras/android/m2repository/com/android/support/support-v4/26.0.2/support-v4-26.0.2.jar
    file:/Users/vbauer/Library/Android/sdk/extras/google/m2repository/com/android/support/support-v4/26.0.2/support-v4-26.0.2.pom
    file:/Users/vbauer/Library/Android/sdk/extras/google/m2repository/com/android/support/support-v4/26.0.2/support-v4-26.0.2.jar
Required by:
    ShapeTextDrawable-master:sample:unspecified > com.android.support:appcompat-v7:23.2.1
    ShapeTextDrawable-master:sample:unspecified > com.android.support:appcompat-v7:23.2.1 > com.android.support:support-vector-drawable:23.2.1
	at org.gradle.internal.resolve.result.DefaultBuildableComponentResolveResult.notFound(DefaultBuildableComponentResolveResult.java:38)
	at org.gradle.api.internal.artifacts.ivyservice.ivyresolve.RepositoryChainComponentMetaDataResolver.resolveModule(RepositoryChainComponentMetaDataResolver.java:88)
	at org.gradle.api.internal.artifacts.ivyservice.ivyresolve.RepositoryChainComponentMetaDataResolver.resolve(RepositoryChainComponentMetaDataResolver.java:59)
	at org.gradle.api.internal.artifacts.ivyservice.resolveengine.ComponentResolversChain$ComponentMetaDataResolverChain.resolve(ComponentResolversChain.java:80)
	at org.gradle.api.internal.artifacts.ivyservice.clientmodule.ClientModuleResolver.resolve(ClientModuleResolver.java:44)
	at org.gradle.api.internal.artifacts.ivyservice.resolveengine.graph.DependencyGraphBuilder$ModuleVersionResolveState.resolve(DependencyGraphBuilder.java:560)
	at org.gradle.api.internal.artifacts.ivyservice.resolveengine.graph.DependencyGraphBuilder$ModuleVersionResolveState.getMetaData(DependencyGraphBuilder.java:570)
	at org.gradle.api.internal.artifacts.ivyservice.resolveengine.graph.DependencyGraphBuilder$DependencyEdge.calculateTargetConfigurations(DependencyGraphBuilder.java:256)
	at org.gradle.api.internal.artifacts.ivyservice.resolveengine.graph.DependencyGraphBuilder$DependencyEdge.attachToTargetConfigurations(DependencyGraphBuilder.java:230)
	at org.gradle.api.internal.artifacts.ivyservice.resolveengine.graph.DependencyGraphBuilder$DependencyEdge.restart(DependencyGraphBuilder.java:251)
	at org.gradle.api.internal.artifacts.ivyservice.resolveengine.graph.DependencyGraphBuilder$ConfigurationNode.restart(DependencyGraphBuilder.java:781)
	at org.gradle.api.internal.artifacts.ivyservice.resolveengine.graph.DependencyGraphBuilder$ModuleVersionResolveState.restart(DependencyGraphBuilder.java:534)
	at org.gradle.api.internal.artifacts.ivyservice.resolveengine.graph.DependencyGraphBuilder$ModuleResolveState.restart(DependencyGraphBuilder.java:461)
	at org.gradle.api.internal.artifacts.ivyservice.resolveengine.graph.DependencyGraphBuilder$2$1.execute(DependencyGraphBuilder.java:148)
	at org.gradle.api.internal.artifacts.ivyservice.resolveengine.graph.DependencyGraphBuilder$2$1.execute(DependencyGraphBuilder.java:143)
	at org.gradle.api.internal.artifacts.ivyservice.resolveengine.graph.conflicts.PotentialConflictFactory$1.withParticipatingModules(PotentialConflictFactory.java:34)
	at org.gradle.api.internal.artifacts.ivyservice.resolveengine.graph.DependencyGraphBuilder$2.execute(DependencyGraphBuilder.java:143)
	at org.gradle.api.internal.artifacts.ivyservice.resolveengine.graph.DependencyGraphBuilder$2.execute(DependencyGraphBuilder.java:141)
	at org.gradle.api.internal.artifacts.ivyservice.resolveengine.graph.conflicts.DefaultConflictHandler.resolveNextConflict(DefaultConflictHandler.java:67)
	at org.gradle.api.internal.artifacts.ivyservice.resolveengine.graph.DependencyGraphBuilder.traverseGraph(DependencyGraphBuilder.java:141)
	at org.gradle.api.internal.artifacts.ivyservice.resolveengine.graph.DependencyGraphBuilder.resolve(DependencyGraphBuilder.java:75)
	at org.gradle.api.internal.artifacts.ivyservice.resolveengine.DefaultArtifactDependencyResolver$1.execute(DefaultArtifactDependencyResolver.java:90)
	at org.gradle.api.internal.artifacts.ivyservice.resolveengine.DefaultArtifactDependencyResolver$1.execute(DefaultArtifactDependencyResolver.java:80)
	at org.gradle.internal.Transformers$4.transform(Transformers.java:137)
	at org.gradle.api.internal.artifacts.ivyservice.DefaultIvyContextManager.withIvy(DefaultIvyContextManager.java:61)
	at org.gradle.api.internal.artifacts.ivyservice.DefaultIvyContextManager.withIvy(DefaultIvyContextManager.java:39)
	at org.gradle.api.internal.artifacts.ivyservice.resolveengine.DefaultArtifactDependencyResolver.resolve(DefaultArtifactDependencyResolver.java:80)
	at org.gradle.api.internal.artifacts.ivyservice.CacheLockingArtifactDependencyResolver$1.run(CacheLockingArtifactDependencyResolver.java:41)
	at org.gradle.internal.Factories$1.create(Factories.java:22)
	at org.gradle.cache.internal.DefaultCacheAccess.useCache(DefaultCacheAccess.java:192)
	at org.gradle.cache.internal.DefaultCacheAccess.useCache(DefaultCacheAccess.java:175)
	at org.gradle.cache.internal.DefaultPersistentDirectoryStore.useCache(DefaultPersistentDirectoryStore.java:106)
	at org.gradle.cache.internal.DefaultCacheFactory$ReferenceTrackingCache.useCache(DefaultCacheFactory.java:187)
	at org.gradle.api.internal.artifacts.ivyservice.DefaultCacheLockingManager.useCache(DefaultCacheLockingManager.java:64)
	at org.gradle.api.internal.artifacts.ivyservice.CacheLockingArtifactDependencyResolver.resolve(CacheLockingArtifactDependencyResolver.java:39)
	at org.gradle.api.internal.artifacts.ivyservice.DefaultConfigurationResolver.resolve(DefaultConfigurationResolver.java:91)
	at org.gradle.api.internal.artifacts.ivyservice.SelfResolvingDependencyConfigurationResolver.resolve(SelfResolvingDependencyConfigurationResolver.java:40)
	at org.gradle.api.internal.artifacts.ivyservice.ShortCircuitEmptyConfigurationResolver.resolve(ShortCircuitEmptyConfigurationResolver.java:52)
	at org.gradle.api.internal.artifacts.ivyservice.ErrorHandlingConfigurationResolver.resolve(ErrorHandlingConfigurationResolver.java:43)
	at org.gradle.api.internal.artifacts.configurations.DefaultConfiguration.resolveGraphIfRequired(DefaultConfiguration.java:359)
	at org.gradle.api.internal.artifacts.configurations.DefaultConfiguration.resolveNow(DefaultConfiguration.java:334)
	at org.gradle.api.internal.artifacts.configurations.DefaultConfiguration.getResolvedConfiguration(DefaultConfiguration.java:327)
	at org.gradle.api.internal.artifacts.configurations.DefaultConfiguration_Decorated.getResolvedConfiguration(Unknown Source)
	... 93 more


BUILD FAILED

Total time: 13.755 secs

2018-11-25 16:55:34,469 INFO  ProjectTaskService - Detecting possible tasks...
2018-11-25 16:55:34,469 INFO  SysUtils - Execute command: [/var/folders/bq/vtzpc5ns5sg2cthy61lqpg3dfzgbys/T/1543139643065-0/src/ShapeTextDrawable-master/gradlew, -b, /var/folders/bq/vtzpc5ns5sg2cthy61lqpg3dfzgbys/T/1543139643065-0/src/ShapeTextDrawable-master/shapetextdrawable/build.gradle, -Dorg.gradle.daemon=false, -Dorg.gradle.daemon.performance.enable-monitoring=false, -Dorg.gradle.configureondemand=true, tasks]
2018-11-25 16:55:48,980 ERROR ProjectTaskService - Could not detect possible Gradle tasks: Process exited with an error: 1 (Exit value: 1)
2018-11-25 16:55:48,980 INFO  ProjectTaskService - Detected possible tasks: 0
2018-11-25 16:55:48,980 INFO  ProjectTaskService - Excluded tasks (0): none
2018-11-25 16:55:48,980 INFO  SysUtils - Execute command: [/var/folders/bq/vtzpc5ns5sg2cthy61lqpg3dfzgbys/T/1543139643065-0/src/ShapeTextDrawable-master/gradlew, -b, /var/folders/bq/vtzpc5ns5sg2cthy61lqpg3dfzgbys/T/1543139643065-0/src/ShapeTextDrawable-master/shapetextdrawable/build.gradle, -Dorg.gradle.daemon=false, -Dorg.gradle.daemon.performance.enable-monitoring=false, -Dorg.gradle.configureondemand=true, --stacktrace, build]
2018-11-25 16:55:57,767 ERROR SysUtils - Could not process external command
org.apache.commons.exec.ExecuteException: Process exited with an error: 1 (Exit value: 1)
	at org.apache.commons.exec.DefaultExecutor.executeInternal(DefaultExecutor.java:404)
	at org.apache.commons.exec.DefaultExecutor.execute(DefaultExecutor.java:166)
	at com.github.vbauer.apkmaster.util.SysUtils.execute(SysUtils.java:67)
	at com.github.vbauer.apkmaster.util.SysUtils.executeSimple(SysUtils.java:43)
	at com.github.vbauer.apkmaster.service.assembly.ProjectBuildService.buildProject(ProjectBuildService.java:78)
	at com.github.vbauer.apkmaster.service.assembly.ProjectBuildService.buildProject(ProjectBuildService.java:64)
	at com.github.vbauer.apkmaster.service.assembly.ProjectBuildService.buildProject(ProjectBuildService.java:43)
	at com.github.vbauer.apkmaster.service.FullProcessService.build(FullProcessService.java:84)
	at com.github.vbauer.apkmaster.service.FullProcessService.process(FullProcessService.java:34)
	at com.github.vbauer.apkmaster.app.MainApplication.process(MainApplication.java:38)
	at com.github.vbauer.apkmaster.app.MainApplication.main(MainApplication.java:20)
	at sun.reflect.GeneratedMethodAccessor9.invoke(Unknown Source)
	at sun.reflect.DelegatingMethodAccessorImpl.invoke(DelegatingMethodAccessorImpl.java:43)
	at java.lang.reflect.Method.invoke(Method.java:498)
	at com.android.arsenal.util.ReflectionUtils.invoke(ReflectionUtils.java:52)
	at com.android.arsenal.util.ApkMasterUtils.main(ApkMasterUtils.java:30)
	at com.android.arsenal.service.processor.impl.BuildProcessorServiceImpl.buildProject(BuildProcessorServiceImpl.java:196)
	at com.android.arsenal.service.processor.impl.BuildProcessorServiceImpl.build(BuildProcessorServiceImpl.java:130)
	at com.android.arsenal.service.processor.impl.BuildProcessorServiceImpl.lambda$createTasks$1(BuildProcessorServiceImpl.java:113)
	at java.util.concurrent.FutureTask.run(FutureTask.java:266)
	at java.util.concurrent.Executors$RunnableAdapter.call(Executors.java:511)
	at java.util.concurrent.FutureTask.run(FutureTask.java:266)
	at java.util.concurrent.ThreadPoolExecutor.runWorker(ThreadPoolExecutor.java:1149)
	at java.util.concurrent.ThreadPoolExecutor$Worker.run(ThreadPoolExecutor.java:624)
	at java.lang.Thread.run(Thread.java:748)
2018-11-25 16:55:57,768 INFO  SysUtils - Configuration on demand is an incubating feature.
:shapetextdrawable:preBuild UP-TO-DATE
:shapetextdrawable:preDebugBuild UP-TO-DATE
:shapetextdrawable:compileDebugNdk UP-TO-DATE
:shapetextdrawable:compileLint
:shapetextdrawable:copyDebugLint UP-TO-DATE
:shapetextdrawable:mergeDebugProguardFiles
:shapetextdrawable:packageDebugRenderscript UP-TO-DATE
:shapetextdrawable:checkDebugManifest
:shapetextdrawable:prepareDebugDependencies
:shapetextdrawable:compileDebugRenderscript
:shapetextdrawable:generateDebugResValues
:shapetextdrawable:generateDebugResources
:shapetextdrawable:packageDebugResources
:shapetextdrawable:compileDebugAidl
:shapetextdrawable:generateDebugBuildConfig
:shapetextdrawable:generateDebugAssets UP-TO-DATE
:shapetextdrawable:mergeDebugAssets
:shapetextdrawable:processDebugManifest
:shapetextdrawable:processDebugResources
:shapetextdrawable:generateDebugSources
:shapetextdrawable:compileDebugKotlin
:shapetextdrawable:compileDebugJavaWithJavac
:shapetextdrawable:processDebugJavaRes UP-TO-DATE
:shapetextdrawable:transformResourcesWithMergeJavaResForDebug
:shapetextdrawable:transformClassesAndResourcesWithSyncLibJarsForDebug
:shapetextdrawable:mergeDebugJniLibFolders
:shapetextdrawable:transformNative_libsWithMergeJniLibsForDebug
:shapetextdrawable:transformNative_libsWithSyncJniLibsForDebug
:shapetextdrawable:bundleDebug
:shapetextdrawable:compileDebugSources
:shapetextdrawable:assembleDebug
:shapetextdrawable:preReleaseBuild UP-TO-DATE
:shapetextdrawable:compileReleaseNdk UP-TO-DATE
:shapetextdrawable:copyReleaseLint UP-TO-DATE
:shapetextdrawable:mergeReleaseProguardFiles
:shapetextdrawable:packageReleaseRenderscript UP-TO-DATE
:shapetextdrawable:checkReleaseManifest
:shapetextdrawable:prepareReleaseDependencies
:shapetextdrawable:compileReleaseRenderscript
:shapetextdrawable:generateReleaseResValues
:shapetextdrawable:generateReleaseResources
:shapetextdrawable:packageReleaseResources
:shapetextdrawable:compileReleaseAidl
:shapetextdrawable:generateReleaseBuildConfig
:shapetextdrawable:generateReleaseAssets UP-TO-DATE
:shapetextdrawable:mergeReleaseAssets
:shapetextdrawable:processReleaseManifest
:shapetextdrawable:processReleaseResources
:shapetextdrawable:generateReleaseSources
:shapetextdrawable:compileReleaseKotlin
:shapetextdrawable:compileReleaseJavaWithJavac
:shapetextdrawable:processReleaseJavaRes UP-TO-DATE
:shapetextdrawable:transformResourcesWithMergeJavaResForRelease
:shapetextdrawable:transformClassesAndResourcesWithSyncLibJarsForRelease
:shapetextdrawable:mergeReleaseJniLibFolders
:shapetextdrawable:transformNative_libsWithMergeJniLibsForRelease
:shapetextdrawable:transformNative_libsWithSyncJniLibsForRelease
:shapetextdrawable:bundleRelease
:shapetextdrawable:compileReleaseSources
:shapetextdrawable:assembleRelease
:shapetextdrawable:sourcesJar
:shapetextdrawable:assemble
:shapetextdrawable:lint FAILED

FAILURE: Build failed with an exception.

* What went wrong:
Execution failed for task ':shapetextdrawable:lint'.
> No toolchains found in the NDK toolchains folder for ABI with prefix: mipsel-linux-android

* Try:
Run with --info or --debug option to get more log output.

* Exception is:
org.gradle.api.tasks.TaskExecutionException: Execution failed for task ':shapetextdrawable:lint'.
	at org.gradle.api.internal.tasks.execution.ExecuteActionsTaskExecuter.executeActions(ExecuteActionsTaskExecuter.java:69)
	at org.gradle.api.internal.tasks.execution.ExecuteActionsTaskExecuter.execute(ExecuteActionsTaskExecuter.java:46)
	at org.gradle.api.internal.tasks.execution.PostExecutionAnalysisTaskExecuter.execute(PostExecutionAnalysisTaskExecuter.java:35)
	at org.gradle.api.internal.tasks.execution.SkipUpToDateTaskExecuter.execute(SkipUpToDateTaskExecuter.java:64)
	at org.gradle.api.internal.tasks.execution.ValidatingTaskExecuter.execute(ValidatingTaskExecuter.java:58)
	at org.gradle.api.internal.tasks.execution.SkipEmptySourceFilesTaskExecuter.execute(SkipEmptySourceFilesTaskExecuter.java:52)
	at org.gradle.api.internal.tasks.execution.SkipTaskWithNoActionsExecuter.execute(SkipTaskWithNoActionsExecuter.java:52)
	at org.gradle.api.internal.tasks.execution.SkipOnlyIfTaskExecuter.execute(SkipOnlyIfTaskExecuter.java:53)
	at org.gradle.api.internal.tasks.execution.ExecuteAtMostOnceTaskExecuter.execute(ExecuteAtMostOnceTaskExecuter.java:43)
	at org.gradle.execution.taskgraph.DefaultTaskGraphExecuter$EventFiringTaskWorker.execute(DefaultTaskGraphExecuter.java:203)
	at org.gradle.execution.taskgraph.DefaultTaskGraphExecuter$EventFiringTaskWorker.execute(DefaultTaskGraphExecuter.java:185)
	at org.gradle.execution.taskgraph.AbstractTaskPlanExecutor$TaskExecutorWorker.processTask(AbstractTaskPlanExecutor.java:62)
	at org.gradle.execution.taskgraph.AbstractTaskPlanExecutor$TaskExecutorWorker.run(AbstractTaskPlanExecutor.java:50)
	at org.gradle.execution.taskgraph.DefaultTaskPlanExecutor.process(DefaultTaskPlanExecutor.java:25)
	at org.gradle.execution.taskgraph.DefaultTaskGraphExecuter.execute(DefaultTaskGraphExecuter.java:110)
	at org.gradle.execution.SelectedTaskExecutionAction.execute(SelectedTaskExecutionAction.java:37)
	at org.gradle.execution.DefaultBuildExecuter.execute(DefaultBuildExecuter.java:37)
	at org.gradle.execution.DefaultBuildExecuter.access$000(DefaultBuildExecuter.java:23)
	at org.gradle.execution.DefaultBuildExecuter$1.proceed(DefaultBuildExecuter.java:43)
	at org.gradle.execution.DryRunBuildExecutionAction.execute(DryRunBuildExecutionAction.java:32)
	at org.gradle.execution.DefaultBuildExecuter.execute(DefaultBuildExecuter.java:37)
	at org.gradle.execution.DefaultBuildExecuter.execute(DefaultBuildExecuter.java:30)
	at org.gradle.initialization.DefaultGradleLauncher$4.run(DefaultGradleLauncher.java:154)
	at org.gradle.internal.Factories$1.create(Factories.java:22)
	at org.gradle.internal.progress.DefaultBuildOperationExecutor.run(DefaultBuildOperationExecutor.java:90)
	at org.gradle.internal.progress.DefaultBuildOperationExecutor.run(DefaultBuildOperationExecutor.java:52)
	at org.gradle.initialization.DefaultGradleLauncher.doBuildStages(DefaultGradleLauncher.java:151)
	at org.gradle.initialization.DefaultGradleLauncher.access$200(DefaultGradleLauncher.java:32)
	at org.gradle.initialization.DefaultGradleLauncher$1.create(DefaultGradleLauncher.java:99)
	at org.gradle.initialization.DefaultGradleLauncher$1.create(DefaultGradleLauncher.java:93)
	at org.gradle.internal.progress.DefaultBuildOperationExecutor.run(DefaultBuildOperationExecutor.java:90)
	at org.gradle.internal.progress.DefaultBuildOperationExecutor.run(DefaultBuildOperationExecutor.java:62)
	at org.gradle.initialization.DefaultGradleLauncher.doBuild(DefaultGradleLauncher.java:93)
	at org.gradle.initialization.DefaultGradleLauncher.run(DefaultGradleLauncher.java:82)
	at org.gradle.launcher.exec.InProcessBuildActionExecuter$DefaultBuildController.run(InProcessBuildActionExecuter.java:94)
	at org.gradle.tooling.internal.provider.ExecuteBuildActionRunner.run(ExecuteBuildActionRunner.java:28)
	at org.gradle.launcher.exec.ChainingBuildActionRunner.run(ChainingBuildActionRunner.java:35)
	at org.gradle.launcher.exec.InProcessBuildActionExecuter.execute(InProcessBuildActionExecuter.java:43)
	at org.gradle.launcher.exec.InProcessBuildActionExecuter.execute(InProcessBuildActionExecuter.java:28)
	at org.gradle.launcher.exec.ContinuousBuildActionExecuter.execute(ContinuousBuildActionExecuter.java:77)
	at org.gradle.launcher.exec.ContinuousBuildActionExecuter.execute(ContinuousBuildActionExecuter.java:47)
	at org.gradle.launcher.exec.DaemonUsageSuggestingBuildActionExecuter.execute(DaemonUsageSuggestingBuildActionExecuter.java:51)
	at org.gradle.launcher.exec.DaemonUsageSuggestingBuildActionExecuter.execute(DaemonUsageSuggestingBuildActionExecuter.java:28)
	at org.gradle.launcher.cli.RunBuildAction.run(RunBuildAction.java:43)
	at org.gradle.internal.Actions$RunnableActionAdapter.execute(Actions.java:170)
	at org.gradle.launcher.cli.CommandLineActionFactory$ParseAndBuildAction.execute(CommandLineActionFactory.java:237)
	at org.gradle.launcher.cli.CommandLineActionFactory$ParseAndBuildAction.execute(CommandLineActionFactory.java:210)
	at org.gradle.launcher.cli.JavaRuntimeValidationAction.execute(JavaRuntimeValidationAction.java:35)
	at org.gradle.launcher.cli.JavaRuntimeValidationAction.execute(JavaRuntimeValidationAction.java:24)
	at org.gradle.launcher.cli.CommandLineActionFactory$WithLogging.execute(CommandLineActionFactory.java:206)
	at org.gradle.launcher.cli.CommandLineActionFactory$WithLogging.execute(CommandLineActionFactory.java:169)
	at org.gradle.launcher.cli.ExceptionReportingAction.execute(ExceptionReportingAction.java:33)
	at org.gradle.launcher.cli.ExceptionReportingAction.execute(ExceptionReportingAction.java:22)
	at org.gradle.launcher.Main.doAction(Main.java:33)
	at org.gradle.launcher.bootstrap.EntryPoint.run(EntryPoint.java:45)
	at org.gradle.launcher.bootstrap.ProcessBootstrap.runNoExit(ProcessBootstrap.java:54)
	at org.gradle.launcher.bootstrap.ProcessBootstrap.run(ProcessBootstrap.java:35)
	at org.gradle.launcher.GradleMain.main(GradleMain.java:23)
	at org.gradle.wrapper.BootstrapMainStarter.start(BootstrapMainStarter.java:30)
	at org.gradle.wrapper.WrapperExecutor.execute(WrapperExecutor.java:129)
	at org.gradle.wrapper.GradleWrapperMain.main(GradleWrapperMain.java:61)
Caused by: java.lang.RuntimeException: No toolchains found in the NDK toolchains folder for ABI with prefix: mipsel-linux-android
	at com.android.build.gradle.internal.NdkHandler.getDefaultToolchainVersion(NdkHandler.java:340)
	at com.android.build.gradle.internal.NdkHandler.getToolchainPath(NdkHandler.java:232)
	at com.android.build.gradle.internal.NdkHandler.getCCompiler(NdkHandler.java:418)
	at com.android.build.gradle.internal.model.ModelBuilder.createNativeToolchainModelMap(ModelBuilder.java:221)
	at com.android.build.gradle.internal.model.ModelBuilder.buildAll(ModelBuilder.java:162)
	at org.gradle.tooling.provider.model.ToolingModelBuilder$buildAll.call(Unknown Source)
	at com.android.build.gradle.tasks.Lint.createAndroidProject(Lint.groovy:229)
	at com.android.build.gradle.tasks.Lint.this$6$createAndroidProject(Lint.groovy)
	at com.android.build.gradle.tasks.Lint.lint(Lint.groovy:71)
	at org.gradle.internal.reflect.JavaMethod.invoke(JavaMethod.java:75)
	at org.gradle.api.internal.project.taskfactory.AnnotationProcessingTaskFactory$StandardTaskAction.doExecute(AnnotationProcessingTaskFactory.java:227)
	at org.gradle.api.internal.project.taskfactory.AnnotationProcessingTaskFactory$StandardTaskAction.execute(AnnotationProcessingTaskFactory.java:220)
	at org.gradle.api.internal.project.taskfactory.AnnotationProcessingTaskFactory$StandardTaskAction.execute(AnnotationProcessingTaskFactory.java:209)
	at org.gradle.api.internal.AbstractTask$TaskActionWrapper.execute(AbstractTask.java:585)
	at org.gradle.api.internal.AbstractTask$TaskActionWrapper.execute(AbstractTask.java:568)
	at org.gradle.api.internal.tasks.execution.ExecuteActionsTaskExecuter.executeAction(ExecuteActionsTaskExecuter.java:80)
	at org.gradle.api.internal.tasks.execution.ExecuteActionsTaskExecuter.executeActions(ExecuteActionsTaskExecuter.java:61)
	... 60 more


BUILD FAILED

Total time: 8.203 secs

2018-11-25 16:55:57,777 ERROR FullProcessService - Project build has not produced APK file
2018-11-25 16:55:57,785 ERROR FullProcessService - Could not find generated or existed APK file
