2019-07-24 11:58:33,693 INFO  DownloadService - Downloading "https://github.com/intercom/intercom-android/archive/master.zip", attempt 3
2019-07-24 11:58:36,213 INFO  DownloadService - Downloaded https://github.com/intercom/intercom-android/archive/master.zip, attempt 3
2019-07-24 11:58:36,214 INFO  DownloadService - Size of file "/var/folders/bq/vtzpc5ns5sg2cthy61lqpg3dfzgbys/T/1563944313688-0/master.zip": 3 MB
2019-07-24 11:58:36,214 INFO  ArchiveUtils - Checking entries [.gradle] in ZIP file...
2019-07-24 11:58:36,220 INFO  ArchiveUtils - Has entries [.gradle] in ZIP file /var/folders/bq/vtzpc5ns5sg2cthy61lqpg3dfzgbys/T/1563944313688-0/master.zip: true
2019-07-24 11:58:36,220 DEBUG ZipUtil - Extracting '/var/folders/bq/vtzpc5ns5sg2cthy61lqpg3dfzgbys/T/1563944313688-0/master.zip' into '/var/folders/bq/vtzpc5ns5sg2cthy61lqpg3dfzgbys/T/1563944313688-0/src'.
2019-07-24 11:58:36,254 INFO  FullProcessService - Size of directory with sources: 3 MB
2019-07-24 11:58:36,255 INFO  SysUtils - Execute command: [git, init, /var/folders/bq/vtzpc5ns5sg2cthy61lqpg3dfzgbys/T/1563944313688-0/src]
2019-07-24 11:58:36,273 INFO  SysUtils - Initialized empty Git repository in /private/var/folders/bq/vtzpc5ns5sg2cthy61lqpg3dfzgbys/T/1563944313688-0/src/.git/

2019-07-24 11:58:36,275 INFO  ProjectBuildService - Gradle wrapper(s): /var/folders/bq/vtzpc5ns5sg2cthy61lqpg3dfzgbys/T/1563944313688-0/src/intercom-android-master/samples/gradlew
2019-07-24 11:58:36,278 INFO  ProjectBuildService - Build script(s): /var/folders/bq/vtzpc5ns5sg2cthy61lqpg3dfzgbys/T/1563944313688-0/src/intercom-android-master/samples/fcm-sample/build.gradle /var/folders/bq/vtzpc5ns5sg2cthy61lqpg3dfzgbys/T/1563944313688-0/src/intercom-android-master/samples/build.gradle
2019-07-24 11:58:36,279 INFO  ProjectBuildService - All script(s): /var/folders/bq/vtzpc5ns5sg2cthy61lqpg3dfzgbys/T/1563944313688-0/src/intercom-android-master/samples/fcm-sample/build.gradle /var/folders/bq/vtzpc5ns5sg2cthy61lqpg3dfzgbys/T/1563944313688-0/src/intercom-android-master/samples/build.gradle /var/folders/bq/vtzpc5ns5sg2cthy61lqpg3dfzgbys/T/1563944313688-0/src/intercom-android-master/samples/settings.gradle
2019-07-24 11:58:36,280 INFO  ProjectBuildService - Remote scripts: none
2019-07-24 11:58:36,280 INFO  ProjectFixService - Fixing project...
2019-07-24 11:58:36,285 INFO  LocalPropertiesFixService - Created fake /var/folders/bq/vtzpc5ns5sg2cthy61lqpg3dfzgbys/T/1563944313688-0/src/intercom-android-master/samples/fcm-sample/local.properties
2019-07-24 11:58:36,285 INFO  ProjectFixService - Build info for "/var/folders/bq/vtzpc5ns5sg2cthy61lqpg3dfzgbys/T/1563944313688-0/src/intercom-android-master/samples/fcm-sample/build.gradle": [buildToolsVersion=28.0.3,compileSdkVersion=28,minSdkVersion=15,targetSdkVersion=28]
2019-07-24 11:58:36,286 INFO  LocalPropertiesFixService - Created fake /var/folders/bq/vtzpc5ns5sg2cthy61lqpg3dfzgbys/T/1563944313688-0/src/intercom-android-master/samples/local.properties
2019-07-24 11:58:36,287 INFO  WrapperPropertiesFixService - Gradle wrapper: https://services.gradle.org/distributions/gradle-4.4-all.zip
2019-07-24 11:58:36,287 INFO  WrapperPropertiesFixService - Gradle wrapper was changed from "-all.zip" to "-bin.zip" (https://services.gradle.org/distributions/gradle-4.4-bin.zip)
2019-07-24 11:58:36,288 INFO  ProjectFixService - Build info for "/var/folders/bq/vtzpc5ns5sg2cthy61lqpg3dfzgbys/T/1563944313688-0/src/intercom-android-master/samples/build.gradle": [buildToolsVersion=28.0.3,compileSdkVersion=28,minSdkVersion=15,targetSdkVersion=28]
2019-07-24 11:58:36,288 INFO  ProjectFixService - Project was maybe fixed
2019-07-24 11:58:36,288 INFO  ProjectTaskService - Detecting possible tasks...
2019-07-24 11:58:36,288 INFO  SysUtils - Execute command: [/var/folders/bq/vtzpc5ns5sg2cthy61lqpg3dfzgbys/T/1563944313688-0/src/intercom-android-master/samples/gradlew, -b, /var/folders/bq/vtzpc5ns5sg2cthy61lqpg3dfzgbys/T/1563944313688-0/src/intercom-android-master/samples/fcm-sample/build.gradle, -Dorg.gradle.daemon=false, -Dorg.gradle.daemon.performance.enable-monitoring=false, -Dorg.gradle.configureondemand=true, tasks]
2019-07-24 11:58:45,316 INFO  ProjectTaskService - Detected possible tasks: 68
2019-07-24 11:58:45,316 INFO  ProjectTaskService - Excluded tasks (19): lintDebug mockableAndroidJar deviceCheck lint testReleaseUnitTest uninstallRelease deviceAndroidTest uninstallDebugAndroidTest installDebugAndroidTest connectedCheck connectedDebugAndroidTest uninstallAll test check testDebugUnitTest connectedAndroidTest installDebug lintRelease uninstallDebug
2019-07-24 11:58:45,317 INFO  SysUtils - Execute command: [/var/folders/bq/vtzpc5ns5sg2cthy61lqpg3dfzgbys/T/1563944313688-0/src/intercom-android-master/samples/gradlew, -b, /var/folders/bq/vtzpc5ns5sg2cthy61lqpg3dfzgbys/T/1563944313688-0/src/intercom-android-master/samples/fcm-sample/build.gradle, -Dorg.gradle.daemon=false, -Dorg.gradle.daemon.performance.enable-monitoring=false, -Dorg.gradle.configureondemand=true, --stacktrace, -x, lintDebug, -x, mockableAndroidJar, -x, deviceCheck, -x, lint, -x, testReleaseUnitTest, -x, uninstallRelease, -x, deviceAndroidTest, -x, uninstallDebugAndroidTest, -x, installDebugAndroidTest, -x, connectedCheck, -x, connectedDebugAndroidTest, -x, uninstallAll, -x, test, -x, check, -x, testDebugUnitTest, -x, connectedAndroidTest, -x, installDebug, -x, lintRelease, -x, uninstallDebug, build]
2019-07-24 11:58:57,846 ERROR SysUtils - Could not process external command
org.apache.commons.exec.ExecuteException: Process exited with an error: 1 (Exit value: 1)
	at org.apache.commons.exec.DefaultExecutor.executeInternal(DefaultExecutor.java:404)
	at org.apache.commons.exec.DefaultExecutor.execute(DefaultExecutor.java:166)
	at com.github.vbauer.apkmaster.util.SysUtils.execute(SysUtils.java:67)
	at com.github.vbauer.apkmaster.util.SysUtils.executeSimple(SysUtils.java:43)
	at com.github.vbauer.apkmaster.service.assembly.ProjectBuildService.buildProject(ProjectBuildService.java:78)
	at com.github.vbauer.apkmaster.service.assembly.ProjectBuildService.buildProject(ProjectBuildService.java:64)
	at com.github.vbauer.apkmaster.service.assembly.ProjectBuildService.buildProject(ProjectBuildService.java:43)
	at com.github.vbauer.apkmaster.service.FullProcessService.build(FullProcessService.java:84)
	at com.github.vbauer.apkmaster.service.FullProcessService.process(FullProcessService.java:34)
	at com.github.vbauer.apkmaster.app.MainApplication.process(MainApplication.java:38)
	at com.github.vbauer.apkmaster.app.MainApplication.main(MainApplication.java:20)
	at sun.reflect.NativeMethodAccessorImpl.invoke0(Native Method)
	at sun.reflect.NativeMethodAccessorImpl.invoke(NativeMethodAccessorImpl.java:62)
	at sun.reflect.DelegatingMethodAccessorImpl.invoke(DelegatingMethodAccessorImpl.java:43)
	at java.lang.reflect.Method.invoke(Method.java:498)
	at com.android.arsenal.util.ReflectionUtils.invoke(ReflectionUtils.java:52)
	at com.android.arsenal.util.ApkMasterUtils.main(ApkMasterUtils.java:30)
	at com.android.arsenal.service.processor.impl.BuildProcessorServiceImpl.buildProject(BuildProcessorServiceImpl.java:196)
	at com.android.arsenal.service.processor.impl.BuildProcessorServiceImpl.build(BuildProcessorServiceImpl.java:130)
	at com.android.arsenal.service.processor.impl.BuildProcessorServiceImpl.lambda$createTasks$1(BuildProcessorServiceImpl.java:113)
	at java.util.concurrent.FutureTask.run(FutureTask.java:266)
	at java.util.concurrent.Executors$RunnableAdapter.call(Executors.java:511)
	at java.util.concurrent.FutureTask.run(FutureTask.java:266)
	at java.util.concurrent.ThreadPoolExecutor.runWorker(ThreadPoolExecutor.java:1149)
	at java.util.concurrent.ThreadPoolExecutor$Worker.run(ThreadPoolExecutor.java:624)
	at java.lang.Thread.run(Thread.java:748)
2019-07-24 11:58:57,846 INFO  SysUtils - Configuration on demand is an incubating feature.
Could not find google-services.json while looking in [src/nullnull/debug, src/debug/nullnull, src/nullnull, src/debug, src/nullnullDebug]
registerResGeneratingTask is deprecated, use registerGeneratedResFolders(FileCollection)
Could not find google-services.json while looking in [src/nullnull/release, src/release/nullnull, src/nullnull, src/release, src/nullnullRelease]
registerResGeneratingTask is deprecated, use registerGeneratedResFolders(FileCollection)
:fcm-sample:preBuild UP-TO-DATE
:fcm-sample:preDebugBuild
Download https://jcenter.bintray.com/io/intercom/android/intercom-sdk-base/maven-metadata.xml
Download https://jcenter.bintray.com/io/intercom/android/intercom-sdk-base/5.4.0/intercom-sdk-base-5.4.0.pom
Download https://jcenter.bintray.com/io/intercom/android/intercom-sdk-fcm/maven-metadata.xml
Download https://jcenter.bintray.com/io/intercom/android/intercom-sdk-fcm/5.4.0/intercom-sdk-fcm-5.4.0.pom
Download https://jcenter.bintray.com/io/intercom/android/intercom-sdk-fcm/5.4.0/intercom-sdk-fcm-5.4.0.aar
Download https://jcenter.bintray.com/io/intercom/android/intercom-sdk-base/5.4.0/intercom-sdk-base-5.4.0.aar
:fcm-sample:compileDebugAidl
:fcm-sample:compileDebugRenderscript
:fcm-sample:checkDebugManifest
:fcm-sample:generateDebugBuildConfig
:fcm-sample:prepareLintJar
:fcm-sample:mainApkListPersistenceDebug
:fcm-sample:generateDebugResValues
:fcm-sample:generateDebugResources
:fcm-sample:processDebugGoogleServices FAILED

FAILURE: Build failed with an exception.

* What went wrong:
Execution failed for task ':fcm-sample:processDebugGoogleServices'.
> File google-services.json is missing. The Google Services Plugin cannot function without it. 
   Searched Location: 
  /private/var/folders/bq/vtzpc5ns5sg2cthy61lqpg3dfzgbys/T/1563944313688-0/src/intercom-android-master/samples/fcm-sample/src/nullnull/debug/google-services.json
  /private/var/folders/bq/vtzpc5ns5sg2cthy61lqpg3dfzgbys/T/1563944313688-0/src/intercom-android-master/samples/fcm-sample/src/debug/nullnull/google-services.json
  /private/var/folders/bq/vtzpc5ns5sg2cthy61lqpg3dfzgbys/T/1563944313688-0/src/intercom-android-master/samples/fcm-sample/src/nullnull/google-services.json
  /private/var/folders/bq/vtzpc5ns5sg2cthy61lqpg3dfzgbys/T/1563944313688-0/src/intercom-android-master/samples/fcm-sample/src/debug/google-services.json
  /private/var/folders/bq/vtzpc5ns5sg2cthy61lqpg3dfzgbys/T/1563944313688-0/src/intercom-android-master/samples/fcm-sample/src/nullnullDebug/google-services.json
  /private/var/folders/bq/vtzpc5ns5sg2cthy61lqpg3dfzgbys/T/1563944313688-0/src/intercom-android-master/samples/fcm-sample/google-services.json

* Try:
Run with --info or --debug option to get more log output. Run with --scan to get full insights.

* Exception is:
org.gradle.api.tasks.TaskExecutionException: Execution failed for task ':fcm-sample:processDebugGoogleServices'.
	at org.gradle.api.internal.tasks.execution.ExecuteActionsTaskExecuter.executeActions(ExecuteActionsTaskExecuter.java:100)
	at org.gradle.api.internal.tasks.execution.ExecuteActionsTaskExecuter.execute(ExecuteActionsTaskExecuter.java:70)
	at org.gradle.api.internal.tasks.execution.OutputDirectoryCreatingTaskExecuter.execute(OutputDirectoryCreatingTaskExecuter.java:51)
	at org.gradle.api.internal.tasks.execution.SkipUpToDateTaskExecuter.execute(SkipUpToDateTaskExecuter.java:62)
	at org.gradle.api.internal.tasks.execution.ResolveTaskOutputCachingStateExecuter.execute(ResolveTaskOutputCachingStateExecuter.java:54)
	at org.gradle.api.internal.tasks.execution.ValidatingTaskExecuter.execute(ValidatingTaskExecuter.java:60)
	at org.gradle.api.internal.tasks.execution.SkipEmptySourceFilesTaskExecuter.execute(SkipEmptySourceFilesTaskExecuter.java:97)
	at org.gradle.api.internal.tasks.execution.CleanupStaleOutputsExecuter.execute(CleanupStaleOutputsExecuter.java:87)
	at org.gradle.api.internal.tasks.execution.ResolveTaskArtifactStateTaskExecuter.execute(ResolveTaskArtifactStateTaskExecuter.java:52)
	at org.gradle.api.internal.tasks.execution.SkipTaskWithNoActionsExecuter.execute(SkipTaskWithNoActionsExecuter.java:52)
	at org.gradle.api.internal.tasks.execution.SkipOnlyIfTaskExecuter.execute(SkipOnlyIfTaskExecuter.java:54)
	at org.gradle.api.internal.tasks.execution.ExecuteAtMostOnceTaskExecuter.execute(ExecuteAtMostOnceTaskExecuter.java:43)
	at org.gradle.api.internal.tasks.execution.CatchExceptionTaskExecuter.execute(CatchExceptionTaskExecuter.java:34)
	at org.gradle.execution.taskgraph.DefaultTaskGraphExecuter$EventFiringTaskWorker$1.run(DefaultTaskGraphExecuter.java:248)
	at org.gradle.internal.progress.DefaultBuildOperationExecutor$RunnableBuildOperationWorker.execute(DefaultBuildOperationExecutor.java:336)
	at org.gradle.internal.progress.DefaultBuildOperationExecutor$RunnableBuildOperationWorker.execute(DefaultBuildOperationExecutor.java:328)
	at org.gradle.internal.progress.DefaultBuildOperationExecutor.execute(DefaultBuildOperationExecutor.java:199)
	at org.gradle.internal.progress.DefaultBuildOperationExecutor.run(DefaultBuildOperationExecutor.java:110)
	at org.gradle.execution.taskgraph.DefaultTaskGraphExecuter$EventFiringTaskWorker.execute(DefaultTaskGraphExecuter.java:241)
	at org.gradle.execution.taskgraph.DefaultTaskGraphExecuter$EventFiringTaskWorker.execute(DefaultTaskGraphExecuter.java:230)
	at org.gradle.execution.taskgraph.DefaultTaskPlanExecutor$TaskExecutorWorker.processTask(DefaultTaskPlanExecutor.java:123)
	at org.gradle.execution.taskgraph.DefaultTaskPlanExecutor$TaskExecutorWorker.access$200(DefaultTaskPlanExecutor.java:79)
	at org.gradle.execution.taskgraph.DefaultTaskPlanExecutor$TaskExecutorWorker$1.execute(DefaultTaskPlanExecutor.java:104)
	at org.gradle.execution.taskgraph.DefaultTaskPlanExecutor$TaskExecutorWorker$1.execute(DefaultTaskPlanExecutor.java:98)
	at org.gradle.execution.taskgraph.DefaultTaskExecutionPlan.execute(DefaultTaskExecutionPlan.java:626)
	at org.gradle.execution.taskgraph.DefaultTaskExecutionPlan.executeWithTask(DefaultTaskExecutionPlan.java:581)
	at org.gradle.execution.taskgraph.DefaultTaskPlanExecutor$TaskExecutorWorker.run(DefaultTaskPlanExecutor.java:98)
	at org.gradle.internal.concurrent.ExecutorPolicy$CatchAndRecordFailures.onExecute(ExecutorPolicy.java:63)
	at org.gradle.internal.concurrent.ManagedExecutorImpl$1.run(ManagedExecutorImpl.java:46)
	at org.gradle.internal.concurrent.ThreadFactoryImpl$ManagedThreadRunnable.run(ThreadFactoryImpl.java:55)
Caused by: org.gradle.api.GradleException: File google-services.json is missing. The Google Services Plugin cannot function without it. 
 Searched Location: 
/private/var/folders/bq/vtzpc5ns5sg2cthy61lqpg3dfzgbys/T/1563944313688-0/src/intercom-android-master/samples/fcm-sample/src/nullnull/debug/google-services.json
/private/var/folders/bq/vtzpc5ns5sg2cthy61lqpg3dfzgbys/T/1563944313688-0/src/intercom-android-master/samples/fcm-sample/src/debug/nullnull/google-services.json
/private/var/folders/bq/vtzpc5ns5sg2cthy61lqpg3dfzgbys/T/1563944313688-0/src/intercom-android-master/samples/fcm-sample/src/nullnull/google-services.json
/private/var/folders/bq/vtzpc5ns5sg2cthy61lqpg3dfzgbys/T/1563944313688-0/src/intercom-android-master/samples/fcm-sample/src/debug/google-services.json
/private/var/folders/bq/vtzpc5ns5sg2cthy61lqpg3dfzgbys/T/1563944313688-0/src/intercom-android-master/samples/fcm-sample/src/nullnullDebug/google-services.json
/private/var/folders/bq/vtzpc5ns5sg2cthy61lqpg3dfzgbys/T/1563944313688-0/src/intercom-android-master/samples/fcm-sample/google-services.json
	at com.google.gms.googleservices.GoogleServicesTask.action(GoogleServicesTask.java:86)
	at org.gradle.internal.reflect.JavaMethod.invoke(JavaMethod.java:73)
	at org.gradle.api.internal.project.taskfactory.StandardTaskAction.doExecute(StandardTaskAction.java:46)
	at org.gradle.api.internal.project.taskfactory.StandardTaskAction.execute(StandardTaskAction.java:39)
	at org.gradle.api.internal.project.taskfactory.StandardTaskAction.execute(StandardTaskAction.java:26)
	at org.gradle.api.internal.AbstractTask$TaskActionWrapper.execute(AbstractTask.java:780)
	at org.gradle.api.internal.AbstractTask$TaskActionWrapper.execute(AbstractTask.java:747)
	at org.gradle.api.internal.tasks.execution.ExecuteActionsTaskExecuter$1.run(ExecuteActionsTaskExecuter.java:121)
	at org.gradle.internal.progress.DefaultBuildOperationExecutor$RunnableBuildOperationWorker.execute(DefaultBuildOperationExecutor.java:336)
	at org.gradle.internal.progress.DefaultBuildOperationExecutor$RunnableBuildOperationWorker.execute(DefaultBuildOperationExecutor.java:328)
	at org.gradle.internal.progress.DefaultBuildOperationExecutor.execute(DefaultBuildOperationExecutor.java:199)
	at org.gradle.internal.progress.DefaultBuildOperationExecutor.run(DefaultBuildOperationExecutor.java:110)
	at org.gradle.api.internal.tasks.execution.ExecuteActionsTaskExecuter.executeAction(ExecuteActionsTaskExecuter.java:110)
	at org.gradle.api.internal.tasks.execution.ExecuteActionsTaskExecuter.executeActions(ExecuteActionsTaskExecuter.java:92)
	... 29 more


* Get more help at https://help.gradle.org

BUILD FAILED in 12s
9 actionable tasks: 9 executed

2019-07-24 11:58:57,851 INFO  ProjectTaskService - Detecting possible tasks...
2019-07-24 11:58:57,851 INFO  SysUtils - Execute command: [/var/folders/bq/vtzpc5ns5sg2cthy61lqpg3dfzgbys/T/1563944313688-0/src/intercom-android-master/samples/gradlew, -b, /var/folders/bq/vtzpc5ns5sg2cthy61lqpg3dfzgbys/T/1563944313688-0/src/intercom-android-master/samples/build.gradle, -Dorg.gradle.daemon=false, -Dorg.gradle.daemon.performance.enable-monitoring=false, -Dorg.gradle.configureondemand=true, tasks]
2019-07-24 11:59:04,106 INFO  ProjectTaskService - Detected possible tasks: 68
2019-07-24 11:59:04,106 INFO  ProjectTaskService - Excluded tasks (19): lintDebug mockableAndroidJar deviceCheck lint testReleaseUnitTest uninstallRelease deviceAndroidTest uninstallDebugAndroidTest installDebugAndroidTest connectedCheck connectedDebugAndroidTest uninstallAll test check testDebugUnitTest connectedAndroidTest installDebug lintRelease uninstallDebug
2019-07-24 11:59:04,106 INFO  SysUtils - Execute command: [/var/folders/bq/vtzpc5ns5sg2cthy61lqpg3dfzgbys/T/1563944313688-0/src/intercom-android-master/samples/gradlew, -b, /var/folders/bq/vtzpc5ns5sg2cthy61lqpg3dfzgbys/T/1563944313688-0/src/intercom-android-master/samples/build.gradle, -Dorg.gradle.daemon=false, -Dorg.gradle.daemon.performance.enable-monitoring=false, -Dorg.gradle.configureondemand=true, --stacktrace, -x, lintDebug, -x, mockableAndroidJar, -x, deviceCheck, -x, lint, -x, testReleaseUnitTest, -x, uninstallRelease, -x, deviceAndroidTest, -x, uninstallDebugAndroidTest, -x, installDebugAndroidTest, -x, connectedCheck, -x, connectedDebugAndroidTest, -x, uninstallAll, -x, test, -x, check, -x, testDebugUnitTest, -x, connectedAndroidTest, -x, installDebug, -x, lintRelease, -x, uninstallDebug, build]
2019-07-24 11:59:10,622 ERROR SysUtils - Could not process external command
org.apache.commons.exec.ExecuteException: Process exited with an error: 1 (Exit value: 1)
	at org.apache.commons.exec.DefaultExecutor.executeInternal(DefaultExecutor.java:404)
	at org.apache.commons.exec.DefaultExecutor.execute(DefaultExecutor.java:166)
	at com.github.vbauer.apkmaster.util.SysUtils.execute(SysUtils.java:67)
	at com.github.vbauer.apkmaster.util.SysUtils.executeSimple(SysUtils.java:43)
	at com.github.vbauer.apkmaster.service.assembly.ProjectBuildService.buildProject(ProjectBuildService.java:78)
	at com.github.vbauer.apkmaster.service.assembly.ProjectBuildService.buildProject(ProjectBuildService.java:64)
	at com.github.vbauer.apkmaster.service.assembly.ProjectBuildService.buildProject(ProjectBuildService.java:43)
	at com.github.vbauer.apkmaster.service.FullProcessService.build(FullProcessService.java:84)
	at com.github.vbauer.apkmaster.service.FullProcessService.process(FullProcessService.java:34)
	at com.github.vbauer.apkmaster.app.MainApplication.process(MainApplication.java:38)
	at com.github.vbauer.apkmaster.app.MainApplication.main(MainApplication.java:20)
	at sun.reflect.NativeMethodAccessorImpl.invoke0(Native Method)
	at sun.reflect.NativeMethodAccessorImpl.invoke(NativeMethodAccessorImpl.java:62)
	at sun.reflect.DelegatingMethodAccessorImpl.invoke(DelegatingMethodAccessorImpl.java:43)
	at java.lang.reflect.Method.invoke(Method.java:498)
	at com.android.arsenal.util.ReflectionUtils.invoke(ReflectionUtils.java:52)
	at com.android.arsenal.util.ApkMasterUtils.main(ApkMasterUtils.java:30)
	at com.android.arsenal.service.processor.impl.BuildProcessorServiceImpl.buildProject(BuildProcessorServiceImpl.java:196)
	at com.android.arsenal.service.processor.impl.BuildProcessorServiceImpl.build(BuildProcessorServiceImpl.java:130)
	at com.android.arsenal.service.processor.impl.BuildProcessorServiceImpl.lambda$createTasks$1(BuildProcessorServiceImpl.java:113)
	at java.util.concurrent.FutureTask.run(FutureTask.java:266)
	at java.util.concurrent.Executors$RunnableAdapter.call(Executors.java:511)
	at java.util.concurrent.FutureTask.run(FutureTask.java:266)
	at java.util.concurrent.ThreadPoolExecutor.runWorker(ThreadPoolExecutor.java:1149)
	at java.util.concurrent.ThreadPoolExecutor$Worker.run(ThreadPoolExecutor.java:624)
	at java.lang.Thread.run(Thread.java:748)
2019-07-24 11:59:10,623 INFO  SysUtils - Configuration on demand is an incubating feature.
Could not find google-services.json while looking in [src/nullnull/debug, src/debug/nullnull, src/nullnull, src/debug, src/nullnullDebug]
registerResGeneratingTask is deprecated, use registerGeneratedResFolders(FileCollection)
Could not find google-services.json while looking in [src/nullnull/release, src/release/nullnull, src/nullnull, src/release, src/nullnullRelease]
registerResGeneratingTask is deprecated, use registerGeneratedResFolders(FileCollection)
:fcm-sample:preBuild UP-TO-DATE
:fcm-sample:preDebugBuild UP-TO-DATE
:fcm-sample:compileDebugAidl UP-TO-DATE
:fcm-sample:compileDebugRenderscript UP-TO-DATE
:fcm-sample:checkDebugManifest UP-TO-DATE
:fcm-sample:generateDebugBuildConfig UP-TO-DATE
:fcm-sample:prepareLintJar UP-TO-DATE
:fcm-sample:mainApkListPersistenceDebug UP-TO-DATE
:fcm-sample:generateDebugResValues UP-TO-DATE
:fcm-sample:generateDebugResources UP-TO-DATE
:fcm-sample:processDebugGoogleServices FAILED

FAILURE: Build failed with an exception.

* What went wrong:
Execution failed for task ':fcm-sample:processDebugGoogleServices'.
> File google-services.json is missing. The Google Services Plugin cannot function without it. 
   Searched Location: 
  /private/var/folders/bq/vtzpc5ns5sg2cthy61lqpg3dfzgbys/T/1563944313688-0/src/intercom-android-master/samples/fcm-sample/src/nullnull/debug/google-services.json
  /private/var/folders/bq/vtzpc5ns5sg2cthy61lqpg3dfzgbys/T/1563944313688-0/src/intercom-android-master/samples/fcm-sample/src/debug/nullnull/google-services.json
  /private/var/folders/bq/vtzpc5ns5sg2cthy61lqpg3dfzgbys/T/1563944313688-0/src/intercom-android-master/samples/fcm-sample/src/nullnull/google-services.json
  /private/var/folders/bq/vtzpc5ns5sg2cthy61lqpg3dfzgbys/T/1563944313688-0/src/intercom-android-master/samples/fcm-sample/src/debug/google-services.json
  /private/var/folders/bq/vtzpc5ns5sg2cthy61lqpg3dfzgbys/T/1563944313688-0/src/intercom-android-master/samples/fcm-sample/src/nullnullDebug/google-services.json
  /private/var/folders/bq/vtzpc5ns5sg2cthy61lqpg3dfzgbys/T/1563944313688-0/src/intercom-android-master/samples/fcm-sample/google-services.json

* Try:
Run with --info or --debug option to get more log output. Run with --scan to get full insights.

* Exception is:
org.gradle.api.tasks.TaskExecutionException: Execution failed for task ':fcm-sample:processDebugGoogleServices'.
	at org.gradle.api.internal.tasks.execution.ExecuteActionsTaskExecuter.executeActions(ExecuteActionsTaskExecuter.java:100)
	at org.gradle.api.internal.tasks.execution.ExecuteActionsTaskExecuter.execute(ExecuteActionsTaskExecuter.java:70)
	at org.gradle.api.internal.tasks.execution.OutputDirectoryCreatingTaskExecuter.execute(OutputDirectoryCreatingTaskExecuter.java:51)
	at org.gradle.api.internal.tasks.execution.SkipUpToDateTaskExecuter.execute(SkipUpToDateTaskExecuter.java:62)
	at org.gradle.api.internal.tasks.execution.ResolveTaskOutputCachingStateExecuter.execute(ResolveTaskOutputCachingStateExecuter.java:54)
	at org.gradle.api.internal.tasks.execution.ValidatingTaskExecuter.execute(ValidatingTaskExecuter.java:60)
	at org.gradle.api.internal.tasks.execution.SkipEmptySourceFilesTaskExecuter.execute(SkipEmptySourceFilesTaskExecuter.java:97)
	at org.gradle.api.internal.tasks.execution.CleanupStaleOutputsExecuter.execute(CleanupStaleOutputsExecuter.java:87)
	at org.gradle.api.internal.tasks.execution.ResolveTaskArtifactStateTaskExecuter.execute(ResolveTaskArtifactStateTaskExecuter.java:52)
	at org.gradle.api.internal.tasks.execution.SkipTaskWithNoActionsExecuter.execute(SkipTaskWithNoActionsExecuter.java:52)
	at org.gradle.api.internal.tasks.execution.SkipOnlyIfTaskExecuter.execute(SkipOnlyIfTaskExecuter.java:54)
	at org.gradle.api.internal.tasks.execution.ExecuteAtMostOnceTaskExecuter.execute(ExecuteAtMostOnceTaskExecuter.java:43)
	at org.gradle.api.internal.tasks.execution.CatchExceptionTaskExecuter.execute(CatchExceptionTaskExecuter.java:34)
	at org.gradle.execution.taskgraph.DefaultTaskGraphExecuter$EventFiringTaskWorker$1.run(DefaultTaskGraphExecuter.java:248)
	at org.gradle.internal.progress.DefaultBuildOperationExecutor$RunnableBuildOperationWorker.execute(DefaultBuildOperationExecutor.java:336)
	at org.gradle.internal.progress.DefaultBuildOperationExecutor$RunnableBuildOperationWorker.execute(DefaultBuildOperationExecutor.java:328)
	at org.gradle.internal.progress.DefaultBuildOperationExecutor.execute(DefaultBuildOperationExecutor.java:199)
	at org.gradle.internal.progress.DefaultBuildOperationExecutor.run(DefaultBuildOperationExecutor.java:110)
	at org.gradle.execution.taskgraph.DefaultTaskGraphExecuter$EventFiringTaskWorker.execute(DefaultTaskGraphExecuter.java:241)
	at org.gradle.execution.taskgraph.DefaultTaskGraphExecuter$EventFiringTaskWorker.execute(DefaultTaskGraphExecuter.java:230)
	at org.gradle.execution.taskgraph.DefaultTaskPlanExecutor$TaskExecutorWorker.processTask(DefaultTaskPlanExecutor.java:123)
	at org.gradle.execution.taskgraph.DefaultTaskPlanExecutor$TaskExecutorWorker.access$200(DefaultTaskPlanExecutor.java:79)
	at org.gradle.execution.taskgraph.DefaultTaskPlanExecutor$TaskExecutorWorker$1.execute(DefaultTaskPlanExecutor.java:104)
	at org.gradle.execution.taskgraph.DefaultTaskPlanExecutor$TaskExecutorWorker$1.execute(DefaultTaskPlanExecutor.java:98)
	at org.gradle.execution.taskgraph.DefaultTaskExecutionPlan.execute(DefaultTaskExecutionPlan.java:626)
	at org.gradle.execution.taskgraph.DefaultTaskExecutionPlan.executeWithTask(DefaultTaskExecutionPlan.java:581)
	at org.gradle.execution.taskgraph.DefaultTaskPlanExecutor$TaskExecutorWorker.run(DefaultTaskPlanExecutor.java:98)
	at org.gradle.internal.concurrent.ExecutorPolicy$CatchAndRecordFailures.onExecute(ExecutorPolicy.java:63)
	at org.gradle.internal.concurrent.ManagedExecutorImpl$1.run(ManagedExecutorImpl.java:46)
	at org.gradle.internal.concurrent.ThreadFactoryImpl$ManagedThreadRunnable.run(ThreadFactoryImpl.java:55)
Caused by: org.gradle.api.GradleException: File google-services.json is missing. The Google Services Plugin cannot function without it. 
 Searched Location: 
/private/var/folders/bq/vtzpc5ns5sg2cthy61lqpg3dfzgbys/T/1563944313688-0/src/intercom-android-master/samples/fcm-sample/src/nullnull/debug/google-services.json
/private/var/folders/bq/vtzpc5ns5sg2cthy61lqpg3dfzgbys/T/1563944313688-0/src/intercom-android-master/samples/fcm-sample/src/debug/nullnull/google-services.json
/private/var/folders/bq/vtzpc5ns5sg2cthy61lqpg3dfzgbys/T/1563944313688-0/src/intercom-android-master/samples/fcm-sample/src/nullnull/google-services.json
/private/var/folders/bq/vtzpc5ns5sg2cthy61lqpg3dfzgbys/T/1563944313688-0/src/intercom-android-master/samples/fcm-sample/src/debug/google-services.json
/private/var/folders/bq/vtzpc5ns5sg2cthy61lqpg3dfzgbys/T/1563944313688-0/src/intercom-android-master/samples/fcm-sample/src/nullnullDebug/google-services.json
/private/var/folders/bq/vtzpc5ns5sg2cthy61lqpg3dfzgbys/T/1563944313688-0/src/intercom-android-master/samples/fcm-sample/google-services.json
	at com.google.gms.googleservices.GoogleServicesTask.action(GoogleServicesTask.java:86)
	at org.gradle.internal.reflect.JavaMethod.invoke(JavaMethod.java:73)
	at org.gradle.api.internal.project.taskfactory.StandardTaskAction.doExecute(StandardTaskAction.java:46)
	at org.gradle.api.internal.project.taskfactory.StandardTaskAction.execute(StandardTaskAction.java:39)
	at org.gradle.api.internal.project.taskfactory.StandardTaskAction.execute(StandardTaskAction.java:26)
	at org.gradle.api.internal.AbstractTask$TaskActionWrapper.execute(AbstractTask.java:780)
	at org.gradle.api.internal.AbstractTask$TaskActionWrapper.execute(AbstractTask.java:747)
	at org.gradle.api.internal.tasks.execution.ExecuteActionsTaskExecuter$1.run(ExecuteActionsTaskExecuter.java:121)
	at org.gradle.internal.progress.DefaultBuildOperationExecutor$RunnableBuildOperationWorker.execute(DefaultBuildOperationExecutor.java:336)
	at org.gradle.internal.progress.DefaultBuildOperationExecutor$RunnableBuildOperationWorker.execute(DefaultBuildOperationExecutor.java:328)
	at org.gradle.internal.progress.DefaultBuildOperationExecutor.execute(DefaultBuildOperationExecutor.java:199)
	at org.gradle.internal.progress.DefaultBuildOperationExecutor.run(DefaultBuildOperationExecutor.java:110)
	at org.gradle.api.internal.tasks.execution.ExecuteActionsTaskExecuter.executeAction(ExecuteActionsTaskExecuter.java:110)
	at org.gradle.api.internal.tasks.execution.ExecuteActionsTaskExecuter.executeActions(ExecuteActionsTaskExecuter.java:92)
	... 29 more


* Get more help at https://help.gradle.org

BUILD FAILED in 6s
9 actionable tasks: 1 executed, 8 up-to-date

2019-07-24 11:59:10,628 ERROR FullProcessService - Project build has not produced APK file
2019-07-24 11:59:10,632 ERROR FullProcessService - Could not find generated or existed APK file
