2018-11-17 21:34:35,333 INFO  DownloadService - Downloading "https://github.com/robohorse/pagerbullet/archive/master.zip", attempt 3
2018-11-17 21:35:35,877 INFO  GithubDownloadService - Could not find ZIP archive for master branch
2018-11-17 21:35:36,778 INFO  GithubDownloadService - Default branch of this repository: master
2018-11-17 21:35:36,779 INFO  DownloadService - Downloading "https://github.com/robohorse/pagerbullet/archive/master.zip", attempt 3
2018-11-17 21:36:38,101 DEBUG FullProcessService - Repository https://github.com/robohorse/pagerbullet available: true
2018-11-17 21:36:38,101 INFO  FullProcessService - Could not download ZIP file from Github, lets clone it
2018-11-17 21:36:38,102 INFO  SysUtils - Execute command: [git, clone, -q, --single-branch, --depth, 1, https://github.com/robohorse/pagerbullet, /var/folders/bq/vtzpc5ns5sg2cthy61lqpg3dfzgbys/T/1542465275331-0/src]
2018-11-17 21:36:39,923 INFO  SysUtils - 
2018-11-17 21:36:39,942 INFO  GitService - Deleted "/var/folders/bq/vtzpc5ns5sg2cthy61lqpg3dfzgbys/T/1542465275331-0/src/.git": true
2018-11-17 21:36:39,944 INFO  FullProcessService - Size of directory with sources: 126 KB
2018-11-17 21:36:39,944 INFO  SysUtils - Execute command: [git, init, /var/folders/bq/vtzpc5ns5sg2cthy61lqpg3dfzgbys/T/1542465275331-0/src]
2018-11-17 21:36:39,962 INFO  SysUtils - Initialized empty Git repository in /private/var/folders/bq/vtzpc5ns5sg2cthy61lqpg3dfzgbys/T/1542465275331-0/src/.git/

2018-11-17 21:36:39,964 INFO  ProjectBuildService - Gradle wrapper(s): none
2018-11-17 21:36:39,964 ERROR ProjectBuildService - Could not detect Gradle wrapper. Default Gradle installation will be used
2018-11-17 21:36:39,966 INFO  ProjectBuildService - Build script(s): /var/folders/bq/vtzpc5ns5sg2cthy61lqpg3dfzgbys/T/1542465275331-0/src/build.gradle
2018-11-17 21:36:39,968 INFO  ProjectBuildService - All script(s): /var/folders/bq/vtzpc5ns5sg2cthy61lqpg3dfzgbys/T/1542465275331-0/src/build.gradle
2018-11-17 21:36:39,969 INFO  DownloadService - Downloading "https://raw.githubusercontent.com/nuuneoi/JCenter/master/bintrayv1.gradle", attempt 3
2018-11-17 21:36:40,670 INFO  DownloadService - Downloaded https://raw.githubusercontent.com/nuuneoi/JCenter/master/bintrayv1.gradle, attempt 3
2018-11-17 21:36:40,671 INFO  DownloadService - Downloading "https://raw.githubusercontent.com/nuuneoi/JCenter/master/installv1.gradle", attempt 3
2018-11-17 21:36:40,772 INFO  DownloadService - Downloaded https://raw.githubusercontent.com/nuuneoi/JCenter/master/installv1.gradle, attempt 3
2018-11-17 21:36:40,772 INFO  ProjectBuildService - Remote scripts: https://raw.githubusercontent.com/nuuneoi/JCenter/master/bintrayv1.gradle https://raw.githubusercontent.com/nuuneoi/JCenter/master/installv1.gradle
2018-11-17 21:36:40,772 INFO  ProjectFixService - Fixing project...
2018-11-17 21:36:40,776 INFO  LocalPropertiesFixService - Created fake /var/folders/bq/vtzpc5ns5sg2cthy61lqpg3dfzgbys/T/1542465275331-0/src/local.properties
2018-11-17 21:36:40,777 INFO  ProjectFixService - Build info for "/var/folders/bq/vtzpc5ns5sg2cthy61lqpg3dfzgbys/T/1542465275331-0/src/build.gradle": [buildToolsVersion=25.0.2,compileSdkVersion=25,minSdkVersion=10,targetSdkVersion=25]
2018-11-17 21:36:40,777 INFO  ProjectFixService - Project was maybe fixed
2018-11-17 21:36:40,777 INFO  ProjectTaskService - Detecting possible tasks...
2018-11-17 21:36:40,777 INFO  SysUtils - Execute command: [gradle, -b, /var/folders/bq/vtzpc5ns5sg2cthy61lqpg3dfzgbys/T/1542465275331-0/src/build.gradle, -Dorg.gradle.daemon=false, -Dorg.gradle.daemon.performance.enable-monitoring=false, -Dorg.gradle.configureondemand=true, tasks]
2018-11-17 21:36:40,785 ERROR ProjectTaskService - Could not detect possible Gradle tasks: Cannot run program "gradle" (in directory "."): error=2, No such file or directory
2018-11-17 21:36:40,786 INFO  ProjectTaskService - Detected possible tasks: 3
2018-11-17 21:36:40,786 INFO  ProjectTaskService - Excluded tasks (3): sourcesJar javadocJar javadoc
2018-11-17 21:36:40,786 INFO  SysUtils - Execute command: [gradle, -b, /var/folders/bq/vtzpc5ns5sg2cthy61lqpg3dfzgbys/T/1542465275331-0/src/build.gradle, -Dorg.gradle.daemon=false, -Dorg.gradle.daemon.performance.enable-monitoring=false, -Dorg.gradle.configureondemand=true, --stacktrace, -x, sourcesJar, -x, javadocJar, -x, javadoc, build]
2018-11-17 21:36:40,791 ERROR SysUtils - Could not process external command
java.io.IOException: Cannot run program "gradle" (in directory "."): error=2, No such file or directory
	at java.lang.ProcessBuilder.start(ProcessBuilder.java:1048)
	at java.lang.Runtime.exec(Runtime.java:620)
	at org.apache.commons.exec.launcher.Java13CommandLauncher.exec(Java13CommandLauncher.java:61)
	at org.apache.commons.exec.DefaultExecutor.launch(DefaultExecutor.java:279)
	at org.apache.commons.exec.DefaultExecutor.executeInternal(DefaultExecutor.java:336)
	at org.apache.commons.exec.DefaultExecutor.execute(DefaultExecutor.java:166)
	at com.github.vbauer.apkmaster.util.SysUtils.execute(SysUtils.java:67)
	at com.github.vbauer.apkmaster.util.SysUtils.executeSimple(SysUtils.java:43)
	at com.github.vbauer.apkmaster.service.assembly.ProjectBuildService.buildProject(ProjectBuildService.java:78)
	at com.github.vbauer.apkmaster.service.assembly.ProjectBuildService.buildProject(ProjectBuildService.java:64)
	at com.github.vbauer.apkmaster.service.assembly.ProjectBuildService.buildProject(ProjectBuildService.java:43)
	at com.github.vbauer.apkmaster.service.FullProcessService.build(FullProcessService.java:84)
	at com.github.vbauer.apkmaster.service.FullProcessService.process(FullProcessService.java:34)
	at com.github.vbauer.apkmaster.app.MainApplication.process(MainApplication.java:38)
	at com.github.vbauer.apkmaster.app.MainApplication.main(MainApplication.java:20)
	at sun.reflect.GeneratedMethodAccessor8.invoke(Unknown Source)
	at sun.reflect.DelegatingMethodAccessorImpl.invoke(DelegatingMethodAccessorImpl.java:43)
	at java.lang.reflect.Method.invoke(Method.java:498)
	at com.android.arsenal.util.ReflectionUtils.invoke(ReflectionUtils.java:52)
	at com.android.arsenal.util.ApkMasterUtils.main(ApkMasterUtils.java:30)
	at com.android.arsenal.service.processor.impl.BuildProcessorServiceImpl.buildProject(BuildProcessorServiceImpl.java:196)
	at com.android.arsenal.service.processor.impl.BuildProcessorServiceImpl.build(BuildProcessorServiceImpl.java:130)
	at com.android.arsenal.service.processor.impl.BuildProcessorServiceImpl.lambda$createTasks$1(BuildProcessorServiceImpl.java:113)
	at java.util.concurrent.FutureTask.run(FutureTask.java:266)
	at java.util.concurrent.Executors$RunnableAdapter.call(Executors.java:511)
	at java.util.concurrent.FutureTask.run(FutureTask.java:266)
	at java.util.concurrent.ThreadPoolExecutor.runWorker(ThreadPoolExecutor.java:1149)
	at java.util.concurrent.ThreadPoolExecutor$Worker.run(ThreadPoolExecutor.java:624)
	at java.lang.Thread.run(Thread.java:748)
Caused by: java.io.IOException: error=2, No such file or directory
	at java.lang.UNIXProcess.forkAndExec(Native Method)
	at java.lang.UNIXProcess.<init>(UNIXProcess.java:247)
	at java.lang.ProcessImpl.start(ProcessImpl.java:134)
	at java.lang.ProcessBuilder.start(ProcessBuilder.java:1029)
	... 28 common frames omitted
2018-11-17 21:36:40,791 INFO  SysUtils - 
2018-11-17 21:36:40,793 ERROR FullProcessService - Project build has not produced APK file
2018-11-17 21:36:40,794 ERROR FullProcessService - Could not find generated or existed APK file
