2018-11-18 22:17:33,536 INFO  DownloadService - Downloading "https://github.com/rpradal/Lettrine/archive/master.zip", attempt 3
2018-11-18 22:17:34,214 INFO  DownloadService - Downloaded https://github.com/rpradal/Lettrine/archive/master.zip, attempt 3
2018-11-18 22:17:34,214 INFO  DownloadService - Size of file "/var/folders/bq/vtzpc5ns5sg2cthy61lqpg3dfzgbys/T/1542554253532-0/master.zip": 142 KB
2018-11-18 22:17:34,214 INFO  ArchiveUtils - Checking entries [.gradle] in ZIP file...
2018-11-18 22:17:34,220 INFO  ArchiveUtils - Has entries [.gradle] in ZIP file /var/folders/bq/vtzpc5ns5sg2cthy61lqpg3dfzgbys/T/1542554253532-0/master.zip: true
2018-11-18 22:17:34,220 DEBUG ZipUtil - Extracting '/var/folders/bq/vtzpc5ns5sg2cthy61lqpg3dfzgbys/T/1542554253532-0/master.zip' into '/var/folders/bq/vtzpc5ns5sg2cthy61lqpg3dfzgbys/T/1542554253532-0/src'.
2018-11-18 22:17:34,234 INFO  FullProcessService - Size of directory with sources: 197 KB
2018-11-18 22:17:34,234 INFO  SysUtils - Execute command: [git, init, /var/folders/bq/vtzpc5ns5sg2cthy61lqpg3dfzgbys/T/1542554253532-0/src]
2018-11-18 22:17:34,252 INFO  SysUtils - Initialized empty Git repository in /private/var/folders/bq/vtzpc5ns5sg2cthy61lqpg3dfzgbys/T/1542554253532-0/src/.git/

2018-11-18 22:17:34,255 INFO  ProjectBuildService - Gradle wrapper(s): /var/folders/bq/vtzpc5ns5sg2cthy61lqpg3dfzgbys/T/1542554253532-0/src/Lettrine-master/gradlew
2018-11-18 22:17:34,257 INFO  ProjectBuildService - Build script(s): /var/folders/bq/vtzpc5ns5sg2cthy61lqpg3dfzgbys/T/1542554253532-0/src/Lettrine-master/lettrine/build.gradle /var/folders/bq/vtzpc5ns5sg2cthy61lqpg3dfzgbys/T/1542554253532-0/src/Lettrine-master/sample/build.gradle /var/folders/bq/vtzpc5ns5sg2cthy61lqpg3dfzgbys/T/1542554253532-0/src/Lettrine-master/build.gradle
2018-11-18 22:17:34,260 INFO  ProjectBuildService - All script(s): /var/folders/bq/vtzpc5ns5sg2cthy61lqpg3dfzgbys/T/1542554253532-0/src/Lettrine-master/build.gradle /var/folders/bq/vtzpc5ns5sg2cthy61lqpg3dfzgbys/T/1542554253532-0/src/Lettrine-master/sample/build.gradle /var/folders/bq/vtzpc5ns5sg2cthy61lqpg3dfzgbys/T/1542554253532-0/src/Lettrine-master/settings.gradle /var/folders/bq/vtzpc5ns5sg2cthy61lqpg3dfzgbys/T/1542554253532-0/src/Lettrine-master/lettrine/maven-push.gradle /var/folders/bq/vtzpc5ns5sg2cthy61lqpg3dfzgbys/T/1542554253532-0/src/Lettrine-master/lettrine/build.gradle
2018-11-18 22:17:34,260 INFO  ProjectBuildService - Remote scripts: none
2018-11-18 22:17:34,260 INFO  ProjectFixService - Fixing project...
2018-11-18 22:17:34,269 INFO  LocalPropertiesFixService - Created fake /var/folders/bq/vtzpc5ns5sg2cthy61lqpg3dfzgbys/T/1542554253532-0/src/Lettrine-master/lettrine/local.properties
2018-11-18 22:17:34,270 INFO  ProjectFixService - Build info for "/var/folders/bq/vtzpc5ns5sg2cthy61lqpg3dfzgbys/T/1542554253532-0/src/Lettrine-master/lettrine/build.gradle": [buildToolsVersion=23.0.2,compileSdkVersion=23,minSdkVersion=15,targetSdkVersion=23]
2018-11-18 22:17:34,270 INFO  LocalPropertiesFixService - Created fake /var/folders/bq/vtzpc5ns5sg2cthy61lqpg3dfzgbys/T/1542554253532-0/src/Lettrine-master/sample/local.properties
2018-11-18 22:17:34,271 INFO  ProjectFixService - Build info for "/var/folders/bq/vtzpc5ns5sg2cthy61lqpg3dfzgbys/T/1542554253532-0/src/Lettrine-master/sample/build.gradle": [buildToolsVersion=23.0.2,compileSdkVersion=23,minSdkVersion=15,targetSdkVersion=23]
2018-11-18 22:17:34,271 INFO  LocalPropertiesFixService - Created fake /var/folders/bq/vtzpc5ns5sg2cthy61lqpg3dfzgbys/T/1542554253532-0/src/Lettrine-master/local.properties
2018-11-18 22:17:34,271 INFO  WrapperPropertiesFixService - Gradle wrapper: https://services.gradle.org/distributions/gradle-2.10-all.zip
2018-11-18 22:17:34,272 INFO  WrapperPropertiesFixService - Gradle wrapper was changed from "-all.zip" to "-bin.zip" (https://services.gradle.org/distributions/gradle-2.10-bin.zip)
2018-11-18 22:17:34,272 INFO  ProjectFixService - Build info for "/var/folders/bq/vtzpc5ns5sg2cthy61lqpg3dfzgbys/T/1542554253532-0/src/Lettrine-master/build.gradle": [buildToolsVersion=23.0.2,compileSdkVersion=23,minSdkVersion=15,targetSdkVersion=23]
2018-11-18 22:17:34,272 INFO  ProjectFixService - Project was maybe fixed
2018-11-18 22:17:34,272 INFO  ProjectTaskService - Detecting possible tasks...
2018-11-18 22:17:34,272 INFO  SysUtils - Execute command: [/var/folders/bq/vtzpc5ns5sg2cthy61lqpg3dfzgbys/T/1542554253532-0/src/Lettrine-master/gradlew, -b, /var/folders/bq/vtzpc5ns5sg2cthy61lqpg3dfzgbys/T/1542554253532-0/src/Lettrine-master/lettrine/build.gradle, -Dorg.gradle.daemon=false, -Dorg.gradle.daemon.performance.enable-monitoring=false, -Dorg.gradle.configureondemand=true, tasks]
2018-11-18 22:18:26,230 ERROR ProjectTaskService - Could not detect possible Gradle tasks: Process exited with an error: 1 (Exit value: 1)
2018-11-18 22:18:26,230 INFO  ProjectTaskService - Detected possible tasks: 0
2018-11-18 22:18:26,230 INFO  ProjectTaskService - Excluded tasks (0): none
2018-11-18 22:18:26,230 INFO  SysUtils - Execute command: [/var/folders/bq/vtzpc5ns5sg2cthy61lqpg3dfzgbys/T/1542554253532-0/src/Lettrine-master/gradlew, -b, /var/folders/bq/vtzpc5ns5sg2cthy61lqpg3dfzgbys/T/1542554253532-0/src/Lettrine-master/lettrine/build.gradle, -Dorg.gradle.daemon=false, -Dorg.gradle.daemon.performance.enable-monitoring=false, -Dorg.gradle.configureondemand=true, --stacktrace, build]
2018-11-18 22:18:45,625 ERROR SysUtils - Could not process external command
org.apache.commons.exec.ExecuteException: Process exited with an error: 1 (Exit value: 1)
	at org.apache.commons.exec.DefaultExecutor.executeInternal(DefaultExecutor.java:404)
	at org.apache.commons.exec.DefaultExecutor.execute(DefaultExecutor.java:166)
	at com.github.vbauer.apkmaster.util.SysUtils.execute(SysUtils.java:67)
	at com.github.vbauer.apkmaster.util.SysUtils.executeSimple(SysUtils.java:43)
	at com.github.vbauer.apkmaster.service.assembly.ProjectBuildService.buildProject(ProjectBuildService.java:78)
	at com.github.vbauer.apkmaster.service.assembly.ProjectBuildService.buildProject(ProjectBuildService.java:64)
	at com.github.vbauer.apkmaster.service.assembly.ProjectBuildService.buildProject(ProjectBuildService.java:43)
	at com.github.vbauer.apkmaster.service.FullProcessService.build(FullProcessService.java:84)
	at com.github.vbauer.apkmaster.service.FullProcessService.process(FullProcessService.java:34)
	at com.github.vbauer.apkmaster.app.MainApplication.process(MainApplication.java:38)
	at com.github.vbauer.apkmaster.app.MainApplication.main(MainApplication.java:20)
	at sun.reflect.GeneratedMethodAccessor9.invoke(Unknown Source)
	at sun.reflect.DelegatingMethodAccessorImpl.invoke(DelegatingMethodAccessorImpl.java:43)
	at java.lang.reflect.Method.invoke(Method.java:498)
	at com.android.arsenal.util.ReflectionUtils.invoke(ReflectionUtils.java:52)
	at com.android.arsenal.util.ApkMasterUtils.main(ApkMasterUtils.java:30)
	at com.android.arsenal.service.processor.impl.BuildProcessorServiceImpl.buildProject(BuildProcessorServiceImpl.java:196)
	at com.android.arsenal.service.processor.impl.BuildProcessorServiceImpl.build(BuildProcessorServiceImpl.java:130)
	at com.android.arsenal.service.processor.impl.BuildProcessorServiceImpl.lambda$createTasks$1(BuildProcessorServiceImpl.java:113)
	at java.util.concurrent.FutureTask.run(FutureTask.java:266)
	at java.util.concurrent.Executors$RunnableAdapter.call(Executors.java:511)
	at java.util.concurrent.FutureTask.run(FutureTask.java:266)
	at java.util.concurrent.ThreadPoolExecutor.runWorker(ThreadPoolExecutor.java:1149)
	at java.util.concurrent.ThreadPoolExecutor$Worker.run(ThreadPoolExecutor.java:624)
	at java.lang.Thread.run(Thread.java:748)
2018-11-18 22:18:45,625 INFO  SysUtils - Configuration on demand is an incubating feature.
Incremental java compilation is an incubating feature.
:lettrine:androidSourcesJar
:lettrine:preBuild UP-TO-DATE
:lettrine:preDebugBuild UP-TO-DATE
:lettrine:compileDebugNdk UP-TO-DATE
:lettrine:compileLint
:lettrine:copyDebugLint UP-TO-DATE
:lettrine:checkDebugManifest
:lettrine:preDebugAndroidTestBuild UP-TO-DATE
:lettrine:preDebugUnitTestBuild UP-TO-DATE
:lettrine:preReleaseBuild UP-TO-DATE
:lettrine:preReleaseUnitTestBuild UP-TO-DATE
:lettrine:prepareComAndroidSupportAnimatedVectorDrawable2330Library
:lettrine:prepareComAndroidSupportAppcompatV72330Library
:lettrine:prepareComAndroidSupportSupportV42330Library
:lettrine:prepareComAndroidSupportSupportVectorDrawable2330Library
:lettrine:prepareDebugDependencies
:lettrine:compileDebugAidl
:lettrine:compileDebugRenderscript
:lettrine:generateDebugBuildConfig
:lettrine:mergeDebugShaders
:lettrine:compileDebugShaders
:lettrine:generateDebugAssets
:lettrine:mergeDebugAssets
:lettrine:generateDebugResValues
:lettrine:generateDebugResources
:lettrine:mergeDebugResources
:lettrine:processDebugManifest
:lettrine:processDebugResources
:lettrine:generateDebugSources
:lettrine:incrementalDebugJavaCompilationSafeguard
:lettrine:compileDebugKotlin
:lettrine:compileDebugJavaWithJavac
:lettrine:compileDebugJavaWithJavac - is not incremental (e.g. outputs have changed, no previous execution, etc.).
:lettrine:extractDebugAnnotations
:lettrine:mergeDebugProguardFiles
:lettrine:packageDebugRenderscript UP-TO-DATE
:lettrine:packageDebugResources
:lettrine:processDebugJavaRes UP-TO-DATE
:lettrine:transformResourcesWithMergeJavaResForDebug
:lettrine:transformClassesAndResourcesWithSyncLibJarsForDebug
:lettrine:mergeDebugJniLibFolders
:lettrine:transformNative_libsWithMergeJniLibsForDebug
:lettrine:transformNative_libsWithSyncJniLibsForDebug
:lettrine:bundleDebug
:lettrine:compileDebugSources
:lettrine:assembleDebug
:lettrine:compileReleaseNdk UP-TO-DATE
:lettrine:copyReleaseLint UP-TO-DATE
:lettrine:checkReleaseManifest
:lettrine:prepareReleaseDependencies
:lettrine:compileReleaseAidl
:lettrine:compileReleaseRenderscript
:lettrine:generateReleaseBuildConfig
:lettrine:mergeReleaseShaders
:lettrine:compileReleaseShaders
:lettrine:generateReleaseAssets
:lettrine:mergeReleaseAssets
:lettrine:generateReleaseResValues
:lettrine:generateReleaseResources
:lettrine:mergeReleaseResources
:lettrine:processReleaseManifest
:lettrine:processReleaseResources
:lettrine:generateReleaseSources
:lettrine:incrementalReleaseJavaCompilationSafeguard
:lettrine:compileReleaseKotlin
:lettrine:compileReleaseJavaWithJavac
:lettrine:compileReleaseJavaWithJavac - is not incremental (e.g. outputs have changed, no previous execution, etc.).
:lettrine:extractReleaseAnnotations
:lettrine:mergeReleaseProguardFiles
:lettrine:packageReleaseRenderscript UP-TO-DATE
:lettrine:packageReleaseResources
:lettrine:processReleaseJavaRes UP-TO-DATE
:lettrine:transformResourcesWithMergeJavaResForRelease
:lettrine:transformClassesAndResourcesWithSyncLibJarsForRelease
:lettrine:mergeReleaseJniLibFolders
:lettrine:transformNative_libsWithMergeJniLibsForRelease
:lettrine:transformNative_libsWithSyncJniLibsForRelease
:lettrine:bundleRelease
:lettrine:compileReleaseSources
:lettrine:assembleRelease
:lettrine:signArchives SKIPPED
:lettrine:assemble
:lettrine:lint FAILED

FAILURE: Build failed with an exception.

* What went wrong:
Execution failed for task ':lettrine:lint'.
> No toolchains found in the NDK toolchains folder for ABI with prefix: mipsel-linux-android

* Try:
Run with --info or --debug option to get more log output.

* Exception is:
org.gradle.api.tasks.TaskExecutionException: Execution failed for task ':lettrine:lint'.
	at org.gradle.api.internal.tasks.execution.ExecuteActionsTaskExecuter.executeActions(ExecuteActionsTaskExecuter.java:69)
	at org.gradle.api.internal.tasks.execution.ExecuteActionsTaskExecuter.execute(ExecuteActionsTaskExecuter.java:46)
	at org.gradle.api.internal.tasks.execution.PostExecutionAnalysisTaskExecuter.execute(PostExecutionAnalysisTaskExecuter.java:35)
	at org.gradle.api.internal.tasks.execution.SkipUpToDateTaskExecuter.execute(SkipUpToDateTaskExecuter.java:64)
	at org.gradle.api.internal.tasks.execution.ValidatingTaskExecuter.execute(ValidatingTaskExecuter.java:58)
	at org.gradle.api.internal.tasks.execution.SkipEmptySourceFilesTaskExecuter.execute(SkipEmptySourceFilesTaskExecuter.java:52)
	at org.gradle.api.internal.tasks.execution.SkipTaskWithNoActionsExecuter.execute(SkipTaskWithNoActionsExecuter.java:52)
	at org.gradle.api.internal.tasks.execution.SkipOnlyIfTaskExecuter.execute(SkipOnlyIfTaskExecuter.java:53)
	at org.gradle.api.internal.tasks.execution.ExecuteAtMostOnceTaskExecuter.execute(ExecuteAtMostOnceTaskExecuter.java:43)
	at org.gradle.execution.taskgraph.DefaultTaskGraphExecuter$EventFiringTaskWorker.execute(DefaultTaskGraphExecuter.java:203)
	at org.gradle.execution.taskgraph.DefaultTaskGraphExecuter$EventFiringTaskWorker.execute(DefaultTaskGraphExecuter.java:185)
	at org.gradle.execution.taskgraph.AbstractTaskPlanExecutor$TaskExecutorWorker.processTask(AbstractTaskPlanExecutor.java:66)
	at org.gradle.execution.taskgraph.AbstractTaskPlanExecutor$TaskExecutorWorker.run(AbstractTaskPlanExecutor.java:50)
	at org.gradle.execution.taskgraph.DefaultTaskPlanExecutor.process(DefaultTaskPlanExecutor.java:25)
	at org.gradle.execution.taskgraph.DefaultTaskGraphExecuter.execute(DefaultTaskGraphExecuter.java:110)
	at org.gradle.execution.SelectedTaskExecutionAction.execute(SelectedTaskExecutionAction.java:37)
	at org.gradle.execution.DefaultBuildExecuter.execute(DefaultBuildExecuter.java:37)
	at org.gradle.execution.DefaultBuildExecuter.access$000(DefaultBuildExecuter.java:23)
	at org.gradle.execution.DefaultBuildExecuter$1.proceed(DefaultBuildExecuter.java:43)
	at org.gradle.execution.DryRunBuildExecutionAction.execute(DryRunBuildExecutionAction.java:32)
	at org.gradle.execution.DefaultBuildExecuter.execute(DefaultBuildExecuter.java:37)
	at org.gradle.execution.DefaultBuildExecuter.execute(DefaultBuildExecuter.java:30)
	at org.gradle.initialization.DefaultGradleLauncher$4.run(DefaultGradleLauncher.java:154)
	at org.gradle.internal.Factories$1.create(Factories.java:22)
	at org.gradle.internal.progress.DefaultBuildOperationExecutor.run(DefaultBuildOperationExecutor.java:90)
	at org.gradle.internal.progress.DefaultBuildOperationExecutor.run(DefaultBuildOperationExecutor.java:52)
	at org.gradle.initialization.DefaultGradleLauncher.doBuildStages(DefaultGradleLauncher.java:151)
	at org.gradle.initialization.DefaultGradleLauncher.access$200(DefaultGradleLauncher.java:32)
	at org.gradle.initialization.DefaultGradleLauncher$1.create(DefaultGradleLauncher.java:99)
	at org.gradle.initialization.DefaultGradleLauncher$1.create(DefaultGradleLauncher.java:93)
	at org.gradle.internal.progress.DefaultBuildOperationExecutor.run(DefaultBuildOperationExecutor.java:90)
	at org.gradle.internal.progress.DefaultBuildOperationExecutor.run(DefaultBuildOperationExecutor.java:62)
	at org.gradle.initialization.DefaultGradleLauncher.doBuild(DefaultGradleLauncher.java:93)
	at org.gradle.initialization.DefaultGradleLauncher.run(DefaultGradleLauncher.java:82)
	at org.gradle.launcher.exec.InProcessBuildActionExecuter$DefaultBuildController.run(InProcessBuildActionExecuter.java:94)
	at org.gradle.tooling.internal.provider.ExecuteBuildActionRunner.run(ExecuteBuildActionRunner.java:28)
	at org.gradle.launcher.exec.ChainingBuildActionRunner.run(ChainingBuildActionRunner.java:35)
	at org.gradle.launcher.exec.InProcessBuildActionExecuter.execute(InProcessBuildActionExecuter.java:43)
	at org.gradle.launcher.exec.InProcessBuildActionExecuter.execute(InProcessBuildActionExecuter.java:28)
	at org.gradle.launcher.exec.ContinuousBuildActionExecuter.execute(ContinuousBuildActionExecuter.java:78)
	at org.gradle.launcher.exec.ContinuousBuildActionExecuter.execute(ContinuousBuildActionExecuter.java:48)
	at org.gradle.launcher.exec.DaemonUsageSuggestingBuildActionExecuter.execute(DaemonUsageSuggestingBuildActionExecuter.java:51)
	at org.gradle.launcher.exec.DaemonUsageSuggestingBuildActionExecuter.execute(DaemonUsageSuggestingBuildActionExecuter.java:28)
	at org.gradle.launcher.cli.RunBuildAction.run(RunBuildAction.java:43)
	at org.gradle.internal.Actions$RunnableActionAdapter.execute(Actions.java:170)
	at org.gradle.launcher.cli.CommandLineActionFactory$ParseAndBuildAction.execute(CommandLineActionFactory.java:237)
	at org.gradle.launcher.cli.CommandLineActionFactory$ParseAndBuildAction.execute(CommandLineActionFactory.java:210)
	at org.gradle.launcher.cli.JavaRuntimeValidationAction.execute(JavaRuntimeValidationAction.java:35)
	at org.gradle.launcher.cli.JavaRuntimeValidationAction.execute(JavaRuntimeValidationAction.java:24)
	at org.gradle.launcher.cli.CommandLineActionFactory$WithLogging.execute(CommandLineActionFactory.java:206)
	at org.gradle.launcher.cli.CommandLineActionFactory$WithLogging.execute(CommandLineActionFactory.java:169)
	at org.gradle.launcher.cli.ExceptionReportingAction.execute(ExceptionReportingAction.java:33)
	at org.gradle.launcher.cli.ExceptionReportingAction.execute(ExceptionReportingAction.java:22)
	at org.gradle.launcher.Main.doAction(Main.java:33)
	at org.gradle.launcher.bootstrap.EntryPoint.run(EntryPoint.java:45)
	at org.gradle.launcher.bootstrap.ProcessBootstrap.runNoExit(ProcessBootstrap.java:54)
	at org.gradle.launcher.bootstrap.ProcessBootstrap.run(ProcessBootstrap.java:35)
	at org.gradle.launcher.GradleMain.main(GradleMain.java:23)
	at org.gradle.wrapper.BootstrapMainStarter.start(BootstrapMainStarter.java:30)
	at org.gradle.wrapper.WrapperExecutor.execute(WrapperExecutor.java:129)
	at org.gradle.wrapper.GradleWrapperMain.main(GradleWrapperMain.java:61)
Caused by: java.lang.RuntimeException: No toolchains found in the NDK toolchains folder for ABI with prefix: mipsel-linux-android
	at com.android.build.gradle.internal.NdkHandler.getDefaultToolchainVersion(NdkHandler.java:375)
	at com.android.build.gradle.internal.NdkHandler.getToolchainPath(NdkHandler.java:273)
	at com.android.build.gradle.internal.NdkHandler.getCCompiler(NdkHandler.java:461)
	at com.android.build.gradle.internal.model.ModelBuilder.createNativeToolchainModelMap(ModelBuilder.java:227)
	at com.android.build.gradle.internal.model.ModelBuilder.buildAll(ModelBuilder.java:166)
	at org.gradle.tooling.provider.model.ToolingModelBuilder$buildAll.call(Unknown Source)
	at com.android.build.gradle.tasks.Lint.createAndroidProject(Lint.groovy:256)
	at com.android.build.gradle.tasks.Lint.lint(Lint.groovy:73)
	at org.gradle.internal.reflect.JavaMethod.invoke(JavaMethod.java:75)
	at org.gradle.api.internal.project.taskfactory.AnnotationProcessingTaskFactory$StandardTaskAction.doExecute(AnnotationProcessingTaskFactory.java:227)
	at org.gradle.api.internal.project.taskfactory.AnnotationProcessingTaskFactory$StandardTaskAction.execute(AnnotationProcessingTaskFactory.java:220)
	at org.gradle.api.internal.project.taskfactory.AnnotationProcessingTaskFactory$StandardTaskAction.execute(AnnotationProcessingTaskFactory.java:209)
	at org.gradle.api.internal.AbstractTask$TaskActionWrapper.execute(AbstractTask.java:585)
	at org.gradle.api.internal.AbstractTask$TaskActionWrapper.execute(AbstractTask.java:568)
	at org.gradle.api.internal.tasks.execution.ExecuteActionsTaskExecuter.executeAction(ExecuteActionsTaskExecuter.java:80)
	at org.gradle.api.internal.tasks.execution.ExecuteActionsTaskExecuter.executeActions(ExecuteActionsTaskExecuter.java:61)
	... 60 more


BUILD FAILED

Total time: 18.811 secs

2018-11-18 22:18:45,680 INFO  ProjectTaskService - Detecting possible tasks...
2018-11-18 22:18:45,680 INFO  SysUtils - Execute command: [/var/folders/bq/vtzpc5ns5sg2cthy61lqpg3dfzgbys/T/1542554253532-0/src/Lettrine-master/gradlew, -b, /var/folders/bq/vtzpc5ns5sg2cthy61lqpg3dfzgbys/T/1542554253532-0/src/Lettrine-master/sample/build.gradle, -Dorg.gradle.daemon=false, -Dorg.gradle.daemon.performance.enable-monitoring=false, -Dorg.gradle.configureondemand=true, tasks]
2018-11-18 22:18:53,439 INFO  ProjectTaskService - Detected possible tasks: 69
2018-11-18 22:18:53,439 INFO  ProjectTaskService - Excluded tasks (19): lintDebug mockableAndroidJar deviceCheck lint testReleaseUnitTest uninstallRelease deviceAndroidTest uninstallDebugAndroidTest installDebugAndroidTest connectedCheck connectedDebugAndroidTest uninstallAll test check testDebugUnitTest connectedAndroidTest installDebug lintRelease uninstallDebug
2018-11-18 22:18:53,439 INFO  SysUtils - Execute command: [/var/folders/bq/vtzpc5ns5sg2cthy61lqpg3dfzgbys/T/1542554253532-0/src/Lettrine-master/gradlew, -b, /var/folders/bq/vtzpc5ns5sg2cthy61lqpg3dfzgbys/T/1542554253532-0/src/Lettrine-master/sample/build.gradle, -Dorg.gradle.daemon=false, -Dorg.gradle.daemon.performance.enable-monitoring=false, -Dorg.gradle.configureondemand=true, --stacktrace, -x, lintDebug, -x, mockableAndroidJar, -x, deviceCheck, -x, lint, -x, testReleaseUnitTest, -x, uninstallRelease, -x, deviceAndroidTest, -x, uninstallDebugAndroidTest, -x, installDebugAndroidTest, -x, connectedCheck, -x, connectedDebugAndroidTest, -x, uninstallAll, -x, test, -x, check, -x, testDebugUnitTest, -x, connectedAndroidTest, -x, installDebug, -x, lintRelease, -x, uninstallDebug, build]
2018-11-18 22:19:15,659 ERROR SysUtils - Could not process external command
org.apache.commons.exec.ExecuteException: Process exited with an error: 1 (Exit value: 1)
	at org.apache.commons.exec.DefaultExecutor.executeInternal(DefaultExecutor.java:404)
	at org.apache.commons.exec.DefaultExecutor.execute(DefaultExecutor.java:166)
	at com.github.vbauer.apkmaster.util.SysUtils.execute(SysUtils.java:67)
	at com.github.vbauer.apkmaster.util.SysUtils.executeSimple(SysUtils.java:43)
	at com.github.vbauer.apkmaster.service.assembly.ProjectBuildService.buildProject(ProjectBuildService.java:78)
	at com.github.vbauer.apkmaster.service.assembly.ProjectBuildService.buildProject(ProjectBuildService.java:64)
	at com.github.vbauer.apkmaster.service.assembly.ProjectBuildService.buildProject(ProjectBuildService.java:43)
	at com.github.vbauer.apkmaster.service.FullProcessService.build(FullProcessService.java:84)
	at com.github.vbauer.apkmaster.service.FullProcessService.process(FullProcessService.java:34)
	at com.github.vbauer.apkmaster.app.MainApplication.process(MainApplication.java:38)
	at com.github.vbauer.apkmaster.app.MainApplication.main(MainApplication.java:20)
	at sun.reflect.GeneratedMethodAccessor9.invoke(Unknown Source)
	at sun.reflect.DelegatingMethodAccessorImpl.invoke(DelegatingMethodAccessorImpl.java:43)
	at java.lang.reflect.Method.invoke(Method.java:498)
	at com.android.arsenal.util.ReflectionUtils.invoke(ReflectionUtils.java:52)
	at com.android.arsenal.util.ApkMasterUtils.main(ApkMasterUtils.java:30)
	at com.android.arsenal.service.processor.impl.BuildProcessorServiceImpl.buildProject(BuildProcessorServiceImpl.java:196)
	at com.android.arsenal.service.processor.impl.BuildProcessorServiceImpl.build(BuildProcessorServiceImpl.java:130)
	at com.android.arsenal.service.processor.impl.BuildProcessorServiceImpl.lambda$createTasks$1(BuildProcessorServiceImpl.java:113)
	at java.util.concurrent.FutureTask.run(FutureTask.java:266)
	at java.util.concurrent.Executors$RunnableAdapter.call(Executors.java:511)
	at java.util.concurrent.FutureTask.run(FutureTask.java:266)
	at java.util.concurrent.ThreadPoolExecutor.runWorker(ThreadPoolExecutor.java:1149)
	at java.util.concurrent.ThreadPoolExecutor$Worker.run(ThreadPoolExecutor.java:624)
	at java.lang.Thread.run(Thread.java:748)
2018-11-18 22:19:15,660 INFO  SysUtils - Configuration on demand is an incubating feature.
Incremental java compilation is an incubating feature.
:lettrine:preBuild UP-TO-DATE
:lettrine:preReleaseBuild UP-TO-DATE
:lettrine:compileReleaseNdk UP-TO-DATE
:lettrine:compileLint
:lettrine:copyReleaseLint UP-TO-DATE
:lettrine:checkReleaseManifest
:lettrine:preDebugAndroidTestBuild UP-TO-DATE
:lettrine:preDebugBuild UP-TO-DATE
:lettrine:preDebugUnitTestBuild UP-TO-DATE
:lettrine:preReleaseUnitTestBuild UP-TO-DATE
:lettrine:prepareComAndroidSupportAnimatedVectorDrawable2330Library UP-TO-DATE
:lettrine:prepareComAndroidSupportAppcompatV72330Library UP-TO-DATE
:lettrine:prepareComAndroidSupportSupportV42330Library UP-TO-DATE
:lettrine:prepareComAndroidSupportSupportVectorDrawable2330Library UP-TO-DATE
:lettrine:prepareReleaseDependencies
:lettrine:compileReleaseAidl UP-TO-DATE
:lettrine:compileReleaseRenderscript UP-TO-DATE
:lettrine:generateReleaseBuildConfig UP-TO-DATE
:lettrine:mergeReleaseShaders UP-TO-DATE
:lettrine:compileReleaseShaders UP-TO-DATE
:lettrine:generateReleaseAssets UP-TO-DATE
:lettrine:mergeReleaseAssets UP-TO-DATE
:lettrine:generateReleaseResValues UP-TO-DATE
:lettrine:generateReleaseResources UP-TO-DATE
:lettrine:mergeReleaseResources UP-TO-DATE
:lettrine:processReleaseManifest UP-TO-DATE
:lettrine:processReleaseResources UP-TO-DATE
:lettrine:generateReleaseSources UP-TO-DATE
:lettrine:incrementalReleaseJavaCompilationSafeguard UP-TO-DATE
:lettrine:compileReleaseKotlin
:lettrine:compileReleaseJavaWithJavac UP-TO-DATE
:lettrine:extractReleaseAnnotations UP-TO-DATE
:lettrine:mergeReleaseProguardFiles UP-TO-DATE
:lettrine:packageReleaseRenderscript UP-TO-DATE
:lettrine:packageReleaseResources UP-TO-DATE
:lettrine:processReleaseJavaRes UP-TO-DATE
:lettrine:transformResourcesWithMergeJavaResForRelease UP-TO-DATE
:lettrine:transformClassesAndResourcesWithSyncLibJarsForRelease UP-TO-DATE
:lettrine:mergeReleaseJniLibFolders UP-TO-DATE
:lettrine:transformNative_libsWithMergeJniLibsForRelease UP-TO-DATE
:lettrine:transformNative_libsWithSyncJniLibsForRelease UP-TO-DATE
:lettrine:bundleRelease UP-TO-DATE
:sample:preBuild UP-TO-DATE
:sample:preDebugBuild UP-TO-DATE
:sample:checkDebugManifest
:sample:preReleaseBuild UP-TO-DATE
:sample:prepareComAndroidSupportAnimatedVectorDrawable2330Library
:sample:prepareComAndroidSupportAppcompatV72330Library
:sample:prepareComAndroidSupportSupportV42330Library
:sample:prepareComAndroidSupportSupportVectorDrawable2330Library
:sample:prepareLettrineMasterLettrineUnspecifiedLibrary
:sample:prepareDebugDependencies
:sample:compileDebugAidl
:sample:compileDebugRenderscript
:sample:generateDebugBuildConfig
:sample:mergeDebugShaders
:sample:compileDebugShaders
:sample:generateDebugAssets
:sample:mergeDebugAssets
:sample:generateDebugResValues
:sample:generateDebugResources
:sample:mergeDebugResources
:sample:processDebugManifest
:sample:processDebugResources
:sample:generateDebugSources
:sample:incrementalDebugJavaCompilationSafeguard
:sample:compileDebugJavaWithJavac
:sample:compileDebugJavaWithJavac - is not incremental (e.g. outputs have changed, no previous execution, etc.).
:sample:compileDebugNdk UP-TO-DATE
:sample:compileDebugSources
:sample:prePackageMarkerForDebug
:sample:transformClassesWithDexForDebug
Merged dex #1 (7 defs/18.4KiB)
Merged dex #2 (78 defs/125.0KiB)
Merged dex #3 (142 defs/240.7KiB)
Merged dex #4 (5 defs/15.3KiB)
Merged dex #5 (329 defs/536.4KiB)
Merged dex #6 (770 defs/937.2KiB)
Merged dex #7 (17 defs/48.5KiB)
Merged dex #8 (42 defs/104.0KiB)
Merged dex #9 (333 defs/262.4KiB)
Merged dex #10 (202 defs/134.7KiB)
Merged dex #11 (299 defs/967.2KiB)
Merged dex #12 (41 defs/6.5KiB)
Result is 2265 defs/4171.6KiB. Took 0.3s
:sample:mergeDebugJniLibFolders
:sample:transformNative_libsWithMergeJniLibsForDebug
:sample:processDebugJavaRes UP-TO-DATE
:sample:transformResourcesWithMergeJavaResForDebug
:sample:validateDebugSigning
:sample:packageDebug
:sample:zipalignDebug
:sample:assembleDebug
:sample:checkReleaseManifest
:sample:prepareReleaseDependencies
:sample:compileReleaseAidl
:sample:compileReleaseRenderscript
:sample:generateReleaseBuildConfig
:sample:mergeReleaseShaders
:sample:compileReleaseShaders
:sample:generateReleaseAssets
:sample:mergeReleaseAssets
:sample:generateReleaseResValues
:sample:generateReleaseResources
:sample:mergeReleaseResources
:sample:processReleaseManifest
:sample:processReleaseResources
:sample:generateReleaseSources
:sample:incrementalReleaseJavaCompilationSafeguard
:sample:compileReleaseJavaWithJavac
:sample:compileReleaseJavaWithJavac - is not incremental (e.g. outputs have changed, no previous execution, etc.).
:sample:compileReleaseNdk UP-TO-DATE
:sample:compileReleaseSources
:sample:lintVitalRelease FAILED

FAILURE: Build failed with an exception.

* What went wrong:
Execution failed for task ':sample:lintVitalRelease'.
> No toolchains found in the NDK toolchains folder for ABI with prefix: mipsel-linux-android

* Try:
Run with --info or --debug option to get more log output.

* Exception is:
org.gradle.api.tasks.TaskExecutionException: Execution failed for task ':sample:lintVitalRelease'.
	at org.gradle.api.internal.tasks.execution.ExecuteActionsTaskExecuter.executeActions(ExecuteActionsTaskExecuter.java:69)
	at org.gradle.api.internal.tasks.execution.ExecuteActionsTaskExecuter.execute(ExecuteActionsTaskExecuter.java:46)
	at org.gradle.api.internal.tasks.execution.PostExecutionAnalysisTaskExecuter.execute(PostExecutionAnalysisTaskExecuter.java:35)
	at org.gradle.api.internal.tasks.execution.SkipUpToDateTaskExecuter.execute(SkipUpToDateTaskExecuter.java:64)
	at org.gradle.api.internal.tasks.execution.ValidatingTaskExecuter.execute(ValidatingTaskExecuter.java:58)
	at org.gradle.api.internal.tasks.execution.SkipEmptySourceFilesTaskExecuter.execute(SkipEmptySourceFilesTaskExecuter.java:52)
	at org.gradle.api.internal.tasks.execution.SkipTaskWithNoActionsExecuter.execute(SkipTaskWithNoActionsExecuter.java:52)
	at org.gradle.api.internal.tasks.execution.SkipOnlyIfTaskExecuter.execute(SkipOnlyIfTaskExecuter.java:53)
	at org.gradle.api.internal.tasks.execution.ExecuteAtMostOnceTaskExecuter.execute(ExecuteAtMostOnceTaskExecuter.java:43)
	at org.gradle.execution.taskgraph.DefaultTaskGraphExecuter$EventFiringTaskWorker.execute(DefaultTaskGraphExecuter.java:203)
	at org.gradle.execution.taskgraph.DefaultTaskGraphExecuter$EventFiringTaskWorker.execute(DefaultTaskGraphExecuter.java:185)
	at org.gradle.execution.taskgraph.AbstractTaskPlanExecutor$TaskExecutorWorker.processTask(AbstractTaskPlanExecutor.java:66)
	at org.gradle.execution.taskgraph.AbstractTaskPlanExecutor$TaskExecutorWorker.run(AbstractTaskPlanExecutor.java:50)
	at org.gradle.execution.taskgraph.DefaultTaskPlanExecutor.process(DefaultTaskPlanExecutor.java:25)
	at org.gradle.execution.taskgraph.DefaultTaskGraphExecuter.execute(DefaultTaskGraphExecuter.java:110)
	at org.gradle.execution.SelectedTaskExecutionAction.execute(SelectedTaskExecutionAction.java:37)
	at org.gradle.execution.DefaultBuildExecuter.execute(DefaultBuildExecuter.java:37)
	at org.gradle.execution.DefaultBuildExecuter.access$000(DefaultBuildExecuter.java:23)
	at org.gradle.execution.DefaultBuildExecuter$1.proceed(DefaultBuildExecuter.java:43)
	at org.gradle.execution.DryRunBuildExecutionAction.execute(DryRunBuildExecutionAction.java:32)
	at org.gradle.execution.DefaultBuildExecuter.execute(DefaultBuildExecuter.java:37)
	at org.gradle.execution.DefaultBuildExecuter.execute(DefaultBuildExecuter.java:30)
	at org.gradle.initialization.DefaultGradleLauncher$4.run(DefaultGradleLauncher.java:154)
	at org.gradle.internal.Factories$1.create(Factories.java:22)
	at org.gradle.internal.progress.DefaultBuildOperationExecutor.run(DefaultBuildOperationExecutor.java:90)
	at org.gradle.internal.progress.DefaultBuildOperationExecutor.run(DefaultBuildOperationExecutor.java:52)
	at org.gradle.initialization.DefaultGradleLauncher.doBuildStages(DefaultGradleLauncher.java:151)
	at org.gradle.initialization.DefaultGradleLauncher.access$200(DefaultGradleLauncher.java:32)
	at org.gradle.initialization.DefaultGradleLauncher$1.create(DefaultGradleLauncher.java:99)
	at org.gradle.initialization.DefaultGradleLauncher$1.create(DefaultGradleLauncher.java:93)
	at org.gradle.internal.progress.DefaultBuildOperationExecutor.run(DefaultBuildOperationExecutor.java:90)
	at org.gradle.internal.progress.DefaultBuildOperationExecutor.run(DefaultBuildOperationExecutor.java:62)
	at org.gradle.initialization.DefaultGradleLauncher.doBuild(DefaultGradleLauncher.java:93)
	at org.gradle.initialization.DefaultGradleLauncher.run(DefaultGradleLauncher.java:82)
	at org.gradle.launcher.exec.InProcessBuildActionExecuter$DefaultBuildController.run(InProcessBuildActionExecuter.java:94)
	at org.gradle.tooling.internal.provider.ExecuteBuildActionRunner.run(ExecuteBuildActionRunner.java:28)
	at org.gradle.launcher.exec.ChainingBuildActionRunner.run(ChainingBuildActionRunner.java:35)
	at org.gradle.launcher.exec.InProcessBuildActionExecuter.execute(InProcessBuildActionExecuter.java:43)
	at org.gradle.launcher.exec.InProcessBuildActionExecuter.execute(InProcessBuildActionExecuter.java:28)
	at org.gradle.launcher.exec.ContinuousBuildActionExecuter.execute(ContinuousBuildActionExecuter.java:78)
	at org.gradle.launcher.exec.ContinuousBuildActionExecuter.execute(ContinuousBuildActionExecuter.java:48)
	at org.gradle.launcher.exec.DaemonUsageSuggestingBuildActionExecuter.execute(DaemonUsageSuggestingBuildActionExecuter.java:51)
	at org.gradle.launcher.exec.DaemonUsageSuggestingBuildActionExecuter.execute(DaemonUsageSuggestingBuildActionExecuter.java:28)
	at org.gradle.launcher.cli.RunBuildAction.run(RunBuildAction.java:43)
	at org.gradle.internal.Actions$RunnableActionAdapter.execute(Actions.java:170)
	at org.gradle.launcher.cli.CommandLineActionFactory$ParseAndBuildAction.execute(CommandLineActionFactory.java:237)
	at org.gradle.launcher.cli.CommandLineActionFactory$ParseAndBuildAction.execute(CommandLineActionFactory.java:210)
	at org.gradle.launcher.cli.JavaRuntimeValidationAction.execute(JavaRuntimeValidationAction.java:35)
	at org.gradle.launcher.cli.JavaRuntimeValidationAction.execute(JavaRuntimeValidationAction.java:24)
	at org.gradle.launcher.cli.CommandLineActionFactory$WithLogging.execute(CommandLineActionFactory.java:206)
	at org.gradle.launcher.cli.CommandLineActionFactory$WithLogging.execute(CommandLineActionFactory.java:169)
	at org.gradle.launcher.cli.ExceptionReportingAction.execute(ExceptionReportingAction.java:33)
	at org.gradle.launcher.cli.ExceptionReportingAction.execute(ExceptionReportingAction.java:22)
	at org.gradle.launcher.Main.doAction(Main.java:33)
	at org.gradle.launcher.bootstrap.EntryPoint.run(EntryPoint.java:45)
	at org.gradle.launcher.bootstrap.ProcessBootstrap.runNoExit(ProcessBootstrap.java:54)
	at org.gradle.launcher.bootstrap.ProcessBootstrap.run(ProcessBootstrap.java:35)
	at org.gradle.launcher.GradleMain.main(GradleMain.java:23)
	at org.gradle.wrapper.BootstrapMainStarter.start(BootstrapMainStarter.java:30)
	at org.gradle.wrapper.WrapperExecutor.execute(WrapperExecutor.java:129)
	at org.gradle.wrapper.GradleWrapperMain.main(GradleWrapperMain.java:61)
Caused by: java.lang.RuntimeException: No toolchains found in the NDK toolchains folder for ABI with prefix: mipsel-linux-android
	at com.android.build.gradle.internal.NdkHandler.getDefaultToolchainVersion(NdkHandler.java:375)
	at com.android.build.gradle.internal.NdkHandler.getToolchainPath(NdkHandler.java:273)
	at com.android.build.gradle.internal.NdkHandler.getCCompiler(NdkHandler.java:461)
	at com.android.build.gradle.internal.model.ModelBuilder.createNativeToolchainModelMap(ModelBuilder.java:227)
	at com.android.build.gradle.internal.model.ModelBuilder.buildAll(ModelBuilder.java:166)
	at org.gradle.tooling.provider.model.ToolingModelBuilder$buildAll.call(Unknown Source)
	at com.android.build.gradle.tasks.Lint.createAndroidProject(Lint.groovy:256)
	at com.android.build.gradle.tasks.Lint.lint(Lint.groovy:73)
	at org.gradle.internal.reflect.JavaMethod.invoke(JavaMethod.java:75)
	at org.gradle.api.internal.project.taskfactory.AnnotationProcessingTaskFactory$StandardTaskAction.doExecute(AnnotationProcessingTaskFactory.java:227)
	at org.gradle.api.internal.project.taskfactory.AnnotationProcessingTaskFactory$StandardTaskAction.execute(AnnotationProcessingTaskFactory.java:220)
	at org.gradle.api.internal.project.taskfactory.AnnotationProcessingTaskFactory$StandardTaskAction.execute(AnnotationProcessingTaskFactory.java:209)
	at org.gradle.api.internal.AbstractTask$TaskActionWrapper.execute(AbstractTask.java:585)
	at org.gradle.api.internal.AbstractTask$TaskActionWrapper.execute(AbstractTask.java:568)
	at org.gradle.api.internal.tasks.execution.ExecuteActionsTaskExecuter.executeAction(ExecuteActionsTaskExecuter.java:80)
	at org.gradle.api.internal.tasks.execution.ExecuteActionsTaskExecuter.executeActions(ExecuteActionsTaskExecuter.java:61)
	... 60 more


BUILD FAILED

Total time: 21.579 secs

2018-11-18 22:19:15,767 INFO  FullProcessService - Found APK file: /var/folders/bq/vtzpc5ns5sg2cthy61lqpg3dfzgbys/T/1542554253532-0/src/Lettrine-master/sample/build/outputs/apk/sample-debug-unaligned.apk
